#
# There is insufficient memory for the Java Runtime Environment to continue.
# Native memory allocation (malloc) failed to allocate 460976 bytes for Chunk::new
# Possible reasons:
#   The system is out of physical RAM or swap space
#   In 32 bit mode, the process size limit was hit
# Possible solutions:
#   Reduce memory load on the system
#   Increase physical memory or swap space
#   Check if swap backing store is full
#   Use 64 bit Java on a 64 bit OS
#   Decrease Java heap size (-Xmx/-Xms)
#   Decrease number of Java threads
#   Decrease Java thread stack sizes (-Xss)
#   Set larger code cache with -XX:ReservedCodeCacheSize=
# This output file may be truncated or incomplete.
#
#  Out of Memory Error (allocation.cpp:390), pid=16684, tid=0x00000000000031ec
#
# JRE version: OpenJDK Runtime Environment (8.0_152-b01) (build 1.8.0_152-release-915-b01)
# Java VM: OpenJDK 64-Bit Server VM (25.152-b01 mixed mode windows-amd64 compressed oops)
# Failed to write core dump. Minidumps are not enabled by default on client versions of Windows
#

---------------  T H R E A D  ---------------

Current thread (0x000000001b98f800):  JavaThread "C2 CompilerThread1" daemon [_thread_in_native, id=12780, stack(0x000000001d1c0000,0x000000001d2c0000)]

Stack: [0x000000001d1c0000,0x000000001d2c0000]
[error occurred during error reporting (printing stack bounds), id 0xc0000005]

Native frames: (J=compiled Java code, j=interpreted, Vv=VM code, C=native code)


Current CompileTask:
C2:   3220 1502       4       com.android.dx.ssa.SCCP::simulateBranch (666 bytes)


---------------  P R O C E S S  ---------------

Java Threads: ( => current thread )
  0x000000001d6a5800 JavaThread "pool-2-thread-4" [_thread_in_Java, id=8056, stack(0x000000001ddc0000,0x000000001dec0000)]
  0x000000001d62b000 JavaThread "pool-2-thread-3" [_thread_in_Java, id=17044, stack(0x000000001dcc0000,0x000000001ddc0000)]
  0x000000001d679000 JavaThread "pool-2-thread-2" [_thread_in_Java, id=96, stack(0x000000001dbc0000,0x000000001dcc0000)]
  0x000000001d619000 JavaThread "pool-3-thread-1" [_thread_blocked, id=14860, stack(0x000000001dac0000,0x000000001dbc0000)]
  0x000000001d634800 JavaThread "pool-2-thread-1" [_thread_in_Java, id=15468, stack(0x000000001d9c0000,0x000000001dac0000)]
  0x000000001d3df800 JavaThread "Service Thread" daemon [_thread_blocked, id=3768, stack(0x000000001d7c0000,0x000000001d8c0000)]
  0x000000001b994800 JavaThread "C1 CompilerThread2" daemon [_thread_blocked, id=13144, stack(0x000000001d2c0000,0x000000001d3c0000)]
=>0x000000001b98f800 JavaThread "C2 CompilerThread1" daemon [_thread_in_native, id=12780, stack(0x000000001d1c0000,0x000000001d2c0000)]
  0x000000001b93e000 JavaThread "C2 CompilerThread0" daemon [_thread_in_native, id=15452, stack(0x000000001d0c0000,0x000000001d1c0000)]
  0x000000001b93c800 JavaThread "Attach Listener" daemon [_thread_blocked, id=7308, stack(0x000000001cfc0000,0x000000001d0c0000)]
  0x000000001b93b800 JavaThread "Signal Dispatcher" daemon [_thread_blocked, id=16176, stack(0x000000001cec0000,0x000000001cfc0000)]
  0x000000000221d800 JavaThread "Finalizer" daemon [_thread_blocked, id=16100, stack(0x000000001cb90000,0x000000001cc90000)]
  0x0000000002212800 JavaThread "Reference Handler" daemon [_thread_blocked, id=4176, stack(0x000000001ca90000,0x000000001cb90000)]
  0x00000000008de000 JavaThread "main" [_thread_in_native, id=9332, stack(0x0000000002020000,0x0000000002120000)]

Other Threads:
  0x000000001b905000 VMThread [stack: 0x000000001c990000,0x000000001ca90000] [id=12384]
  0x000000001d3e0000 WatcherThread [stack: 0x000000001d8c0000,0x000000001d9c0000] [id=9880]

VM state:not at safepoint (normal execution)

VM Mutex/Monitor currently owned by a thread: None

Heap:
 PSYoungGen      total 38400K, used 34807K [0x000000076ab00000, 0x000000076d580000, 0x00000007c0000000)
  eden space 33280K, 89% used [0x000000076ab00000,0x000000076c802eb0,0x000000076cb80000)
  from space 5120K, 99% used [0x000000076cb80000,0x000000076d07aed0,0x000000076d080000)
  to   space 5120K, 0% used [0x000000076d080000,0x000000076d080000,0x000000076d580000)
 ParOldGen       total 87552K, used 1373K [0x00000006c0000000, 0x00000006c5580000, 0x000000076ab00000)
  object space 87552K, 1% used [0x00000006c0000000,0x00000006c01574c8,0x00000006c5580000)
 Metaspace       used 6092K, capacity 7088K, committed 7296K, reserved 1056768K
  class space    used 576K, capacity 616K, committed 640K, reserved 1048576K

Card table byte_map: [0x00000000115e0000,0x0000000011df0000] byte_map_base: 0x000000000dfe0000

Marking Bits: (ParMarkBitMap*) 0x00000000510e3950
 Begin Bits: [0x0000000012750000, 0x0000000016750000)
 End Bits:   [0x0000000016750000, 0x000000001a750000)

Polling page: 0x00000000008a0000

CodeCache: size=245760Kb used=6589Kb max_used=6589Kb free=239170Kb
 bounds [0x0000000002220000, 0x00000000028a0000, 0x0000000011220000]
 total_blobs=1780 nmethods=1518 adapters=176
 compilation: enabled

Compilation events (10 events):
Event: 3.213 Thread 0x000000001b994800 1527       2       com.android.dx.ssa.back.FirstFitLocalCombiningAllocator$1::processInsn (169 bytes)
Event: 3.214 Thread 0x000000001b994800 nmethod 1527 0x0000000002892690 code [0x0000000002892900, 0x0000000002893448]
Event: 3.214 Thread 0x000000001b994800 1528       2       com.android.dx.rop.code.Rops::opMarkLocal (69 bytes)
Event: 3.214 Thread 0x000000001b994800 nmethod 1528 0x000000000288b510 code [0x000000000288b6e0, 0x000000000288bbd8]
Event: 3.214 Thread 0x000000001b994800 1529       2       com.android.dx.rop.annotation.NameValuePair::<init> (43 bytes)
Event: 3.214 Thread 0x000000001b994800 nmethod 1529 0x000000000288af50 code [0x000000000288b0e0, 0x000000000288b3b8]
Event: 3.216 Thread 0x000000001b994800 1530       2       com.android.dx.ssa.back.FirstFitLocalCombiningAllocator::access$100 (5 bytes)
Event: 3.216 Thread 0x000000001b994800 nmethod 1530 0x000000000288ac10 code [0x000000000288ad60, 0x000000000288aeb0]
Event: 3.216 Thread 0x000000001b994800 1531       2       com.android.dx.ssa.back.FirstFitLocalCombiningAllocator::isEven (12 bytes)
Event: 3.216 Thread 0x000000001b994800 nmethod 1531 0x0000000002894050 code [0x00000000028941a0, 0x00000000028942f0]

GC Heap History (2 events):
Event: 2.403 GC heap before
{Heap before GC invocations=1 (full 0):
 PSYoungGen      total 38400K, used 33280K [0x000000076ab00000, 0x000000076d580000, 0x00000007c0000000)
  eden space 33280K, 100% used [0x000000076ab00000,0x000000076cb80000,0x000000076cb80000)
  from space 5120K, 0% used [0x000000076d080000,0x000000076d080000,0x000000076d580000)
  to   space 5120K, 0% used [0x000000076cb80000,0x000000076cb80000,0x000000076d080000)
 ParOldGen       total 87552K, used 0K [0x00000006c0000000, 0x00000006c5580000, 0x000000076ab00000)
  object space 87552K, 0% used [0x00000006c0000000,0x00000006c0000000,0x00000006c5580000)
 Metaspace       used 5970K, capacity 6960K, committed 7040K, reserved 1056768K
  class space    used 576K, capacity 616K, committed 640K, reserved 1048576K
Event: 2.668 GC heap after
Heap after GC invocations=1 (full 0):
 PSYoungGen      total 38400K, used 5099K [0x000000076ab00000, 0x000000076d580000, 0x00000007c0000000)
  eden space 33280K, 0% used [0x000000076ab00000,0x000000076ab00000,0x000000076cb80000)
  from space 5120K, 99% used [0x000000076cb80000,0x000000076d07aed0,0x000000076d080000)
  to   space 5120K, 0% used [0x000000076d080000,0x000000076d080000,0x000000076d580000)
 ParOldGen       total 87552K, used 1373K [0x00000006c0000000, 0x00000006c5580000, 0x000000076ab00000)
  object space 87552K, 1% used [0x00000006c0000000,0x00000006c01574c8,0x00000006c5580000)
 Metaspace       used 5970K, capacity 6960K, committed 7040K, reserved 1056768K
  class space    used 576K, capacity 616K, committed 640K, reserved 1048576K
}

Deoptimization events (10 events):
Event: 2.683 Thread 0x000000001d6a5800 Uncommon trap: reason=class_check action=maybe_recompile pc=0x000000000268f34c method=java.util.HashMap.putVal(ILjava/lang/Object;Ljava/lang/Object;ZZ)Ljava/lang/Object; @ 203
Event: 2.683 Thread 0x000000001d6a5800 Uncommon trap: reason=bimorphic action=maybe_recompile pc=0x0000000002482d34 method=java.util.HashMap.getNode(ILjava/lang/Object;)Ljava/util/HashMap$Node; @ 126
Event: 2.683 Thread 0x000000001d6a5800 Uncommon trap: reason=bimorphic action=maybe_recompile pc=0x0000000002482d34 method=java.util.HashMap.getNode(ILjava/lang/Object;)Ljava/util/HashMap$Node; @ 126
Event: 2.683 Thread 0x000000001d6a5800 Uncommon trap: reason=bimorphic action=maybe_recompile pc=0x000000000244c3fc method=java.util.HashMap.getNode(ILjava/lang/Object;)Ljava/util/HashMap$Node; @ 126
Event: 2.791 Thread 0x000000001d6a5800 Uncommon trap: reason=unstable_if action=reinterpret pc=0x0000000002603b5c method=com.android.dx.ssa.SsaMethod.updateOneDefinition(Lcom/android/dx/ssa/SsaInsn;Lcom/android/dx/rop/code/RegisterSpec;)V @ 4
Event: 3.206 Thread 0x000000001d634800 Uncommon trap: reason=bimorphic action=maybe_recompile pc=0x00000000028652d8 method=com.android.dx.ssa.SCCP.simulatePhi(Lcom/android/dx/ssa/PhiInsn;)V @ 124
Event: 3.206 Thread 0x000000001d634800 Uncommon trap: reason=bimorphic action=maybe_recompile pc=0x00000000028652d8 method=com.android.dx.ssa.SCCP.simulatePhi(Lcom/android/dx/ssa/PhiInsn;)V @ 124
Event: 3.206 Thread 0x000000001d634800 Uncommon trap: reason=bimorphic action=maybe_recompile pc=0x00000000028652d8 method=com.android.dx.ssa.SCCP.simulatePhi(Lcom/android/dx/ssa/PhiInsn;)V @ 124
Event: 3.206 Thread 0x000000001d634800 Uncommon trap: reason=bimorphic action=maybe_recompile pc=0x00000000028652d8 method=com.android.dx.ssa.SCCP.simulatePhi(Lcom/android/dx/ssa/PhiInsn;)V @ 124
Event: 3.212 Thread 0x000000001d62b000 Uncommon trap: reason=unstable_if action=reinterpret pc=0x000000000281ee70 method=com.android.dx.rop.code.DexTranslationAdvice.requiresSourcesInOrder(Lcom/android/dx/rop/code/Rop;Lcom/android/dx/rop/code/RegisterSpecList;)Z @ 21

Classes redefined (0 events):
No events

Internal exceptions (3 events):
Event: 0.031 Thread 0x00000000008de000 Exception <a 'java/lang/NoSuchMethodError': Method sun.misc.Unsafe.defineClass(Ljava/lang/String;[BII)Ljava/lang/Class; name or signature does not match> (0x000000076ab07ca8) thrown at [D:\src\AOSP-openjdk-cygwin\jdk8u\hotspot\src\share\vm\prims\jni.cpp, 
Event: 0.031 Thread 0x00000000008de000 Exception <a 'java/lang/NoSuchMethodError': Method sun.misc.Unsafe.prefetchRead(Ljava/lang/Object;J)V name or signature does not match> (0x000000076ab07f90) thrown at [D:\src\AOSP-openjdk-cygwin\jdk8u\hotspot\src\share\vm\prims\jni.cpp, line 4011]
Event: 1.413 Thread 0x00000000008de000 Implicit null exception at 0x00000000024ba455 to 0x00000000024bd659

Events (10 events):
Event: 3.206 Thread 0x000000001d634800 DEOPT UNPACKING pc=0x000000000226556a sp=0x000000001dabea98 mode 2
Event: 3.206 Thread 0x000000001d634800 Uncommon trap: trap_request=0xffffffc6 fr.pc=0x00000000028652d8
Event: 3.206 Thread 0x000000001d634800 DEOPT PACKING pc=0x00000000028652d8 sp=0x000000001dabead0
Event: 3.206 Thread 0x000000001d634800 DEOPT UNPACKING pc=0x000000000226556a sp=0x000000001dabea98 mode 2
Event: 3.206 Thread 0x000000001d634800 Uncommon trap: trap_request=0xffffffc6 fr.pc=0x00000000028652d8
Event: 3.206 Thread 0x000000001d634800 DEOPT PACKING pc=0x00000000028652d8 sp=0x000000001dabeb20
Event: 3.206 Thread 0x000000001d634800 DEOPT UNPACKING pc=0x000000000226556a sp=0x000000001dabeae8 mode 2
Event: 3.212 Thread 0x000000001d62b000 Uncommon trap: trap_request=0xffffff65 fr.pc=0x000000000281ee70
Event: 3.212 Thread 0x000000001d62b000 DEOPT PACKING pc=0x000000000281ee70 sp=0x000000001ddbe700
Event: 3.212 Thread 0x000000001d62b000 DEOPT UNPACKING pc=0x000000000226556a sp=0x000000001ddbe680 mode 2


Dynamic libraries:
0x00007ff6dd2a0000 - 0x00007ff6dd2d1000 	C:\Program Files\Android\Android Studio\jre\bin\java.exe
0x00007ffba6a40000 - 0x00007ffba6bec000 	C:\Windows\SYSTEM32\ntdll.dll
0x00007ffba4300000 - 0x00007ffba443e000 	C:\Windows\system32\KERNEL32.DLL
0x00007ffba3cc0000 - 0x00007ffba3dd5000 	C:\Windows\system32\KERNELBASE.dll
0x00007ffba6450000 - 0x00007ffba64fa000 	C:\Windows\system32\ADVAPI32.dll
0x00007ffba40c0000 - 0x00007ffba4237000 	C:\Windows\system32\USER32.dll
0x00007ffba12f0000 - 0x00007ffba156b000 	C:\Windows\WinSxS\amd64_microsoft.windows.common-controls_6595b64144ccf1df_6.0.9600.17415_none_6240486fecbd8abb\COMCTL32.dll
0x00007ffba45a0000 - 0x00007ffba464a000 	C:\Windows\system32\msvcrt.dll
0x00007ffba5bb0000 - 0x00007ffba5c09000 	C:\Windows\SYSTEM32\sechost.dll
0x00007ffba66c0000 - 0x00007ffba6801000 	C:\Windows\system32\RPCRT4.dll
0x00007ffba5dd0000 - 0x00007ffba5f21000 	C:\Windows\system32\GDI32.dll
0x00007ffba5b70000 - 0x00007ffba5ba6000 	C:\Windows\system32\IMM32.DLL
0x00007ffba4440000 - 0x00007ffba4593000 	C:\Windows\system32\MSCTF.dll
0x0000000050840000 - 0x0000000050912000 	C:\Program Files\Android\Android Studio\jre\jre\bin\msvcr100.dll
0x0000000050920000 - 0x000000005115e000 	C:\Program Files\Android\Android Studio\jre\jre\bin\server\jvm.dll
0x00007ffb9d940000 - 0x00007ffb9d949000 	C:\Windows\SYSTEM32\WSOCK32.dll
0x00007ffb99590000 - 0x00007ffb995b2000 	C:\Windows\SYSTEM32\WINMM.dll
0x00007ffb9d120000 - 0x00007ffb9d12a000 	C:\Windows\SYSTEM32\VERSION.dll
0x00007ffba5c10000 - 0x00007ffba5c17000 	C:\Windows\system32\PSAPI.DLL
0x00007ffba6520000 - 0x00007ffba657a000 	C:\Windows\system32\WS2_32.dll
0x00007ffb993e0000 - 0x00007ffb9940a000 	C:\Windows\SYSTEM32\WINMMBASE.dll
0x00007ffba6810000 - 0x00007ffba6819000 	C:\Windows\system32\NSI.dll
0x00007ffba3de0000 - 0x00007ffba3e2f000 	C:\Windows\SYSTEM32\cfgmgr32.dll
0x00007ffba2980000 - 0x00007ffba29a8000 	C:\Windows\SYSTEM32\DEVOBJ.dll
0x00007ffb8b030000 - 0x00007ffb8b03f000 	C:\Program Files\Android\Android Studio\jre\jre\bin\verify.dll
0x00007ffb84510000 - 0x00007ffb84539000 	C:\Program Files\Android\Android Studio\jre\jre\bin\java.dll
0x00007ffb82230000 - 0x00007ffb82246000 	C:\Program Files\Android\Android Studio\jre\jre\bin\zip.dll
0x00007ffba4650000 - 0x00007ffba5b69000 	C:\Windows\system32\SHELL32.dll
0x00007ffba6820000 - 0x00007ffba6a31000 	C:\Windows\SYSTEM32\combase.dll
0x00007ffba4240000 - 0x00007ffba4294000 	C:\Windows\system32\SHLWAPI.dll
0x00007ffba1f40000 - 0x00007ffba1ff2000 	C:\Windows\SYSTEM32\SHCORE.dll
0x00007ffba3b90000 - 0x00007ffba3ba5000 	C:\Windows\SYSTEM32\profapi.dll

VM Arguments:
jvm_args: -Djava.awt.headless=true -Xmx4g -Dfile.encoding=windows-1252 -Duser.country=IN -Duser.language=en -Duser.variant 
java_command: com.android.dx.command.Main --dex --num-threads=4 --multi-dex --output C:\Project\ShopKirana\salespersonApp\Mp Salesperson 2\app\build\intermediates\transforms\dex\debug\folders\1000\8\commons-io-2.5_5a8712f1b272c1b1c1f20a06e4c79448f8738bd6 C:\Project\ShopKirana\salespersonApp\Mp Salesperson 2\AmitLibs\build\intermediates\bundles\default\libs\commons-io-2.5.jar
java_class_path (initial): C:\Users\User\AppData\Local\Android\Sdk\build-tools\25.0.0\lib\dx.jar
Launcher Type: SUN_STANDARD

Environment Variables:
JAVA_HOME=C:\Program Files\Java\jdk-9.0.4\bin
PATH=C:\Python37\Scripts\;C:\Python37\;C:\ProgramData\Oracle\Java\javapath;C:\Windows\system32;C:\Windows;C:\Windows\System32\Wbem;C:\Windows\System32\WindowsPowerShell\v1.0\;C:\Program Files\Microsoft SQL Server\120\Tools\Binn\;C:\Program Files\Microsoft SQL Server\Client SDK\ODBC\110\Tools\Binn\;C:\Program Files (x86)\Microsoft SQL Server\120\Tools\Binn\;C:\Program Files\Microsoft SQL Server\120\DTS\Binn\;C:\Program Files (x86)\Microsoft SQL Server\120\Tools\Binn\ManagementStudio\;C:\Program Files (x86)\Microsoft SQL Server\120\DTS\Binn\;C:\Program Files\Microsoft SQL Server\130\Tools\Binn\;C:\Program Files\TortoiseSVN\bin;C:\Program Files\dotnet\;C:\Program Files (x86)\VisualSVN\bin;C:\Program Files\Java\jdk-9.0.4\bin;C:\Users\User\AppData\Local\Android\Sdk;C:\Users\User\AppData\Local\Android\Sdk\tools;C:\Users\User\AppData\Local\Android\Sdk\platform-tools;C:\Users\User\AppData\Local\Programs\Git\bin;C:\Program Files\nodejs\;C:\Users\User\AppData\Local\Programs\Git\cmd;C:\Users\User\AppData\Local\Programs\Git\mingw64\bin;C:\Users\User\AppData\Local\Programs\Git\usr\bin;C:\Users\User\AppData\Roaming\npm;C:\Users\User\AppData\Local\Programs\Microsoft VS Code\bin
USERNAME=User
OS=Windows_NT
PROCESSOR_IDENTIFIER=Intel64 Family 6 Model 42 Stepping 7, GenuineIntel



---------------  S Y S T E M  ---------------

OS: Windows 8.1 , 64 bit Build 9600 (6.3.9600.17415)

CPU:total 4 (initial active 4) (4 cores per cpu, 1 threads per core) family 6 model 42 stepping 7, cmov, cx8, fxsr, mmx, sse, sse2, sse3, ssse3, sse4.1, sse4.2, popcnt, avx, aes, clmul, tsc, tscinvbit

Memory: 4k page, physical 8266800k(1357836k free), swap 11412528k(5428k free)

vm_info: OpenJDK 64-Bit Server VM (25.152-b01) for windows-amd64 JRE (1.8.0_152-release-915-b01), built by "builder" with MS VC++ 10.0 (VS2010)

time: Tue Oct 30 16:29:14 2018
elapsed time: 3 seconds (0d 0h 0m 3s)

