#
# There is insufficient memory for the Java Runtime Environment to continue.
# Native memory allocation (malloc) failed to allocate 32744 bytes for ChunkPool::allocate
# Possible reasons:
#   The system is out of physical RAM or swap space
#   In 32 bit mode, the process size limit was hit
# Possible solutions:
#   Reduce memory load on the system
#   Increase physical memory or swap space
#   Check if swap backing store is full
#   Use 64 bit Java on a 64 bit OS
#   Decrease Java heap size (-Xmx/-Xms)
#   Decrease number of Java threads
#   Decrease Java thread stack sizes (-Xss)
#   Set larger code cache with -XX:ReservedCodeCacheSize=
# This output file may be truncated or incomplete.
#
#  Out of Memory Error (allocation.cpp:273), pid=8832, tid=0x0000000000001cc4
#
# JRE version: OpenJDK Runtime Environment (8.0_152-b01) (build 1.8.0_152-release-915-b01)
# Java VM: OpenJDK 64-Bit Server VM (25.152-b01 mixed mode windows-amd64 compressed oops)
# Failed to write core dump. Minidumps are not enabled by default on client versions of Windows
#

---------------  T H R E A D  ---------------

Current thread (0x000000001c168800):  JavaThread "C2 CompilerThread1" daemon [_thread_in_native, id=7364, stack(0x000000001d980000,0x000000001da80000)]

Stack: [0x000000001d980000,0x000000001da80000]
[error occurred during error reporting (printing stack bounds), id 0xc0000005]

Native frames: (J=compiled Java code, j=interpreted, Vv=VM code, C=native code)


Current CompileTask:
C2:    794  653       4       com.android.dx.ssa.NormalSsaInsn::accept (25 bytes)


---------------  P R O C E S S  ---------------

Java Threads: ( => current thread )
  0x000000001dd2a800 JavaThread "pool-2-thread-4" [_thread_blocked, id=6060, stack(0x000000001e580000,0x000000001e680000)]
  0x000000001dd29800 JavaThread "pool-2-thread-3" [_thread_in_Java, id=1820, stack(0x000000001e480000,0x000000001e580000)]
  0x000000001dd45000 JavaThread "pool-2-thread-2" [_thread_in_Java, id=12224, stack(0x000000001e380000,0x000000001e480000)]
  0x000000001dd42800 JavaThread "pool-3-thread-1" [_thread_blocked, id=8176, stack(0x000000001e280000,0x000000001e380000)]
  0x000000001ddb3000 JavaThread "pool-2-thread-1" [_thread_in_Java, id=10300, stack(0x000000001e180000,0x000000001e280000)]
  0x000000001db87800 JavaThread "Service Thread" daemon [_thread_blocked, id=8548, stack(0x000000001df80000,0x000000001e080000)]
  0x000000001c16d000 JavaThread "C1 CompilerThread2" daemon [_thread_in_native, id=6220, stack(0x000000001da80000,0x000000001db80000)]
=>0x000000001c168800 JavaThread "C2 CompilerThread1" daemon [_thread_in_native, id=7364, stack(0x000000001d980000,0x000000001da80000)]
  0x000000001c10b800 JavaThread "C2 CompilerThread0" daemon [_thread_in_native, id=10308, stack(0x000000001d880000,0x000000001d980000)]
  0x000000001c119800 JavaThread "Attach Listener" daemon [_thread_blocked, id=4128, stack(0x000000001d780000,0x000000001d880000)]
  0x000000001c118000 JavaThread "Signal Dispatcher" daemon [_thread_blocked, id=12652, stack(0x000000001d680000,0x000000001d780000)]
  0x000000001c0f8800 JavaThread "Finalizer" daemon [_thread_blocked, id=13372, stack(0x000000001d360000,0x000000001d460000)]
  0x000000001c0d7000 JavaThread "Reference Handler" daemon [_thread_blocked, id=14776, stack(0x000000001d260000,0x000000001d360000)]
  0x0000000002a3e000 JavaThread "main" [_thread_in_Java, id=6568, stack(0x0000000000fd0000,0x00000000010d0000)]

Other Threads:
  0x000000001c0d4800 VMThread [stack: 0x000000001d160000,0x000000001d260000] [id=10084]
  0x000000001db88000 WatcherThread [stack: 0x000000001e080000,0x000000001e180000] [id=13524]

VM state:not at safepoint (normal execution)

VM Mutex/Monitor currently owned by a thread: None

Heap:
 PSYoungGen      total 38400K, used 16028K [0x000000076ab00000, 0x000000076d580000, 0x00000007c0000000)
  eden space 33280K, 48% used [0x000000076ab00000,0x000000076baa70f8,0x000000076cb80000)
  from space 5120K, 0% used [0x000000076d080000,0x000000076d080000,0x000000076d580000)
  to   space 5120K, 0% used [0x000000076cb80000,0x000000076cb80000,0x000000076d080000)
 ParOldGen       total 87552K, used 0K [0x00000006c0000000, 0x00000006c5580000, 0x000000076ab00000)
  object space 87552K, 0% used [0x00000006c0000000,0x00000006c0000000,0x00000006c5580000)
 Metaspace       used 5586K, capacity 6640K, committed 6784K, reserved 1056768K
  class space    used 573K, capacity 616K, committed 640K, reserved 1048576K

Card table byte_map: [0x0000000011e00000,0x0000000012610000] byte_map_base: 0x000000000e800000

Marking Bits: (ParMarkBitMap*) 0x00000000510e3950
 Begin Bits: [0x0000000012f70000, 0x0000000016f70000)
 End Bits:   [0x0000000016f70000, 0x000000001af70000)

Polling page: 0x0000000000e40000

CodeCache: size=245760Kb used=2575Kb max_used=2575Kb free=243184Kb
 bounds [0x0000000002a40000, 0x0000000002cd0000, 0x0000000011a40000]
 total_blobs=912 nmethods=650 adapters=176
 compilation: enabled

Compilation events (10 events):
Event: 0.790 Thread 0x000000001c16d000 nmethod 668 0x0000000002cbb210 code [0x0000000002cbb3c0, 0x0000000002cbb968]
Event: 0.790 Thread 0x000000001c16d000  669       3       com.android.dx.ssa.LiteralOpUpgrader$1::visitNonMoveInsn (203 bytes)
Event: 0.792 Thread 0x000000001c16d000 nmethod 669 0x0000000002cbbc90 code [0x0000000002cbc160, 0x0000000002cbfda8]
Event: 0.792 Thread 0x000000001c16d000  674       3       com.android.dx.rop.code.ThrowingCstInsn::<init> (51 bytes)
Event: 0.792 Thread 0x000000001c16d000 nmethod 674 0x0000000002cc1a50 code [0x0000000002cc1c20, 0x0000000002cc2218]
Event: 0.792 Thread 0x000000001c16d000  670       3       com.android.dx.ssa.LiteralOpUpgrader::access$000 (6 bytes)
Event: 0.792 Thread 0x000000001c16d000 nmethod 670 0x0000000002cc24d0 code [0x0000000002cc2640, 0x0000000002cc27a8]
Event: 0.792 Thread 0x000000001c16d000  671       3       com.android.dx.ssa.LiteralOpUpgrader::tryReplacingWithConstant (161 bytes)
Event: 0.793 Thread 0x000000001c16d000 nmethod 671 0x0000000002cc2890 code [0x0000000002cc2b40, 0x0000000002cc40b8]
Event: 0.793 Thread 0x000000001c16d000  672       3       com.android.dx.ssa.back.FirstFitLocalCombiningAllocator$1::processInsn (169 bytes)

GC Heap History (0 events):
No events

Deoptimization events (5 events):
Event: 0.773 Thread 0x0000000002a3e000 Uncommon trap: reason=unstable_if action=reinterpret pc=0x0000000002c74988 method=java.util.HashMap.getNode(ILjava/lang/Object;)Ljava/util/HashMap$Node; @ 129
Event: 0.775 Thread 0x000000001ddb3000 Uncommon trap: reason=class_check action=maybe_recompile pc=0x0000000002c78870 method=com.android.dx.ssa.NormalSsaInsn.accept(Lcom/android/dx/ssa/SsaInsn$Visitor;)V @ 9
Event: 0.775 Thread 0x000000001ddb3000 Uncommon trap: reason=class_check action=maybe_recompile pc=0x0000000002c78870 method=com.android.dx.ssa.NormalSsaInsn.accept(Lcom/android/dx/ssa/SsaInsn$Visitor;)V @ 9
Event: 0.775 Thread 0x000000001ddb3000 Uncommon trap: reason=class_check action=maybe_recompile pc=0x0000000002c78870 method=com.android.dx.ssa.NormalSsaInsn.accept(Lcom/android/dx/ssa/SsaInsn$Visitor;)V @ 9
Event: 0.775 Thread 0x000000001ddb3000 Uncommon trap: reason=class_check action=maybe_recompile pc=0x0000000002c78870 method=com.android.dx.ssa.NormalSsaInsn.accept(Lcom/android/dx/ssa/SsaInsn$Visitor;)V @ 9

Classes redefined (0 events):
No events

Internal exceptions (2 events):
Event: 0.041 Thread 0x0000000002a3e000 Exception <a 'java/lang/NoSuchMethodError': Method sun.misc.Unsafe.defineClass(Ljava/lang/String;[BII)Ljava/lang/Class; name or signature does not match> (0x000000076ab07ca8) thrown at [D:\src\AOSP-openjdk-cygwin\jdk8u\hotspot\src\share\vm\prims\jni.cpp, 
Event: 0.041 Thread 0x0000000002a3e000 Exception <a 'java/lang/NoSuchMethodError': Method sun.misc.Unsafe.prefetchRead(Ljava/lang/Object;J)V name or signature does not match> (0x000000076ab07f90) thrown at [D:\src\AOSP-openjdk-cygwin\jdk8u\hotspot\src\share\vm\prims\jni.cpp, line 4011]

Events (10 events):
Event: 0.775 Thread 0x000000001ddb3000 DEOPT PACKING pc=0x0000000002c78870 sp=0x000000001e27edd0
Event: 0.775 Thread 0x000000001ddb3000 DEOPT UNPACKING pc=0x0000000002a8556a sp=0x000000001e27ed60 mode 2
Event: 0.775 Thread 0x000000001ddb3000 Uncommon trap: trap_request=0xffffffde fr.pc=0x0000000002c78870
Event: 0.775 Thread 0x000000001ddb3000 DEOPT PACKING pc=0x0000000002c78870 sp=0x000000001e27edd0
Event: 0.775 Thread 0x000000001ddb3000 DEOPT UNPACKING pc=0x0000000002a8556a sp=0x000000001e27ed60 mode 2
Event: 0.775 Thread 0x000000001ddb3000 Uncommon trap: trap_request=0xffffffde fr.pc=0x0000000002c78870
Event: 0.775 Thread 0x000000001ddb3000 DEOPT PACKING pc=0x0000000002c78870 sp=0x000000001e27edd0
Event: 0.775 Thread 0x000000001ddb3000 DEOPT UNPACKING pc=0x0000000002a8556a sp=0x000000001e27ed60 mode 2
Event: 0.786 Executing VM operation: ForceSafepoint
Event: 0.786 Executing VM operation: ForceSafepoint done


Dynamic libraries:
0x00007ff6dd2a0000 - 0x00007ff6dd2d1000 	C:\Program Files\Android\Android Studio\jre\bin\java.exe
0x00007ffba6a40000 - 0x00007ffba6bec000 	C:\Windows\SYSTEM32\ntdll.dll
0x00007ffba4300000 - 0x00007ffba443e000 	C:\Windows\system32\KERNEL32.DLL
0x00007ffba3cc0000 - 0x00007ffba3dd5000 	C:\Windows\system32\KERNELBASE.dll
0x00007ffba6450000 - 0x00007ffba64fa000 	C:\Windows\system32\ADVAPI32.dll
0x00007ffba40c0000 - 0x00007ffba4237000 	C:\Windows\system32\USER32.dll
0x00007ffba12f0000 - 0x00007ffba156b000 	C:\Windows\WinSxS\amd64_microsoft.windows.common-controls_6595b64144ccf1df_6.0.9600.17415_none_6240486fecbd8abb\COMCTL32.dll
0x00007ffba45a0000 - 0x00007ffba464a000 	C:\Windows\system32\msvcrt.dll
0x00007ffba5bb0000 - 0x00007ffba5c09000 	C:\Windows\SYSTEM32\sechost.dll
0x00007ffba66c0000 - 0x00007ffba6801000 	C:\Windows\system32\RPCRT4.dll
0x00007ffba5dd0000 - 0x00007ffba5f21000 	C:\Windows\system32\GDI32.dll
0x00007ffba5b70000 - 0x00007ffba5ba6000 	C:\Windows\system32\IMM32.DLL
0x00007ffba4440000 - 0x00007ffba4593000 	C:\Windows\system32\MSCTF.dll
0x0000000050840000 - 0x0000000050912000 	C:\Program Files\Android\Android Studio\jre\jre\bin\msvcr100.dll
0x0000000050920000 - 0x000000005115e000 	C:\Program Files\Android\Android Studio\jre\jre\bin\server\jvm.dll
0x00007ffb9d940000 - 0x00007ffb9d949000 	C:\Windows\SYSTEM32\WSOCK32.dll
0x00007ffb99590000 - 0x00007ffb995b2000 	C:\Windows\SYSTEM32\WINMM.dll
0x00007ffb9d120000 - 0x00007ffb9d12a000 	C:\Windows\SYSTEM32\VERSION.dll
0x00007ffba5c10000 - 0x00007ffba5c17000 	C:\Windows\system32\PSAPI.DLL
0x00007ffba6520000 - 0x00007ffba657a000 	C:\Windows\system32\WS2_32.dll
0x00007ffb993e0000 - 0x00007ffb9940a000 	C:\Windows\SYSTEM32\WINMMBASE.dll
0x00007ffba6810000 - 0x00007ffba6819000 	C:\Windows\system32\NSI.dll
0x00007ffba3de0000 - 0x00007ffba3e2f000 	C:\Windows\SYSTEM32\cfgmgr32.dll
0x00007ffba2980000 - 0x00007ffba29a8000 	C:\Windows\SYSTEM32\DEVOBJ.dll
0x00007ffb8b030000 - 0x00007ffb8b03f000 	C:\Program Files\Android\Android Studio\jre\jre\bin\verify.dll
0x00007ffb84510000 - 0x00007ffb84539000 	C:\Program Files\Android\Android Studio\jre\jre\bin\java.dll
0x00007ffb82230000 - 0x00007ffb82246000 	C:\Program Files\Android\Android Studio\jre\jre\bin\zip.dll
0x00007ffba4650000 - 0x00007ffba5b69000 	C:\Windows\system32\SHELL32.dll
0x00007ffba6820000 - 0x00007ffba6a31000 	C:\Windows\SYSTEM32\combase.dll
0x00007ffba4240000 - 0x00007ffba4294000 	C:\Windows\system32\SHLWAPI.dll
0x00007ffba1f40000 - 0x00007ffba1ff2000 	C:\Windows\SYSTEM32\SHCORE.dll
0x00007ffba3b90000 - 0x00007ffba3ba5000 	C:\Windows\SYSTEM32\profapi.dll

VM Arguments:
jvm_args: -Djava.awt.headless=true -Xmx4g -Dfile.encoding=windows-1252 -Duser.country=IN -Duser.language=en -Duser.variant 
java_command: com.android.dx.command.Main --dex --num-threads=4 --multi-dex --output C:\Project\ShopKirana\salespersonApp\Mp Salesperson 2\app\build\intermediates\transforms\dex\debug\folders\1000\8\volley_b37c004908df93edfdad35129b49632781df8b50 C:\Project\ShopKirana\salespersonApp\Mp Salesperson 2\AmitLibs\build\intermediates\bundles\default\libs\volley.jar
java_class_path (initial): C:\Users\User\AppData\Local\Android\Sdk\build-tools\25.0.0\lib\dx.jar
Launcher Type: SUN_STANDARD

Environment Variables:
JAVA_HOME=C:\Program Files\Java\jdk-9.0.4\bin
PATH=C:\Python37\Scripts\;C:\Python37\;C:\ProgramData\Oracle\Java\javapath;C:\Windows\system32;C:\Windows;C:\Windows\System32\Wbem;C:\Windows\System32\WindowsPowerShell\v1.0\;C:\Program Files\Microsoft SQL Server\120\Tools\Binn\;C:\Program Files\Microsoft SQL Server\Client SDK\ODBC\110\Tools\Binn\;C:\Program Files (x86)\Microsoft SQL Server\120\Tools\Binn\;C:\Program Files\Microsoft SQL Server\120\DTS\Binn\;C:\Program Files (x86)\Microsoft SQL Server\120\Tools\Binn\ManagementStudio\;C:\Program Files (x86)\Microsoft SQL Server\120\DTS\Binn\;C:\Program Files\Microsoft SQL Server\130\Tools\Binn\;C:\Program Files\TortoiseSVN\bin;C:\Program Files\dotnet\;C:\Program Files (x86)\VisualSVN\bin;C:\Program Files\Java\jdk-9.0.4\bin;C:\Users\User\AppData\Local\Android\Sdk;C:\Users\User\AppData\Local\Android\Sdk\tools;C:\Users\User\AppData\Local\Android\Sdk\platform-tools;C:\Users\User\AppData\Local\Programs\Git\bin;C:\Program Files\nodejs\;C:\Users\User\AppData\Local\Programs\Git\cmd;C:\Users\User\AppData\Local\Programs\Git\mingw64\bin;C:\Users\User\AppData\Local\Programs\Git\usr\bin;C:\Users\User\AppData\Roaming\npm;C:\Users\User\AppData\Local\Programs\Microsoft VS Code\bin
USERNAME=User
OS=Windows_NT
PROCESSOR_IDENTIFIER=Intel64 Family 6 Model 42 Stepping 7, GenuineIntel



---------------  S Y S T E M  ---------------

OS: Windows 8.1 , 64 bit Build 9600 (6.3.9600.17415)

CPU:total 4 (initial active 4) (4 cores per cpu, 1 threads per core) family 6 model 42 stepping 7, cmov, cx8, fxsr, mmx, sse, sse2, sse3, ssse3, sse4.1, sse4.2, popcnt, avx, aes, clmul, tsc, tscinvbit

Memory: 4k page, physical 8266800k(1444600k free), swap 11412528k(5132k free)

vm_info: OpenJDK 64-Bit Server VM (25.152-b01) for windows-amd64 JRE (1.8.0_152-release-915-b01), built by "builder" with MS VC++ 10.0 (VS2010)

time: Tue Oct 30 16:28:16 2018
elapsed time: 0 seconds (0d 0h 0m 0s)

