#
# There is insufficient memory for the Java Runtime Environment to continue.
# Native memory allocation (malloc) failed to allocate 712816 bytes for Chunk::new
# Possible reasons:
#   The system is out of physical RAM or swap space
#   In 32 bit mode, the process size limit was hit
# Possible solutions:
#   Reduce memory load on the system
#   Increase physical memory or swap space
#   Check if swap backing store is full
#   Use 64 bit Java on a 64 bit OS
#   Decrease Java heap size (-Xmx/-Xms)
#   Decrease number of Java threads
#   Decrease Java thread stack sizes (-Xss)
#   Set larger code cache with -XX:ReservedCodeCacheSize=
# This output file may be truncated or incomplete.
#
#  Out of Memory Error (allocation.cpp:390), pid=2548, tid=0x00000000000000a4
#
# JRE version: OpenJDK Runtime Environment (8.0_152-b01) (build 1.8.0_152-release-915-b01)
# Java VM: OpenJDK 64-Bit Server VM (25.152-b01 mixed mode windows-amd64 compressed oops)
# Failed to write core dump. Minidumps are not enabled by default on client versions of Windows
#

---------------  T H R E A D  ---------------

Current thread (0x000000001c25c000):  JavaThread "C2 CompilerThread0" daemon [_thread_in_native, id=164, stack(0x000000001da00000,0x000000001db00000)]

Stack: [0x000000001da00000,0x000000001db00000]
[error occurred during error reporting (printing stack bounds), id 0xc0000005]

Native frames: (J=compiled Java code, j=interpreted, Vv=VM code, C=native code)


Current CompileTask:
C2:   3588 1328   !   4       com.android.dx.cf.code.BytecodeArray::parseInstruction (2764 bytes)


---------------  P R O C E S S  ---------------

Java Threads: ( => current thread )
  0x000000001dfeb800 JavaThread "pool-2-thread-4" [_thread_in_Java, id=9488, stack(0x000000001e700000,0x000000001e800000)]
  0x000000001dfe6800 JavaThread "pool-2-thread-3" [_thread_blocked, id=5056, stack(0x000000001e600000,0x000000001e700000)]
  0x000000001df73000 JavaThread "pool-2-thread-2" [_thread_blocked, id=17396, stack(0x000000001e500000,0x000000001e600000)]
  0x000000001df5e000 JavaThread "pool-3-thread-1" [_thread_blocked, id=6072, stack(0x000000001e400000,0x000000001e500000)]
  0x000000001df65000 JavaThread "pool-2-thread-1" [_thread_in_native, id=4936, stack(0x000000001e300000,0x000000001e400000)]
  0x000000001dd05000 JavaThread "Service Thread" daemon [_thread_blocked, id=9288, stack(0x000000001e100000,0x000000001e200000)]
  0x000000001c2be000 JavaThread "C1 CompilerThread2" daemon [_thread_blocked, id=7232, stack(0x000000001dc00000,0x000000001dd00000)]
  0x000000001c2b5800 JavaThread "C2 CompilerThread1" daemon [_thread_in_native, id=6320, stack(0x000000001db00000,0x000000001dc00000)]
=>0x000000001c25c000 JavaThread "C2 CompilerThread0" daemon [_thread_in_native, id=164, stack(0x000000001da00000,0x000000001db00000)]
  0x000000001c25a800 JavaThread "Attach Listener" daemon [_thread_blocked, id=14812, stack(0x000000001d900000,0x000000001da00000)]
  0x000000001c259800 JavaThread "Signal Dispatcher" daemon [_thread_blocked, id=3972, stack(0x000000001d800000,0x000000001d900000)]
  0x0000000002b8c800 JavaThread "Finalizer" daemon [_thread_blocked, id=15264, stack(0x000000001d4d0000,0x000000001d5d0000)]
  0x0000000002b81800 JavaThread "Reference Handler" daemon [_thread_blocked, id=15012, stack(0x000000001d3d0000,0x000000001d4d0000)]
  0x0000000002a8e000 JavaThread "main" [_thread_blocked, id=14128, stack(0x0000000002980000,0x0000000002a80000)]

Other Threads:
  0x000000001c225000 VMThread [stack: 0x000000001d2d0000,0x000000001d3d0000] [id=10184]
  0x000000001dd06000 WatcherThread [stack: 0x000000001e200000,0x000000001e300000] [id=12536]

VM state:not at safepoint (normal execution)

VM Mutex/Monitor currently owned by a thread: None

Heap:
 PSYoungGen      total 38400K, used 18570K [0x000000076ab00000, 0x000000076f600000, 0x00000007c0000000)
  eden space 33280K, 40% used [0x000000076ab00000,0x000000076b829900,0x000000076cb80000)
  from space 5120K, 99% used [0x000000076cb80000,0x000000076d078fa0,0x000000076d080000)
  to   space 5120K, 0% used [0x000000076f100000,0x000000076f100000,0x000000076f600000)
 ParOldGen       total 87552K, used 1494K [0x00000006c0000000, 0x00000006c5580000, 0x000000076ab00000)
  object space 87552K, 1% used [0x00000006c0000000,0x00000006c0175a68,0x00000006c5580000)
 Metaspace       used 6013K, capacity 7024K, committed 7296K, reserved 1056768K
  class space    used 576K, capacity 616K, committed 640K, reserved 1048576K

Card table byte_map: [0x0000000011f50000,0x0000000012760000] byte_map_base: 0x000000000e950000

Marking Bits: (ParMarkBitMap*) 0x00000000510e3950
 Begin Bits: [0x00000000130c0000, 0x00000000170c0000)
 End Bits:   [0x00000000170c0000, 0x000000001b0c0000)

Polling page: 0x00000000028f0000

CodeCache: size=245760Kb used=5773Kb max_used=5785Kb free=239986Kb
 bounds [0x0000000002b90000, 0x0000000003140000, 0x0000000011b90000]
 total_blobs=1614 nmethods=1352 adapters=176
 compilation: enabled

Compilation events (10 events):
Event: 3.542 Thread 0x000000001c2b5800 nmethod 1293 0x0000000003125350 code [0x00000000031254a0, 0x00000000031255b8]
Event: 3.542 Thread 0x000000001c2b5800 1284       4       com.android.dx.util.LabeledList::set (45 bytes)
Event: 3.549 Thread 0x000000001c2b5800 nmethod 1284 0x00000000031271d0 code [0x0000000003127360, 0x0000000003127a08]
Event: 3.549 Thread 0x000000001c2b5800 1288       4       com.android.dx.rop.code.RegisterSpec::make (7 bytes)
Event: 3.550 Thread 0x000000001c2b5800 nmethod 1288 0x0000000003128510 code [0x0000000003128660, 0x00000000031286c8]
Event: 3.550 Thread 0x000000001c2b5800 1265       4       com.android.dx.rop.code.BasicBlockList$RegCountVisitor::visitPlainInsn (6 bytes)
Event: 3.553 Thread 0x000000001c2b5800 nmethod 1265 0x0000000003129690 code [0x00000000031297e0, 0x0000000003129a78]
Event: 3.553 Thread 0x000000001c2b5800 1264       4       com.android.dx.rop.cst.Constant::compareTo (9 bytes)
Event: 3.554 Thread 0x000000001c2b5800 nmethod 1264 0x0000000003124dd0 code [0x0000000003124f40, 0x0000000003125158]
Event: 3.554 Thread 0x000000001c2b5800 1260       4       com.android.dx.ssa.LiteralOpUpgrader::tryReplacingWithConstant (161 bytes)

GC Heap History (2 events):
Event: 2.731 GC heap before
{Heap before GC invocations=1 (full 0):
 PSYoungGen      total 38400K, used 33280K [0x000000076ab00000, 0x000000076d580000, 0x00000007c0000000)
  eden space 33280K, 100% used [0x000000076ab00000,0x000000076cb80000,0x000000076cb80000)
  from space 5120K, 0% used [0x000000076d080000,0x000000076d080000,0x000000076d580000)
  to   space 5120K, 0% used [0x000000076cb80000,0x000000076cb80000,0x000000076d080000)
 ParOldGen       total 87552K, used 0K [0x00000006c0000000, 0x00000006c5580000, 0x000000076ab00000)
  object space 87552K, 0% used [0x00000006c0000000,0x00000006c0000000,0x00000006c5580000)
 Metaspace       used 5956K, capacity 6960K, committed 7040K, reserved 1056768K
  class space    used 576K, capacity 616K, committed 640K, reserved 1048576K
Event: 3.436 GC heap after
Heap after GC invocations=1 (full 0):
 PSYoungGen      total 38400K, used 5091K [0x000000076ab00000, 0x000000076f600000, 0x00000007c0000000)
  eden space 33280K, 0% used [0x000000076ab00000,0x000000076ab00000,0x000000076cb80000)
  from space 5120K, 99% used [0x000000076cb80000,0x000000076d078fa0,0x000000076d080000)
  to   space 5120K, 0% used [0x000000076f100000,0x000000076f100000,0x000000076f600000)
 ParOldGen       total 87552K, used 1494K [0x00000006c0000000, 0x00000006c5580000, 0x000000076ab00000)
  object space 87552K, 1% used [0x00000006c0000000,0x00000006c0175a68,0x00000006c5580000)
 Metaspace       used 5956K, capacity 6960K, committed 7040K, reserved 1056768K
  class space    used 576K, capacity 616K, committed 640K, reserved 1048576K
}

Deoptimization events (10 events):
Event: 3.439 Thread 0x000000001df73000 Uncommon trap: reason=bimorphic action=maybe_recompile pc=0x0000000003062a78 method=com.android.dx.cf.code.BytecodeArray.parseInstruction(ILcom/android/dx/cf/code/BytecodeArray$Visitor;)I @ 1130
Event: 3.446 Thread 0x000000001df65000 Uncommon trap: reason=unstable_if action=reinterpret pc=0x0000000002ef28f8 method=com.android.dx.rop.code.RegisterSpec.equals(ILcom/android/dx/rop/type/TypeBearer;Lcom/android/dx/rop/code/LocalItem;)Z @ 42
Event: 3.447 Thread 0x000000001df65000 Uncommon trap: reason=bimorphic action=maybe_recompile pc=0x0000000002dd3dc4 method=java.util.HashMap.getNode(ILjava/lang/Object;)Ljava/util/HashMap$Node; @ 126
Event: 3.447 Thread 0x000000001df65000 Uncommon trap: reason=class_check action=maybe_recompile pc=0x0000000002fe3c64 method=java.util.HashMap.putVal(ILjava/lang/Object;Ljava/lang/Object;ZZ)Ljava/lang/Object; @ 203
Event: 3.447 Thread 0x000000001df65000 Uncommon trap: reason=bimorphic action=maybe_recompile pc=0x0000000002dd3dc4 method=java.util.HashMap.getNode(ILjava/lang/Object;)Ljava/util/HashMap$Node; @ 126
Event: 3.447 Thread 0x000000001df65000 Uncommon trap: reason=class_check action=maybe_recompile pc=0x0000000002fe3c64 method=java.util.HashMap.putVal(ILjava/lang/Object;Ljava/lang/Object;ZZ)Ljava/lang/Object; @ 203
Event: 3.447 Thread 0x000000001df65000 Uncommon trap: reason=bimorphic action=maybe_recompile pc=0x0000000002de62b4 method=java.util.HashMap.getNode(ILjava/lang/Object;)Ljava/util/HashMap$Node; @ 126
Event: 3.447 Thread 0x000000001df65000 Uncommon trap: reason=bimorphic action=maybe_recompile pc=0x0000000002de62b4 method=java.util.HashMap.getNode(ILjava/lang/Object;)Ljava/util/HashMap$Node; @ 126
Event: 3.447 Thread 0x000000001df65000 Uncommon trap: reason=bimorphic action=maybe_recompile pc=0x0000000002dd3dc4 method=java.util.HashMap.getNode(ILjava/lang/Object;)Ljava/util/HashMap$Node; @ 126
Event: 3.490 Thread 0x000000001df65000 Uncommon trap: reason=unstable_if action=reinterpret pc=0x0000000002fd4f1c method=com.android.dx.ssa.SsaMethod.updateOneDefinition(Lcom/android/dx/ssa/SsaInsn;Lcom/android/dx/rop/code/RegisterSpec;)V @ 4

Classes redefined (0 events):
No events

Internal exceptions (5 events):
Event: 0.082 Thread 0x0000000002a8e000 Exception <a 'java/lang/NoSuchMethodError': Method sun.misc.Unsafe.defineClass(Ljava/lang/String;[BII)Ljava/lang/Class; name or signature does not match> (0x000000076ab07ca8) thrown at [D:\src\AOSP-openjdk-cygwin\jdk8u\hotspot\src\share\vm\prims\jni.cpp, 
Event: 0.082 Thread 0x0000000002a8e000 Exception <a 'java/lang/NoSuchMethodError': Method sun.misc.Unsafe.prefetchRead(Ljava/lang/Object;J)V name or signature does not match> (0x000000076ab07f90) thrown at [D:\src\AOSP-openjdk-cygwin\jdk8u\hotspot\src\share\vm\prims\jni.cpp, line 4011]
Event: 2.158 Thread 0x000000001dfeb800 Implicit null exception at 0x0000000002f30862 to 0x0000000002f3095a
Event: 2.530 Thread 0x000000001dfeb800 Implicit null exception at 0x0000000002e73671 to 0x0000000002e75975
Event: 2.530 Thread 0x000000001dfeb800 Implicit null exception at 0x0000000002e4d9ba to 0x0000000002e4f861

Events (10 events):
Event: 3.447 Thread 0x000000001df65000 DEOPT PACKING pc=0x0000000002de62b4 sp=0x000000001e3fe500
Event: 3.447 Thread 0x000000001df65000 DEOPT UNPACKING pc=0x0000000002bd556a sp=0x000000001e3fe438 mode 2
Event: 3.447 Thread 0x000000001df65000 Uncommon trap: trap_request=0xffffffc6 fr.pc=0x0000000002dd3dc4
Event: 3.447 Thread 0x000000001df65000 DEOPT PACKING pc=0x0000000002dd3dc4 sp=0x000000001e3fe480
Event: 3.447 Thread 0x000000001df65000 DEOPT UNPACKING pc=0x0000000002bd556a sp=0x000000001e3fe418 mode 2
Event: 3.489 loading class com/android/dx/rop/code/RegOps
Event: 3.489 loading class com/android/dx/rop/code/RegOps done
Event: 3.490 Thread 0x000000001df65000 Uncommon trap: trap_request=0xffffff65 fr.pc=0x0000000002fd4f1c
Event: 3.490 Thread 0x000000001df65000 DEOPT PACKING pc=0x0000000002fd4f1c sp=0x000000001e3fe6b0
Event: 3.490 Thread 0x000000001df65000 DEOPT UNPACKING pc=0x0000000002bd556a sp=0x000000001e3fe658 mode 2


Dynamic libraries:
0x00007ff6dd2a0000 - 0x00007ff6dd2d1000 	C:\Program Files\Android\Android Studio\jre\bin\java.exe
0x00007ffba6a40000 - 0x00007ffba6bec000 	C:\Windows\SYSTEM32\ntdll.dll
0x00007ffba4300000 - 0x00007ffba443e000 	C:\Windows\system32\KERNEL32.DLL
0x00007ffba3cc0000 - 0x00007ffba3dd5000 	C:\Windows\system32\KERNELBASE.dll
0x00007ffba6450000 - 0x00007ffba64fa000 	C:\Windows\system32\ADVAPI32.dll
0x00007ffba40c0000 - 0x00007ffba4237000 	C:\Windows\system32\USER32.dll
0x00007ffba12f0000 - 0x00007ffba156b000 	C:\Windows\WinSxS\amd64_microsoft.windows.common-controls_6595b64144ccf1df_6.0.9600.17415_none_6240486fecbd8abb\COMCTL32.dll
0x00007ffba45a0000 - 0x00007ffba464a000 	C:\Windows\system32\msvcrt.dll
0x00007ffba5bb0000 - 0x00007ffba5c09000 	C:\Windows\SYSTEM32\sechost.dll
0x00007ffba66c0000 - 0x00007ffba6801000 	C:\Windows\system32\RPCRT4.dll
0x00007ffba5dd0000 - 0x00007ffba5f21000 	C:\Windows\system32\GDI32.dll
0x00007ffba5b70000 - 0x00007ffba5ba6000 	C:\Windows\system32\IMM32.DLL
0x00007ffba4440000 - 0x00007ffba4593000 	C:\Windows\system32\MSCTF.dll
0x0000000050840000 - 0x0000000050912000 	C:\Program Files\Android\Android Studio\jre\jre\bin\msvcr100.dll
0x0000000050920000 - 0x000000005115e000 	C:\Program Files\Android\Android Studio\jre\jre\bin\server\jvm.dll
0x00007ffb9d940000 - 0x00007ffb9d949000 	C:\Windows\SYSTEM32\WSOCK32.dll
0x00007ffb99590000 - 0x00007ffb995b2000 	C:\Windows\SYSTEM32\WINMM.dll
0x00007ffb9d120000 - 0x00007ffb9d12a000 	C:\Windows\SYSTEM32\VERSION.dll
0x00007ffba5c10000 - 0x00007ffba5c17000 	C:\Windows\system32\PSAPI.DLL
0x00007ffba6520000 - 0x00007ffba657a000 	C:\Windows\system32\WS2_32.dll
0x00007ffb993e0000 - 0x00007ffb9940a000 	C:\Windows\SYSTEM32\WINMMBASE.dll
0x00007ffba6810000 - 0x00007ffba6819000 	C:\Windows\system32\NSI.dll
0x00007ffba3de0000 - 0x00007ffba3e2f000 	C:\Windows\SYSTEM32\cfgmgr32.dll
0x00007ffba2980000 - 0x00007ffba29a8000 	C:\Windows\SYSTEM32\DEVOBJ.dll
0x00007ffb8b030000 - 0x00007ffb8b03f000 	C:\Program Files\Android\Android Studio\jre\jre\bin\verify.dll
0x00007ffb84510000 - 0x00007ffb84539000 	C:\Program Files\Android\Android Studio\jre\jre\bin\java.dll
0x00007ffb82230000 - 0x00007ffb82246000 	C:\Program Files\Android\Android Studio\jre\jre\bin\zip.dll
0x00007ffba4650000 - 0x00007ffba5b69000 	C:\Windows\system32\SHELL32.dll
0x00007ffba6820000 - 0x00007ffba6a31000 	C:\Windows\SYSTEM32\combase.dll
0x00007ffba4240000 - 0x00007ffba4294000 	C:\Windows\system32\SHLWAPI.dll
0x00007ffba1f40000 - 0x00007ffba1ff2000 	C:\Windows\SYSTEM32\SHCORE.dll
0x00007ffba3b90000 - 0x00007ffba3ba5000 	C:\Windows\SYSTEM32\profapi.dll

VM Arguments:
jvm_args: -Djava.awt.headless=true -Xmx4g -Dfile.encoding=windows-1252 -Duser.country=IN -Duser.language=en -Duser.variant 
java_command: com.android.dx.command.Main --dex --num-threads=4 --multi-dex --output C:\Project\ShopKirana\salespersonApp\Mp Salesperson 2\app\build\intermediates\transforms\dex\debug\folders\1000\8\commons-io-2.5_5a8712f1b272c1b1c1f20a06e4c79448f8738bd6 C:\Project\ShopKirana\salespersonApp\Mp Salesperson 2\AmitLibs\build\intermediates\bundles\default\libs\commons-io-2.5.jar
java_class_path (initial): C:\Users\User\AppData\Local\Android\Sdk\build-tools\25.0.0\lib\dx.jar
Launcher Type: SUN_STANDARD

Environment Variables:
JAVA_HOME=C:\Program Files\Java\jdk-9.0.4\bin
PATH=C:\Python37\Scripts\;C:\Python37\;C:\ProgramData\Oracle\Java\javapath;C:\Windows\system32;C:\Windows;C:\Windows\System32\Wbem;C:\Windows\System32\WindowsPowerShell\v1.0\;C:\Program Files\Microsoft SQL Server\120\Tools\Binn\;C:\Program Files\Microsoft SQL Server\Client SDK\ODBC\110\Tools\Binn\;C:\Program Files (x86)\Microsoft SQL Server\120\Tools\Binn\;C:\Program Files\Microsoft SQL Server\120\DTS\Binn\;C:\Program Files (x86)\Microsoft SQL Server\120\Tools\Binn\ManagementStudio\;C:\Program Files (x86)\Microsoft SQL Server\120\DTS\Binn\;C:\Program Files\Microsoft SQL Server\130\Tools\Binn\;C:\Program Files\TortoiseSVN\bin;C:\Program Files\dotnet\;C:\Program Files (x86)\VisualSVN\bin;C:\Program Files\Java\jdk-9.0.4\bin;C:\Users\User\AppData\Local\Android\Sdk;C:\Users\User\AppData\Local\Android\Sdk\tools;C:\Users\User\AppData\Local\Android\Sdk\platform-tools;C:\Users\User\AppData\Local\Programs\Git\bin;C:\Program Files\nodejs\;C:\Users\User\AppData\Local\Programs\Git\cmd;C:\Users\User\AppData\Local\Programs\Git\mingw64\bin;C:\Users\User\AppData\Local\Programs\Git\usr\bin;C:\Users\User\AppData\Roaming\npm;C:\Users\User\AppData\Local\Programs\Microsoft VS Code\bin
USERNAME=User
OS=Windows_NT
PROCESSOR_IDENTIFIER=Intel64 Family 6 Model 42 Stepping 7, GenuineIntel



---------------  S Y S T E M  ---------------

OS: Windows 8.1 , 64 bit Build 9600 (6.3.9600.17415)

CPU:total 4 (initial active 4) (4 cores per cpu, 1 threads per core) family 6 model 42 stepping 7, cmov, cx8, fxsr, mmx, sse, sse2, sse3, ssse3, sse4.1, sse4.2, popcnt, avx, aes, clmul, tsc, tscinvbit

Memory: 4k page, physical 8266800k(774444k free), swap 11412528k(3488k free)

vm_info: OpenJDK 64-Bit Server VM (25.152-b01) for windows-amd64 JRE (1.8.0_152-release-915-b01), built by "builder" with MS VC++ 10.0 (VS2010)

time: Tue Oct 30 16:26:06 2018
elapsed time: 3 seconds (0d 0h 0m 3s)

