#
# There is insufficient memory for the Java Runtime Environment to continue.
# Native memory allocation (malloc) failed to allocate 54576 bytes for Chunk::new
# Possible reasons:
#   The system is out of physical RAM or swap space
#   In 32 bit mode, the process size limit was hit
# Possible solutions:
#   Reduce memory load on the system
#   Increase physical memory or swap space
#   Check if swap backing store is full
#   Use 64 bit Java on a 64 bit OS
#   Decrease Java heap size (-Xmx/-Xms)
#   Decrease number of Java threads
#   Decrease Java thread stack sizes (-Xss)
#   Set larger code cache with -XX:ReservedCodeCacheSize=
# This output file may be truncated or incomplete.
#
#  Out of Memory Error (allocation.cpp:390), pid=3980, tid=0x00000000000029a0
#
# JRE version: OpenJDK Runtime Environment (8.0_152-b01) (build 1.8.0_152-release-915-b01)
# Java VM: OpenJDK 64-Bit Server VM (25.152-b01 mixed mode windows-amd64 compressed oops)
# Failed to write core dump. Minidumps are not enabled by default on client versions of Windows
#

---------------  T H R E A D  ---------------

Current thread (0x000000001c17c000):  JavaThread "C2 CompilerThread0" daemon [_thread_in_native, id=10656, stack(0x000000001d910000,0x000000001da10000)]

Stack: [0x000000001d910000,0x000000001da10000]
[error occurred during error reporting (printing stack bounds), id 0xc0000005]

Native frames: (J=compiled Java code, j=interpreted, Vv=VM code, C=native code)


Current CompileTask:
C2:    813  991       4       java.util.Collections$UnmodifiableCollection::iterator (9 bytes)


---------------  P R O C E S S  ---------------

Java Threads: ( => current thread )
  0x000000001de8f800 JavaThread "pool-2-thread-4" [_thread_blocked, id=14272, stack(0x000000001e610000,0x000000001e710000)]
  0x000000001de8b800 JavaThread "pool-2-thread-3" [_thread_in_Java, id=8632, stack(0x000000001e510000,0x000000001e610000)]
  0x000000001de87800 JavaThread "pool-2-thread-2" [_thread_blocked, id=5328, stack(0x000000001e410000,0x000000001e510000)]
  0x000000001de5f800 JavaThread "pool-3-thread-1" [_thread_blocked, id=8404, stack(0x000000001e310000,0x000000001e410000)]
  0x000000001de5e800 JavaThread "pool-2-thread-1" [_thread_in_Java, id=5432, stack(0x000000001e210000,0x000000001e310000)]
  0x000000001dc15000 JavaThread "Service Thread" daemon [_thread_blocked, id=14760, stack(0x000000001e010000,0x000000001e110000)]
  0x000000001c1da800 JavaThread "C1 CompilerThread2" daemon [_thread_blocked, id=15456, stack(0x000000001db10000,0x000000001dc10000)]
  0x000000001c1cd000 JavaThread "C2 CompilerThread1" daemon [_thread_in_vm, id=11500, stack(0x000000001da10000,0x000000001db10000)]
=>0x000000001c17c000 JavaThread "C2 CompilerThread0" daemon [_thread_in_native, id=10656, stack(0x000000001d910000,0x000000001da10000)]
  0x000000001c17a800 JavaThread "Attach Listener" daemon [_thread_blocked, id=4608, stack(0x000000001d810000,0x000000001d910000)]
  0x000000001c179000 JavaThread "Signal Dispatcher" daemon [_thread_blocked, id=15516, stack(0x000000001d710000,0x000000001d810000)]
  0x0000000002aac800 JavaThread "Finalizer" daemon [_thread_blocked, id=404, stack(0x000000001d3f0000,0x000000001d4f0000)]
  0x0000000002aa1800 JavaThread "Reference Handler" daemon [_thread_blocked, id=16476, stack(0x000000001d2f0000,0x000000001d3f0000)]
  0x00000000027ee000 JavaThread "main" [_thread_in_Java, id=12200, stack(0x00000000028b0000,0x00000000029b0000)]

Other Threads:
  0x000000001c145000 VMThread [stack: 0x000000001d1f0000,0x000000001d2f0000] [id=10576]
  0x000000001dc16000 WatcherThread [stack: 0x000000001e110000,0x000000001e210000] [id=13496]

VM state:not at safepoint (normal execution)

VM Mutex/Monitor currently owned by a thread: None

Heap:
 PSYoungGen      total 38400K, used 24890K [0x000000076ab00000, 0x000000076d580000, 0x00000007c0000000)
  eden space 33280K, 74% used [0x000000076ab00000,0x000000076c34e8b8,0x000000076cb80000)
  from space 5120K, 0% used [0x000000076d080000,0x000000076d080000,0x000000076d580000)
  to   space 5120K, 0% used [0x000000076cb80000,0x000000076cb80000,0x000000076d080000)
 ParOldGen       total 87552K, used 0K [0x00000006c0000000, 0x00000006c5580000, 0x000000076ab00000)
  object space 87552K, 0% used [0x00000006c0000000,0x00000006c0000000,0x00000006c5580000)
 Metaspace       used 5819K, capacity 6832K, committed 7040K, reserved 1056768K
  class space    used 576K, capacity 616K, committed 640K, reserved 1048576K

Card table byte_map: [0x0000000011e70000,0x0000000012680000] byte_map_base: 0x000000000e870000

Marking Bits: (ParMarkBitMap*) 0x00000000510e3950
 Begin Bits: [0x0000000012fe0000, 0x0000000016fe0000)
 End Bits:   [0x0000000016fe0000, 0x000000001afe0000)

Polling page: 0x0000000000e70000

CodeCache: size=245760Kb used=4078Kb max_used=4090Kb free=241681Kb
 bounds [0x0000000002ab0000, 0x0000000002ec0000, 0x0000000011ab0000]
 total_blobs=1253 nmethods=991 adapters=176
 compilation: enabled

Compilation events (10 events):
Event: 0.720 Thread 0x000000001c1da800 nmethod 926 0x0000000002ea6610 code [0x0000000002ea6760, 0x0000000002ea6870]
Event: 0.720 Thread 0x000000001c1da800  927       1       com.android.dx.rop.code.Rop::getSources (5 bytes)
Event: 0.720 Thread 0x000000001c1da800 nmethod 927 0x0000000002ea68d0 code [0x0000000002ea6a20, 0x0000000002ea6b30]
Event: 0.720 Thread 0x000000001c1da800  929       1       com.android.dx.rop.cst.CstKnownNull::hashCode (3 bytes)
Event: 0.720 Thread 0x000000001c1da800 nmethod 929 0x0000000002ea6b90 code [0x0000000002ea6ce0, 0x0000000002ea6df0]
Event: 0.721 Thread 0x000000001c17c000 nmethod 989 0x0000000002ea9d90 code [0x0000000002ea9f00, 0x0000000002eaa1f8]
Event: 0.765 Thread 0x000000001c1cd000 nmethod 951 0x0000000002ead050 code [0x0000000002ead460, 0x0000000002eaf580]
Event: 0.811 Thread 0x000000001c17c000  991       4       java.util.Collections$UnmodifiableCollection::iterator (9 bytes)
Event: 0.812 Thread 0x000000001c1cd000  992       4       java.util.Collections$UnmodifiableCollection$1::next (10 bytes)
Event: 0.812 Thread 0x000000001c1da800  993       3       com.android.dx.ssa.back.FirstFitLocalCombiningAllocator::findNextUnreservedRopReg (68 bytes)

GC Heap History (0 events):
No events

Deoptimization events (8 events):
Event: 0.510 Thread 0x000000001de87800 Uncommon trap: reason=unstable_if action=reinterpret pc=0x0000000002ce50e0 method=java.util.HashMap.getNode(ILjava/lang/Object;)Ljava/util/HashMap$Node; @ 62
Event: 0.512 Thread 0x000000001de87800 Uncommon trap: reason=unstable_if action=reinterpret pc=0x0000000002ce7074 method=java.util.BitSet.nextSetBit(I)I @ 87
Event: 0.548 Thread 0x000000001de5e800 Uncommon trap: reason=class_check action=maybe_recompile pc=0x0000000002cf62f0 method=com.android.dx.ssa.NormalSsaInsn.accept(Lcom/android/dx/ssa/SsaInsn$Visitor;)V @ 9
Event: 0.574 Thread 0x000000001de8f800 Uncommon trap: reason=class_check action=maybe_recompile pc=0x0000000002cf62f0 method=com.android.dx.ssa.NormalSsaInsn.accept(Lcom/android/dx/ssa/SsaInsn$Visitor;)V @ 9
Event: 0.574 Thread 0x000000001de8f800 Uncommon trap: reason=class_check action=maybe_recompile pc=0x0000000002cf62f0 method=com.android.dx.ssa.NormalSsaInsn.accept(Lcom/android/dx/ssa/SsaInsn$Visitor;)V @ 9
Event: 0.574 Thread 0x000000001de8f800 Uncommon trap: reason=class_check action=maybe_recompile pc=0x0000000002cf62f0 method=com.android.dx.ssa.NormalSsaInsn.accept(Lcom/android/dx/ssa/SsaInsn$Visitor;)V @ 9
Event: 0.608 Thread 0x00000000027ee000 Uncommon trap: reason=unstable_if action=reinterpret pc=0x0000000002cf5c1c method=java.util.HashMap.getNode(ILjava/lang/Object;)Ljava/util/HashMap$Node; @ 62
Event: 0.716 Thread 0x000000001de8b800 Uncommon trap: reason=null_check action=make_not_entrant pc=0x0000000002db1768 method=com.android.dx.rop.type.Type.equals(Ljava/lang/Object;)Z @ 8

Classes redefined (0 events):
No events

Internal exceptions (3 events):
Event: 0.028 Thread 0x00000000027ee000 Exception <a 'java/lang/NoSuchMethodError': Method sun.misc.Unsafe.defineClass(Ljava/lang/String;[BII)Ljava/lang/Class; name or signature does not match> (0x000000076ab07ca8) thrown at [D:\src\AOSP-openjdk-cygwin\jdk8u\hotspot\src\share\vm\prims\jni.cpp, 
Event: 0.028 Thread 0x00000000027ee000 Exception <a 'java/lang/NoSuchMethodError': Method sun.misc.Unsafe.prefetchRead(Ljava/lang/Object;J)V name or signature does not match> (0x000000076ab07f90) thrown at [D:\src\AOSP-openjdk-cygwin\jdk8u\hotspot\src\share\vm\prims\jni.cpp, line 4011]
Event: 0.716 Thread 0x000000001de8b800 Implicit null exception at 0x0000000002db1662 to 0x0000000002db175a

Events (10 events):
Event: 0.678 loading class java/util/TreeMap$EntrySet done
Event: 0.678 loading class java/util/TreeMap$EntryIterator
Event: 0.678 loading class java/util/TreeMap$EntryIterator done
Event: 0.678 Executing VM operation: Deoptimize
Event: 0.678 Executing VM operation: Deoptimize done
Event: 0.698 loading class com/android/dx/cf/code/SwitchList
Event: 0.698 loading class com/android/dx/cf/code/SwitchList done
Event: 0.716 Thread 0x000000001de8b800 Uncommon trap: trap_request=0xfffffff4 fr.pc=0x0000000002db1768
Event: 0.716 Thread 0x000000001de8b800 DEOPT PACKING pc=0x0000000002db1768 sp=0x000000001e60e3a0
Event: 0.716 Thread 0x000000001de8b800 DEOPT UNPACKING pc=0x0000000002af556a sp=0x000000001e60e328 mode 2


Dynamic libraries:
0x00007ff6dd2a0000 - 0x00007ff6dd2d1000 	C:\Program Files\Android\Android Studio\jre\bin\java.exe
0x00007ffba6a40000 - 0x00007ffba6bec000 	C:\Windows\SYSTEM32\ntdll.dll
0x00007ffba4300000 - 0x00007ffba443e000 	C:\Windows\system32\KERNEL32.DLL
0x00007ffba3cc0000 - 0x00007ffba3dd5000 	C:\Windows\system32\KERNELBASE.dll
0x00007ffba6450000 - 0x00007ffba64fa000 	C:\Windows\system32\ADVAPI32.dll
0x00007ffba40c0000 - 0x00007ffba4237000 	C:\Windows\system32\USER32.dll
0x00007ffba12f0000 - 0x00007ffba156b000 	C:\Windows\WinSxS\amd64_microsoft.windows.common-controls_6595b64144ccf1df_6.0.9600.17415_none_6240486fecbd8abb\COMCTL32.dll
0x00007ffba45a0000 - 0x00007ffba464a000 	C:\Windows\system32\msvcrt.dll
0x00007ffba5bb0000 - 0x00007ffba5c09000 	C:\Windows\SYSTEM32\sechost.dll
0x00007ffba66c0000 - 0x00007ffba6801000 	C:\Windows\system32\RPCRT4.dll
0x00007ffba5dd0000 - 0x00007ffba5f21000 	C:\Windows\system32\GDI32.dll
0x00007ffba5b70000 - 0x00007ffba5ba6000 	C:\Windows\system32\IMM32.DLL
0x00007ffba4440000 - 0x00007ffba4593000 	C:\Windows\system32\MSCTF.dll
0x0000000050840000 - 0x0000000050912000 	C:\Program Files\Android\Android Studio\jre\jre\bin\msvcr100.dll
0x0000000050920000 - 0x000000005115e000 	C:\Program Files\Android\Android Studio\jre\jre\bin\server\jvm.dll
0x00007ffb9d940000 - 0x00007ffb9d949000 	C:\Windows\SYSTEM32\WSOCK32.dll
0x00007ffb99590000 - 0x00007ffb995b2000 	C:\Windows\SYSTEM32\WINMM.dll
0x00007ffb9d120000 - 0x00007ffb9d12a000 	C:\Windows\SYSTEM32\VERSION.dll
0x00007ffba5c10000 - 0x00007ffba5c17000 	C:\Windows\system32\PSAPI.DLL
0x00007ffba6520000 - 0x00007ffba657a000 	C:\Windows\system32\WS2_32.dll
0x00007ffb993e0000 - 0x00007ffb9940a000 	C:\Windows\SYSTEM32\WINMMBASE.dll
0x00007ffba6810000 - 0x00007ffba6819000 	C:\Windows\system32\NSI.dll
0x00007ffba3de0000 - 0x00007ffba3e2f000 	C:\Windows\SYSTEM32\cfgmgr32.dll
0x00007ffba2980000 - 0x00007ffba29a8000 	C:\Windows\SYSTEM32\DEVOBJ.dll
0x00007ffb8b030000 - 0x00007ffb8b03f000 	C:\Program Files\Android\Android Studio\jre\jre\bin\verify.dll
0x00007ffb84510000 - 0x00007ffb84539000 	C:\Program Files\Android\Android Studio\jre\jre\bin\java.dll
0x00007ffb82230000 - 0x00007ffb82246000 	C:\Program Files\Android\Android Studio\jre\jre\bin\zip.dll
0x00007ffba4650000 - 0x00007ffba5b69000 	C:\Windows\system32\SHELL32.dll
0x00007ffba6820000 - 0x00007ffba6a31000 	C:\Windows\SYSTEM32\combase.dll
0x00007ffba4240000 - 0x00007ffba4294000 	C:\Windows\system32\SHLWAPI.dll
0x00007ffba1f40000 - 0x00007ffba1ff2000 	C:\Windows\SYSTEM32\SHCORE.dll
0x00007ffba3b90000 - 0x00007ffba3ba5000 	C:\Windows\SYSTEM32\profapi.dll

VM Arguments:
jvm_args: -Djava.awt.headless=true -Xmx4g -Dfile.encoding=windows-1252 -Duser.country=IN -Duser.language=en -Duser.variant 
java_command: com.android.dx.command.Main --dex --num-threads=4 --multi-dex --output C:\Project\ShopKirana\salespersonApp\Mp Salesperson 2\app\build\intermediates\transforms\dex\debug\folders\1000\8\commons-io-2.5_5a8712f1b272c1b1c1f20a06e4c79448f8738bd6 C:\Project\ShopKirana\salespersonApp\Mp Salesperson 2\AmitLibs\build\intermediates\bundles\default\libs\commons-io-2.5.jar
java_class_path (initial): C:\Users\User\AppData\Local\Android\Sdk\build-tools\25.0.0\lib\dx.jar
Launcher Type: SUN_STANDARD

Environment Variables:
JAVA_HOME=C:\Program Files\Java\jdk-9.0.4\bin
PATH=C:\Python37\Scripts\;C:\Python37\;C:\ProgramData\Oracle\Java\javapath;C:\Windows\system32;C:\Windows;C:\Windows\System32\Wbem;C:\Windows\System32\WindowsPowerShell\v1.0\;C:\Program Files\Microsoft SQL Server\120\Tools\Binn\;C:\Program Files\Microsoft SQL Server\Client SDK\ODBC\110\Tools\Binn\;C:\Program Files (x86)\Microsoft SQL Server\120\Tools\Binn\;C:\Program Files\Microsoft SQL Server\120\DTS\Binn\;C:\Program Files (x86)\Microsoft SQL Server\120\Tools\Binn\ManagementStudio\;C:\Program Files (x86)\Microsoft SQL Server\120\DTS\Binn\;C:\Program Files\Microsoft SQL Server\130\Tools\Binn\;C:\Program Files\TortoiseSVN\bin;C:\Program Files\dotnet\;C:\Program Files (x86)\VisualSVN\bin;C:\Program Files\Java\jdk-9.0.4\bin;C:\Users\User\AppData\Local\Android\Sdk;C:\Users\User\AppData\Local\Android\Sdk\tools;C:\Users\User\AppData\Local\Android\Sdk\platform-tools;C:\Users\User\AppData\Local\Programs\Git\bin;C:\Program Files\nodejs\;C:\Users\User\AppData\Local\Programs\Git\cmd;C:\Users\User\AppData\Local\Programs\Git\mingw64\bin;C:\Users\User\AppData\Local\Programs\Git\usr\bin;C:\Users\User\AppData\Roaming\npm;C:\Users\User\AppData\Local\Programs\Microsoft VS Code\bin
USERNAME=User
OS=Windows_NT
PROCESSOR_IDENTIFIER=Intel64 Family 6 Model 42 Stepping 7, GenuineIntel



---------------  S Y S T E M  ---------------

OS: Windows 8.1 , 64 bit Build 9600 (6.3.9600.17415)

CPU:total 4 (initial active 4) (4 cores per cpu, 1 threads per core) family 6 model 42 stepping 7, cmov, cx8, fxsr, mmx, sse, sse2, sse3, ssse3, sse4.1, sse4.2, popcnt, avx, aes, clmul, tsc, tscinvbit

Memory: 4k page, physical 8266800k(1443604k free), swap 11412528k(5116k free)

vm_info: OpenJDK 64-Bit Server VM (25.152-b01) for windows-amd64 JRE (1.8.0_152-release-915-b01), built by "builder" with MS VC++ 10.0 (VS2010)

time: Tue Oct 30 16:28:16 2018
elapsed time: 0 seconds (0d 0h 0m 0s)

