#
# There is insufficient memory for the Java Runtime Environment to continue.
# Native memory allocation (malloc) failed to allocate 32744 bytes for ChunkPool::allocate
# Possible reasons:
#   The system is out of physical RAM or swap space
#   In 32 bit mode, the process size limit was hit
# Possible solutions:
#   Reduce memory load on the system
#   Increase physical memory or swap space
#   Check if swap backing store is full
#   Use 64 bit Java on a 64 bit OS
#   Decrease Java heap size (-Xmx/-Xms)
#   Decrease number of Java threads
#   Decrease Java thread stack sizes (-Xss)
#   Set larger code cache with -XX:ReservedCodeCacheSize=
# This output file may be truncated or incomplete.
#
#  Out of Memory Error (allocation.cpp:273), pid=17016, tid=0x0000000000000dc8
#
# JRE version: OpenJDK Runtime Environment (8.0_152-b01) (build 1.8.0_152-release-915-b01)
# Java VM: OpenJDK 64-Bit Server VM (25.152-b01 mixed mode windows-amd64 compressed oops)
# Failed to write core dump. Minidumps are not enabled by default on client versions of Windows
#

---------------  T H R E A D  ---------------

Current thread (0x000000001bcdc000):  JavaThread "C2 CompilerThread0" daemon [_thread_in_native, id=3528, stack(0x000000001d450000,0x000000001d550000)]

Stack: [0x000000001d450000,0x000000001d550000]
[error occurred during error reporting (printing stack bounds), id 0xc0000005]

Native frames: (J=compiled Java code, j=interpreted, Vv=VM code, C=native code)


Current CompileTask:
C2:  11632 2462 %     4       com.android.dx.ssa.back.LivenessAnalyzer::constructInterferenceGraph @ 16 (47 bytes)


---------------  P R O C E S S  ---------------

Java Threads: ( => current thread )
  0x000000001d8b9000 JavaThread "pool-2-thread-4" [_thread_in_Java, id=1572, stack(0x000000001e150000,0x000000001e250000)]
  0x000000001d8b2800 JavaThread "pool-2-thread-3" [_thread_in_Java, id=14972, stack(0x000000001e050000,0x000000001e150000)]
  0x000000001d8b2000 JavaThread "pool-2-thread-2" [_thread_blocked, id=10628, stack(0x000000001df50000,0x000000001e050000)]
  0x000000001d8a8800 JavaThread "pool-3-thread-1" [_thread_blocked, id=8140, stack(0x000000001de50000,0x000000001df50000)]
  0x000000001d8af000 JavaThread "pool-2-thread-1" [_thread_blocked, id=16316, stack(0x000000001dd50000,0x000000001de50000)]
  0x000000001d755000 JavaThread "Service Thread" daemon [_thread_blocked, id=6244, stack(0x000000001db50000,0x000000001dc50000)]
  0x000000001bd3e000 JavaThread "C1 CompilerThread2" daemon [_thread_blocked, id=13252, stack(0x000000001d650000,0x000000001d750000)]
  0x000000001bd35800 JavaThread "C2 CompilerThread1" daemon [_thread_in_native, id=5780, stack(0x000000001d550000,0x000000001d650000)]
=>0x000000001bcdc000 JavaThread "C2 CompilerThread0" daemon [_thread_in_native, id=3528, stack(0x000000001d450000,0x000000001d550000)]
  0x000000001bcda800 JavaThread "Attach Listener" daemon [_thread_blocked, id=5364, stack(0x000000001d350000,0x000000001d450000)]
  0x000000001bcd9800 JavaThread "Signal Dispatcher" daemon [_thread_blocked, id=12416, stack(0x000000001d250000,0x000000001d350000)]
  0x00000000025bc800 JavaThread "Finalizer" daemon [_thread_blocked, id=7436, stack(0x000000001cf30000,0x000000001d030000)]
  0x00000000025b1800 JavaThread "Reference Handler" daemon [_thread_blocked, id=4800, stack(0x000000001ce30000,0x000000001cf30000)]
  0x0000000000a9e000 JavaThread "main" [_thread_in_Java, id=9852, stack(0x00000000023c0000,0x00000000024c0000)]

Other Threads:
  0x000000001bca5000 VMThread [stack: 0x000000001cd30000,0x000000001ce30000] [id=616]
  0x000000001d756000 WatcherThread [stack: 0x000000001dc50000,0x000000001dd50000] [id=13832]

VM state:not at safepoint (normal execution)

VM Mutex/Monitor currently owned by a thread: None

Heap:
 PSYoungGen      total 287744K, used 5710K [0x000000076ab00000, 0x000000077df00000, 0x00000007c0000000)
  eden space 264704K, 1% used [0x000000076ab00000,0x000000076af951d0,0x000000077ad80000)
  from space 23040K, 4% used [0x000000077c580000,0x000000077c67e6f8,0x000000077dc00000)
  to   space 24576K, 0% used [0x000000077ad80000,0x000000077ad80000,0x000000077c580000)
 ParOldGen       total 162816K, used 87296K [0x00000006c0000000, 0x00000006c9f00000, 0x000000076ab00000)
  object space 162816K, 53% used [0x00000006c0000000,0x00000006c55400d8,0x00000006c9f00000)
 Metaspace       used 6276K, capacity 7216K, committed 7296K, reserved 1056768K
  class space    used 577K, capacity 616K, committed 640K, reserved 1048576K

Card table byte_map: [0x0000000011980000,0x0000000012190000] byte_map_base: 0x000000000e380000

Marking Bits: (ParMarkBitMap*) 0x00000000510e3950
 Begin Bits: [0x0000000012af0000, 0x0000000016af0000)
 End Bits:   [0x0000000016af0000, 0x000000001aaf0000)

Polling page: 0x0000000000c30000

CodeCache: size=245760Kb used=10765Kb max_used=10779Kb free=234994Kb
 bounds [0x00000000025c0000, 0x0000000003050000, 0x00000000115c0000]
 total_blobs=2370 nmethods=2108 adapters=175
 compilation: enabled

Compilation events (10 events):
Event: 8.870 Thread 0x000000001bcdc000 nmethod 2457 0x0000000003006f10 code [0x0000000003007060, 0x0000000003007158]
Event: 8.876 Thread 0x000000001bcdc000 2458       4       java.util.ArrayList::<init> (61 bytes)
Event: 8.879 Thread 0x000000001bcdc000 nmethod 2458 0x000000000301b990 code [0x000000000301bae0, 0x000000000301bc18]
Event: 8.882 Thread 0x000000001bcdc000 2459       4       com.android.dx.rop.cst.TypedConstant::getBasicType (8 bytes)
Event: 8.883 Thread 0x000000001bcdc000 nmethod 2459 0x000000000301b6d0 code [0x000000000301b820, 0x000000000301b8b8]
Event: 8.884 Thread 0x000000001bcdc000 2460       4       com.android.dx.cf.code.BasicBlocker::visitConstant (39 bytes)
Event: 8.885 Thread 0x000000001bd3e000 2461   !   3       com.android.dx.cf.code.BytecodeArray::parseInstruction (2764 bytes)
Event: 8.900 Thread 0x000000001bd3e000 nmethod 2461 0x0000000003029f90 code [0x000000000302b6c0, 0x000000000303bfa8]
Event: 8.900 Thread 0x000000001bcdc000 nmethod 2460 0x000000000304d650 code [0x000000000304d800, 0x000000000304e308]
Event: 11.630 Thread 0x000000001bcdc000 2462 %     4       com.android.dx.ssa.back.LivenessAnalyzer::constructInterferenceGraph @ 16 (47 bytes)

GC Heap History (10 events):
Event: 5.512 GC heap before
{Heap before GC invocations=5 (full 0):
 PSYoungGen      total 138240K, used 138226K [0x000000076ab00000, 0x0000000773700000, 0x00000007c0000000)
  eden space 133120K, 100% used [0x000000076ab00000,0x0000000772d00000,0x0000000772d00000)
  from space 5120K, 99% used [0x0000000773200000,0x00000007736fca88,0x0000000773700000)
  to   space 5120K, 0% used [0x0000000772d00000,0x0000000772d00000,0x0000000773200000)
 ParOldGen       total 87552K, used 26989K [0x00000006c0000000, 0x00000006c5580000, 0x000000076ab00000)
  object space 87552K, 30% used [0x00000006c0000000,0x00000006c1a5b428,0x00000006c5580000)
 Metaspace       used 6235K, capacity 7152K, committed 7296K, reserved 1056768K
  class space    used 577K, capacity 616K, committed 640K, reserved 1048576K
Event: 5.579 GC heap after
Heap after GC invocations=5 (full 0):
 PSYoungGen      total 138240K, used 5118K [0x000000076ab00000, 0x000000077dc00000, 0x00000007c0000000)
  eden space 133120K, 0% used [0x000000076ab00000,0x000000076ab00000,0x0000000772d00000)
  from space 5120K, 99% used [0x0000000772d00000,0x00000007731ff968,0x0000000773200000)
  to   space 23040K, 0% used [0x000000077c580000,0x000000077c580000,0x000000077dc00000)
 ParOldGen       total 87552K, used 44272K [0x00000006c0000000, 0x00000006c5580000, 0x000000076ab00000)
  object space 87552K, 50% used [0x00000006c0000000,0x00000006c2b3c060,0x00000006c5580000)
 Metaspace       used 6235K, capacity 7152K, committed 7296K, reserved 1056768K
  class space    used 577K, capacity 616K, committed 640K, reserved 1048576K
}
Event: 6.281 GC heap before
{Heap before GC invocations=6 (full 0):
 PSYoungGen      total 138240K, used 138238K [0x000000076ab00000, 0x000000077dc00000, 0x00000007c0000000)
  eden space 133120K, 100% used [0x000000076ab00000,0x0000000772d00000,0x0000000772d00000)
  from space 5120K, 99% used [0x0000000772d00000,0x00000007731ff968,0x0000000773200000)
  to   space 23040K, 0% used [0x000000077c580000,0x000000077c580000,0x000000077dc00000)
 ParOldGen       total 87552K, used 44272K [0x00000006c0000000, 0x00000006c5580000, 0x000000076ab00000)
  object space 87552K, 50% used [0x00000006c0000000,0x00000006c2b3c060,0x00000006c5580000)
 Metaspace       used 6267K, capacity 7216K, committed 7296K, reserved 1056768K
  class space    used 577K, capacity 616K, committed 640K, reserved 1048576K
Event: 6.334 GC heap after
Heap after GC invocations=6 (full 0):
 PSYoungGen      total 287744K, used 19715K [0x000000076ab00000, 0x000000077df00000, 0x00000007c0000000)
  eden space 264704K, 0% used [0x000000076ab00000,0x000000076ab00000,0x000000077ad80000)
  from space 23040K, 85% used [0x000000077c580000,0x000000077d8c0ed8,0x000000077dc00000)
  to   space 24576K, 0% used [0x000000077ad80000,0x000000077ad80000,0x000000077c580000)
 ParOldGen       total 87552K, used 44272K [0x00000006c0000000, 0x00000006c5580000, 0x000000076ab00000)
  object space 87552K, 50% used [0x00000006c0000000,0x00000006c2b3c060,0x00000006c5580000)
 Metaspace       used 6267K, capacity 7216K, committed 7296K, reserved 1056768K
  class space    used 577K, capacity 616K, committed 640K, reserved 1048576K
}
Event: 7.197 GC heap before
{Heap before GC invocations=7 (full 0):
 PSYoungGen      total 287744K, used 284419K [0x000000076ab00000, 0x000000077df00000, 0x00000007c0000000)
  eden space 264704K, 100% used [0x000000076ab00000,0x000000077ad80000,0x000000077ad80000)
  from space 23040K, 85% used [0x000000077c580000,0x000000077d8c0ed8,0x000000077dc00000)
  to   space 24576K, 0% used [0x000000077ad80000,0x000000077ad80000,0x000000077c580000)
 ParOldGen       total 87552K, used 44272K [0x00000006c0000000, 0x00000006c5580000, 0x000000076ab00000)
  object space 87552K, 50% used [0x00000006c0000000,0x00000006c2b3c060,0x00000006c5580000)
 Metaspace       used 6271K, capacity 7216K, committed 7296K, reserved 1056768K
  class space    used 577K, capacity 616K, committed 640K, reserved 1048576K
Event: 7.285 GC heap after
Heap after GC invocations=7 (full 0):
 PSYoungGen      total 289280K, used 24546K [0x000000076ab00000, 0x000000077df00000, 0x00000007c0000000)
  eden space 264704K, 0% used [0x000000076ab00000,0x000000076ab00000,0x000000077ad80000)
  from space 24576K, 99% used [0x000000077ad80000,0x000000077c578930,0x000000077c580000)
  to   space 23040K, 0% used [0x000000077c580000,0x000000077c580000,0x000000077dc00000)
 ParOldGen       total 87552K, used 54778K [0x00000006c0000000, 0x00000006c5580000, 0x000000076ab00000)
  object space 87552K, 62% used [0x00000006c0000000,0x00000006c357e8a0,0x00000006c5580000)
 Metaspace       used 6271K, capacity 7216K, committed 7296K, reserved 1056768K
  class space    used 577K, capacity 616K, committed 640K, reserved 1048576K
}
Event: 8.961 GC heap before
{Heap before GC invocations=8 (full 0):
 PSYoungGen      total 289280K, used 289250K [0x000000076ab00000, 0x000000077df00000, 0x00000007c0000000)
  eden space 264704K, 100% used [0x000000076ab00000,0x000000077ad80000,0x000000077ad80000)
  from space 24576K, 99% used [0x000000077ad80000,0x000000077c578930,0x000000077c580000)
  to   space 23040K, 0% used [0x000000077c580000,0x000000077c580000,0x000000077dc00000)
 ParOldGen       total 87552K, used 54778K [0x00000006c0000000, 0x00000006c5580000, 0x000000076ab00000)
  object space 87552K, 62% used [0x00000006c0000000,0x00000006c357e8a0,0x00000006c5580000)
 Metaspace       used 6276K, capacity 7216K, committed 7296K, reserved 1056768K
  class space    used 577K, capacity 616K, committed 640K, reserved 1048576K
Event: 9.539 GC heap after
Heap after GC invocations=8 (full 0):
 PSYoungGen      total 287744K, used 23039K [0x000000076ab00000, 0x000000077df00000, 0x00000007c0000000)
  eden space 264704K, 0% used [0x000000076ab00000,0x000000076ab00000,0x000000077ad80000)
  from space 23040K, 99% used [0x000000077c580000,0x000000077dbffe78,0x000000077dc00000)
  to   space 24576K, 0% used [0x000000077ad80000,0x000000077ad80000,0x000000077c580000)
 ParOldGen       total 87552K, used 78523K [0x00000006c0000000, 0x00000006c5580000, 0x000000076ab00000)
  object space 87552K, 89% used [0x00000006c0000000,0x00000006c4caed90,0x00000006c5580000)
 Metaspace       used 6276K, capacity 7216K, committed 7296K, reserved 1056768K
  class space    used 577K, capacity 616K, committed 640K, reserved 1048576K
}
Event: 9.539 GC heap before
{Heap before GC invocations=9 (full 1):
 PSYoungGen      total 287744K, used 23039K [0x000000076ab00000, 0x000000077df00000, 0x00000007c0000000)
  eden space 264704K, 0% used [0x000000076ab00000,0x000000076ab00000,0x000000077ad80000)
  from space 23040K, 99% used [0x000000077c580000,0x000000077dbffe78,0x000000077dc00000)
  to   space 24576K, 0% used [0x000000077ad80000,0x000000077ad80000,0x000000077c580000)
 ParOldGen       total 87552K, used 78523K [0x00000006c0000000, 0x00000006c5580000, 0x000000076ab00000)
  object space 87552K, 89% used [0x00000006c0000000,0x00000006c4caed90,0x00000006c5580000)
 Metaspace       used 6276K, capacity 7216K, committed 7296K, reserved 1056768K
  class space    used 577K, capacity 616K, committed 640K, reserved 1048576K
Event: 11.594 GC heap after
Heap after GC invocations=9 (full 1):
 PSYoungGen      total 287744K, used 1017K [0x000000076ab00000, 0x000000077df00000, 0x00000007c0000000)
  eden space 264704K, 0% used [0x000000076ab00000,0x000000076ab00000,0x000000077ad80000)
  from space 23040K, 4% used [0x000000077c580000,0x000000077c67e6f8,0x000000077dc00000)
  to   space 24576K, 0% used [0x000000077ad80000,0x000000077ad80000,0x000000077c580000)
 ParOldGen       total 162816K, used 87296K [0x00000006c0000000, 0x00000006c9f00000, 0x000000076ab00000)
  object space 162816K, 53% used [0x00000006c0000000,0x00000006c55400d8,0x00000006c9f00000)
 Metaspace       used 6276K, capacity 7216K, committed 7296K, reserved 1056768K
  class space    used 577K, capacity 616K, committed 640K, reserved 1048576K
}

Deoptimization events (10 events):
Event: 5.331 Thread 0x0000000000a9e000 Uncommon trap: reason=unstable_if action=reinterpret pc=0x0000000002d9ba70 method=com.android.dx.ssa.InterferenceRegisterMapper.interferes(III)Z @ 69
Event: 5.357 Thread 0x0000000000a9e000 Uncommon trap: reason=class_check action=maybe_recompile pc=0x0000000002e08508 method=com.android.dx.ssa.PhiTypeResolver.run()V @ 132
Event: 5.375 Thread 0x000000001d8af000 Uncommon trap: reason=class_check action=maybe_recompile pc=0x0000000002e6d83c method=com.android.dx.cf.code.BytecodeArray.parseInstruction(ILcom/android/dx/cf/code/BytecodeArray$Visitor;)I @ 2267
Event: 5.408 Thread 0x000000001d8b9000 Uncommon trap: reason=class_check action=maybe_recompile pc=0x0000000002e6d83c method=com.android.dx.cf.code.BytecodeArray.parseInstruction(ILcom/android/dx/cf/code/BytecodeArray$Visitor;)I @ 2267
Event: 5.611 Thread 0x000000001d8b2800 Uncommon trap: reason=class_check action=maybe_recompile pc=0x0000000002e08508 method=com.android.dx.ssa.PhiTypeResolver.run()V @ 132
Event: 5.699 Thread 0x000000001d8b9000 Uncommon trap: reason=class_check action=maybe_recompile pc=0x0000000002e35558 method=com.android.dx.ssa.SCCP.replaceConstants()V @ 182
Event: 5.703 Thread 0x0000000000a9e000 Uncommon trap: reason=unstable_if action=reinterpret pc=0x00000000029ca624 method=java.util.regex.Pattern$BnM.match(Ljava/util/regex/Matcher;ILjava/lang/CharSequence;)Z @ 56
Event: 6.166 Thread 0x000000001d8b2800 Uncommon trap: reason=class_check action=maybe_recompile pc=0x0000000002f05a28 method=com.android.dx.cf.code.BytecodeArray.parseInstruction(ILcom/android/dx/cf/code/BytecodeArray$Visitor;)I @ 1327
Event: 6.166 Thread 0x000000001d8b2800 Uncommon trap: reason=unstable_if action=reinterpret pc=0x0000000002f084b0 method=com.android.dx.cf.code.ByteCatchList.typeNotFound(Lcom/android/dx/cf/code/ByteCatchList$Item;[Lcom/android/dx/cf/code/ByteCatchList$Item;I)Z @ 26
Event: 6.419 Thread 0x000000001d8b2800 Uncommon trap: reason=class_check action=maybe_recompile pc=0x0000000002df4fb0 method=com.android.dx.ssa.back.FirstFitLocalCombiningAllocator.findNextUnreservedRopReg(IILcom/android/dx/ssa/back/FirstFitLocalCombiningAllocator$Alignment;)I @ 60

Classes redefined (0 events):
No events

Internal exceptions (5 events):
Event: 0.101 Thread 0x0000000000a9e000 Exception <a 'java/lang/NoSuchMethodError': Method sun.misc.Unsafe.defineClass(Ljava/lang/String;[BII)Ljava/lang/Class; name or signature does not match> (0x000000076ab07ca8) thrown at [D:\src\AOSP-openjdk-cygwin\jdk8u\hotspot\src\share\vm\prims\jni.cpp, 
Event: 0.101 Thread 0x0000000000a9e000 Exception <a 'java/lang/NoSuchMethodError': Method sun.misc.Unsafe.prefetchRead(Ljava/lang/Object;J)V name or signature does not match> (0x000000076ab07f90) thrown at [D:\src\AOSP-openjdk-cygwin\jdk8u\hotspot\src\share\vm\prims\jni.cpp, line 4011]
Event: 1.203 Thread 0x000000001d8af000 Implicit null exception at 0x0000000002a3d2e2 to 0x0000000002a3d3da
Event: 1.441 Thread 0x000000001d8af000 Implicit null exception at 0x0000000002b1f33b to 0x0000000002b20b29
Event: 1.727 Thread 0x000000001d8b2000 Implicit null exception at 0x0000000002afd3ca to 0x0000000002afe8d1

Events (10 events):
Event: 8.489 Thread 0x0000000000a9e000 DEOPT PACKING pc=0x0000000002f5ac25 sp=0x00000000024bdac0
Event: 8.489 Thread 0x0000000000a9e000 DEOPT UNPACKING pc=0x00000000026075bf sp=0x00000000024bd870 mode 0
Event: 8.498 Thread 0x0000000000a9e000 DEOPT PACKING pc=0x0000000002a0f640 sp=0x00000000024bdd20
Event: 8.498 Thread 0x0000000000a9e000 DEOPT UNPACKING pc=0x00000000026075bf sp=0x00000000024bdae0 mode 0
Event: 8.720 Thread 0x000000001d8af000 DEOPT PACKING pc=0x0000000002912db5 sp=0x000000001de4e620
Event: 8.720 Thread 0x000000001d8af000 DEOPT UNPACKING pc=0x00000000026075bf sp=0x000000001de4e560 mode 0
Event: 8.854 Thread 0x000000001d8b2000 DEOPT PACKING pc=0x000000000296edd5 sp=0x000000001e04e230
Event: 8.854 Thread 0x000000001d8b2000 DEOPT UNPACKING pc=0x00000000026075bf sp=0x000000001e04df68 mode 0
Event: 8.902 Executing VM operation: ParallelGCFailedAllocation
Event: 11.594 Executing VM operation: ParallelGCFailedAllocation done


Dynamic libraries:
0x00007ff747100000 - 0x00007ff747131000 	C:\Program Files\Android\Android Studio\jre\bin\java.exe
0x00007ffba6a40000 - 0x00007ffba6bec000 	C:\Windows\SYSTEM32\ntdll.dll
0x00007ffba4300000 - 0x00007ffba443e000 	C:\Windows\system32\KERNEL32.DLL
0x00007ffba3cc0000 - 0x00007ffba3dd5000 	C:\Windows\system32\KERNELBASE.dll
0x00007ffba6450000 - 0x00007ffba64fa000 	C:\Windows\system32\ADVAPI32.dll
0x00007ffba40c0000 - 0x00007ffba4237000 	C:\Windows\system32\USER32.dll
0x00007ffba12f0000 - 0x00007ffba156b000 	C:\Windows\WinSxS\amd64_microsoft.windows.common-controls_6595b64144ccf1df_6.0.9600.17415_none_6240486fecbd8abb\COMCTL32.dll
0x00007ffba45a0000 - 0x00007ffba464a000 	C:\Windows\system32\msvcrt.dll
0x00007ffba5bb0000 - 0x00007ffba5c09000 	C:\Windows\SYSTEM32\sechost.dll
0x00007ffba66c0000 - 0x00007ffba6801000 	C:\Windows\system32\RPCRT4.dll
0x00007ffba5dd0000 - 0x00007ffba5f21000 	C:\Windows\system32\GDI32.dll
0x00007ffba5b70000 - 0x00007ffba5ba6000 	C:\Windows\system32\IMM32.DLL
0x00007ffba4440000 - 0x00007ffba4593000 	C:\Windows\system32\MSCTF.dll
0x0000000050840000 - 0x0000000050912000 	C:\Program Files\Android\Android Studio\jre\jre\bin\msvcr100.dll
0x0000000050920000 - 0x000000005115e000 	C:\Program Files\Android\Android Studio\jre\jre\bin\server\jvm.dll
0x00007ffb9fa70000 - 0x00007ffb9fa79000 	C:\Windows\SYSTEM32\WSOCK32.dll
0x00007ffb99590000 - 0x00007ffb995b2000 	C:\Windows\SYSTEM32\WINMM.dll
0x00007ffb9d120000 - 0x00007ffb9d12a000 	C:\Windows\SYSTEM32\VERSION.dll
0x00007ffba5c10000 - 0x00007ffba5c17000 	C:\Windows\system32\PSAPI.DLL
0x00007ffba6520000 - 0x00007ffba657a000 	C:\Windows\system32\WS2_32.dll
0x00007ffb993e0000 - 0x00007ffb9940a000 	C:\Windows\SYSTEM32\WINMMBASE.dll
0x00007ffba6810000 - 0x00007ffba6819000 	C:\Windows\system32\NSI.dll
0x00007ffba3de0000 - 0x00007ffba3e2f000 	C:\Windows\SYSTEM32\cfgmgr32.dll
0x00007ffba2980000 - 0x00007ffba29a8000 	C:\Windows\SYSTEM32\DEVOBJ.dll
0x00007ffb8a320000 - 0x00007ffb8a32f000 	C:\Program Files\Android\Android Studio\jre\jre\bin\verify.dll
0x00007ffb7f3c0000 - 0x00007ffb7f3e9000 	C:\Program Files\Android\Android Studio\jre\jre\bin\java.dll
0x00007ffb88ef0000 - 0x00007ffb88f06000 	C:\Program Files\Android\Android Studio\jre\jre\bin\zip.dll
0x00007ffba4650000 - 0x00007ffba5b69000 	C:\Windows\system32\SHELL32.dll
0x00007ffba6820000 - 0x00007ffba6a31000 	C:\Windows\SYSTEM32\combase.dll
0x00007ffba4240000 - 0x00007ffba4294000 	C:\Windows\system32\SHLWAPI.dll
0x00007ffba1f40000 - 0x00007ffba1ff2000 	C:\Windows\SYSTEM32\SHCORE.dll
0x00007ffba3b90000 - 0x00007ffba3ba5000 	C:\Windows\SYSTEM32\profapi.dll

VM Arguments:
jvm_args: -Djava.awt.headless=true -Xmx4g -Dfile.encoding=windows-1252 -Duser.country=IN -Duser.language=en -Duser.variant 
java_command: com.android.dx.command.Main --dex --num-threads=4 --multi-dex --output C:\Project\ShopKirana\salespersonApp\Mp Salesperson 2\app\build\intermediates\transforms\dex\debug\folders\1000\1\debug_59fe4bdb1cf0595934be057d58f2cd293aab7074 C:\Project\ShopKirana\salespersonApp\Mp Salesperson 2\app\build\intermediates\classes\debug
java_class_path (initial): C:\Users\User\AppData\Local\Android\Sdk\build-tools\25.0.0\lib\dx.jar
Launcher Type: SUN_STANDARD

Environment Variables:
JAVA_HOME=C:\Program Files\Java\jdk-9.0.4\bin
PATH=C:\Python37\Scripts\;C:\Python37\;C:\ProgramData\Oracle\Java\javapath;C:\Windows\system32;C:\Windows;C:\Windows\System32\Wbem;C:\Windows\System32\WindowsPowerShell\v1.0\;C:\Program Files\Microsoft SQL Server\120\Tools\Binn\;C:\Program Files\Microsoft SQL Server\Client SDK\ODBC\110\Tools\Binn\;C:\Program Files (x86)\Microsoft SQL Server\120\Tools\Binn\;C:\Program Files\Microsoft SQL Server\120\DTS\Binn\;C:\Program Files (x86)\Microsoft SQL Server\120\Tools\Binn\ManagementStudio\;C:\Program Files (x86)\Microsoft SQL Server\120\DTS\Binn\;C:\Program Files\Microsoft SQL Server\130\Tools\Binn\;C:\Program Files\TortoiseSVN\bin;C:\Program Files\dotnet\;C:\Program Files (x86)\VisualSVN\bin;C:\Program Files\Java\jdk-9.0.4\bin;C:\Users\User\AppData\Local\Android\Sdk;C:\Users\User\AppData\Local\Android\Sdk\tools;C:\Users\User\AppData\Local\Android\Sdk\platform-tools;C:\Users\User\AppData\Local\Programs\Git\bin;C:\Program Files\nodejs\;C:\Users\User\AppData\Local\Programs\Git\cmd;C:\Users\User\AppData\Local\Programs\Git\mingw64\bin;C:\Users\User\AppData\Local\Programs\Git\usr\bin;C:\Users\User\AppData\Roaming\npm;C:\Users\User\AppData\Local\Programs\Microsoft VS Code\bin
USERNAME=User
OS=Windows_NT
PROCESSOR_IDENTIFIER=Intel64 Family 6 Model 42 Stepping 7, GenuineIntel



---------------  S Y S T E M  ---------------

OS: Windows 8.1 , 64 bit Build 9600 (6.3.9600.17415)

CPU:total 4 (initial active 4) (4 cores per cpu, 1 threads per core) family 6 model 42 stepping 7, cmov, cx8, fxsr, mmx, sse, sse2, sse3, ssse3, sse4.1, sse4.2, popcnt, avx, aes, clmul, tsc, tscinvbit

Memory: 4k page, physical 8266800k(821376k free), swap 11412528k(3076k free)

vm_info: OpenJDK 64-Bit Server VM (25.152-b01) for windows-amd64 JRE (1.8.0_152-release-915-b01), built by "builder" with MS VC++ 10.0 (VS2010)

time: Thu Nov 01 16:11:26 2018
elapsed time: 11 seconds (0d 0h 0m 11s)

