#
# There is insufficient memory for the Java Runtime Environment to continue.
# Native memory allocation (malloc) failed to allocate 1048576 bytes for AllocateHeap
# Possible reasons:
#   The system is out of physical RAM or swap space
#   In 32 bit mode, the process size limit was hit
# Possible solutions:
#   Reduce memory load on the system
#   Increase physical memory or swap space
#   Check if swap backing store is full
#   Use 64 bit Java on a 64 bit OS
#   Decrease Java heap size (-Xmx/-Xms)
#   Decrease number of Java threads
#   Decrease Java thread stack sizes (-Xss)
#   Set larger code cache with -XX:ReservedCodeCacheSize=
# This output file may be truncated or incomplete.
#
#  Out of Memory Error (memory/allocation.inline.hpp:61), pid=6280, tid=0x00000000000040fc
#
# JRE version:  (8.0_152-b01) (build )
# Java VM: OpenJDK 64-Bit Server VM (25.152-b01 mixed mode windows-amd64 compressed oops)
# Failed to write core dump. Minidumps are not enabled by default on client versions of Windows
#

---------------  T H R E A D  ---------------

Current thread (0x00000000029ce000):  JavaThread "Unknown thread" [_thread_in_vm, id=16636, stack(0x0000000002880000,0x0000000002980000)]

Stack: [0x0000000002880000,0x0000000002980000]
[error occurred during error reporting (printing stack bounds), id 0xc0000005]

Native frames: (J=compiled Java code, j=interpreted, Vv=VM code, C=native code)


---------------  P R O C E S S  ---------------

Java Threads: ( => current thread )

Other Threads:

=>0x00000000029ce000 (exited) JavaThread "Unknown thread" [_thread_in_vm, id=16636, stack(0x0000000002880000,0x0000000002980000)]

VM state:not at safepoint (normal execution)

VM Mutex/Monitor currently owned by a thread: None

Heap:
 PSYoungGen      total 38400K, used 665K [0x000000076ab00000, 0x000000076d580000, 0x00000007c0000000)
  eden space 33280K, 2% used [0x000000076ab00000,0x000000076aba6670,0x000000076cb80000)
  from space 5120K, 0% used [0x000000076d080000,0x000000076d080000,0x000000076d580000)
  to   space 5120K, 0% used [0x000000076cb80000,0x000000076cb80000,0x000000076d080000)
 ParOldGen       total 87552K, used 0K [0x00000006c0000000, 0x00000006c5580000, 0x000000076ab00000)
  object space 87552K, 0% used [0x00000006c0000000,0x00000006c0000000,0x00000006c5580000)
 Metaspace       used 772K, capacity 4480K, committed 4480K, reserved 1056768K
  class space    used 73K, capacity 384K, committed 384K, reserved 1048576K

Card table byte_map: [0x0000000011e90000,0x00000000126a0000] byte_map_base: 0x000000000e890000

Marking Bits: (ParMarkBitMap*) 0x00000000510e3950
 Begin Bits: [0x0000000013000000, 0x0000000017000000)
 End Bits:   [0x0000000017000000, 0x000000001b000000)

Polling page: 0x0000000001120000

CodeCache: size=245760Kb used=328Kb max_used=328Kb free=245431Kb
 bounds [0x0000000002ad0000, 0x0000000002d40000, 0x0000000011ad0000]
 total_blobs=57 nmethods=0 adapters=38
 compilation: enabled

Compilation events (0 events):
No events

GC Heap History (0 events):
No events

Deoptimization events (0 events):
No events

Classes redefined (0 events):
No events

Internal exceptions (0 events):
No events

Events (10 events):
Event: 0.296 loading class java/lang/Short
Event: 0.296 loading class java/lang/Short done
Event: 0.296 loading class java/lang/Integer
Event: 0.296 loading class java/lang/Integer done
Event: 0.296 loading class java/lang/Long
Event: 0.380 loading class java/lang/Long done
Event: 0.380 loading class java/lang/NullPointerException
Event: 0.380 loading class java/lang/NullPointerException done
Event: 0.380 loading class java/lang/ArithmeticException
Event: 0.380 loading class java/lang/ArithmeticException done


Dynamic libraries:
0x00007ff6dd2a0000 - 0x00007ff6dd2d1000 	C:\Program Files\Android\Android Studio\jre\bin\java.exe
0x00007ffba6a40000 - 0x00007ffba6bec000 	C:\Windows\SYSTEM32\ntdll.dll
0x00007ffba4300000 - 0x00007ffba443e000 	C:\Windows\system32\KERNEL32.DLL
0x00007ffba3cc0000 - 0x00007ffba3dd5000 	C:\Windows\system32\KERNELBASE.dll
0x00007ffba6450000 - 0x00007ffba64fa000 	C:\Windows\system32\ADVAPI32.dll
0x00007ffba40c0000 - 0x00007ffba4237000 	C:\Windows\system32\USER32.dll
0x00007ffba12f0000 - 0x00007ffba156b000 	C:\Windows\WinSxS\amd64_microsoft.windows.common-controls_6595b64144ccf1df_6.0.9600.17415_none_6240486fecbd8abb\COMCTL32.dll
0x00007ffba45a0000 - 0x00007ffba464a000 	C:\Windows\system32\msvcrt.dll
0x00007ffba5bb0000 - 0x00007ffba5c09000 	C:\Windows\SYSTEM32\sechost.dll
0x00007ffba66c0000 - 0x00007ffba6801000 	C:\Windows\system32\RPCRT4.dll
0x00007ffba5dd0000 - 0x00007ffba5f21000 	C:\Windows\system32\GDI32.dll
0x00007ffba5b70000 - 0x00007ffba5ba6000 	C:\Windows\system32\IMM32.DLL
0x00007ffba4440000 - 0x00007ffba4593000 	C:\Windows\system32\MSCTF.dll
0x0000000050840000 - 0x0000000050912000 	C:\Program Files\Android\Android Studio\jre\jre\bin\msvcr100.dll
0x0000000050920000 - 0x000000005115e000 	C:\Program Files\Android\Android Studio\jre\jre\bin\server\jvm.dll
0x00007ffb9d940000 - 0x00007ffb9d949000 	C:\Windows\SYSTEM32\WSOCK32.dll
0x00007ffb99590000 - 0x00007ffb995b2000 	C:\Windows\SYSTEM32\WINMM.dll
0x00007ffb9d120000 - 0x00007ffb9d12a000 	C:\Windows\SYSTEM32\VERSION.dll
0x00007ffba5c10000 - 0x00007ffba5c17000 	C:\Windows\system32\PSAPI.DLL
0x00007ffba6520000 - 0x00007ffba657a000 	C:\Windows\system32\WS2_32.dll
0x00007ffb993e0000 - 0x00007ffb9940a000 	C:\Windows\SYSTEM32\WINMMBASE.dll
0x00007ffba6810000 - 0x00007ffba6819000 	C:\Windows\system32\NSI.dll
0x00007ffba3de0000 - 0x00007ffba3e2f000 	C:\Windows\SYSTEM32\cfgmgr32.dll
0x00007ffba2980000 - 0x00007ffba29a8000 	C:\Windows\SYSTEM32\DEVOBJ.dll
0x00007ffb8b030000 - 0x00007ffb8b03f000 	C:\Program Files\Android\Android Studio\jre\jre\bin\verify.dll
0x00007ffb84510000 - 0x00007ffb84539000 	C:\Program Files\Android\Android Studio\jre\jre\bin\java.dll
0x00007ffb82230000 - 0x00007ffb82246000 	C:\Program Files\Android\Android Studio\jre\jre\bin\zip.dll

VM Arguments:
jvm_args: -Djava.awt.headless=true -Xmx4g -Dfile.encoding=windows-1252 -Duser.country=IN -Duser.language=en -Duser.variant 
java_command: com.android.dx.command.Main --dex --num-threads=4 --multi-dex --output C:\Project\ShopKirana\salespersonApp\Mp Salesperson 2\app\build\intermediates\transforms\dex\debug\folders\1000\8\gson-2.2.4_f9d1beb144e184f5faecc571fc9a4e758761f5a5 C:\Project\ShopKirana\salespersonApp\Mp Salesperson 2\AmitLibs\build\intermediates\bundles\default\libs\gson-2.2.4.jar
java_class_path (initial): C:\Users\User\AppData\Local\Android\Sdk\build-tools\25.0.0\lib\dx.jar
Launcher Type: SUN_STANDARD

Environment Variables:
JAVA_HOME=C:\Program Files\Java\jdk-9.0.4\bin
PATH=C:\Python37\Scripts\;C:\Python37\;C:\ProgramData\Oracle\Java\javapath;C:\Windows\system32;C:\Windows;C:\Windows\System32\Wbem;C:\Windows\System32\WindowsPowerShell\v1.0\;C:\Program Files\Microsoft SQL Server\120\Tools\Binn\;C:\Program Files\Microsoft SQL Server\Client SDK\ODBC\110\Tools\Binn\;C:\Program Files (x86)\Microsoft SQL Server\120\Tools\Binn\;C:\Program Files\Microsoft SQL Server\120\DTS\Binn\;C:\Program Files (x86)\Microsoft SQL Server\120\Tools\Binn\ManagementStudio\;C:\Program Files (x86)\Microsoft SQL Server\120\DTS\Binn\;C:\Program Files\Microsoft SQL Server\130\Tools\Binn\;C:\Program Files\TortoiseSVN\bin;C:\Program Files\dotnet\;C:\Program Files (x86)\VisualSVN\bin;C:\Program Files\Java\jdk-9.0.4\bin;C:\Users\User\AppData\Local\Android\Sdk;C:\Users\User\AppData\Local\Android\Sdk\tools;C:\Users\User\AppData\Local\Android\Sdk\platform-tools;C:\Users\User\AppData\Local\Programs\Git\bin;C:\Program Files\nodejs\;C:\Users\User\AppData\Local\Programs\Git\cmd;C:\Users\User\AppData\Local\Programs\Git\mingw64\bin;C:\Users\User\AppData\Local\Programs\Git\usr\bin;C:\Users\User\AppData\Roaming\npm;C:\Users\User\AppData\Local\Programs\Microsoft VS Code\bin
USERNAME=User
OS=Windows_NT
PROCESSOR_IDENTIFIER=Intel64 Family 6 Model 42 Stepping 7, GenuineIntel



---------------  S Y S T E M  ---------------

OS: Windows 8.1 , 64 bit Build 9600 (6.3.9600.17415)

CPU:total 4 (initial active 4) (4 cores per cpu, 1 threads per core) family 6 model 42 stepping 7, cmov, cx8, fxsr, mmx, sse, sse2, sse3, ssse3, sse4.1, sse4.2, popcnt, avx, aes, clmul, tsc, tscinvbit

Memory: 4k page, physical 8266800k(1451072k free), swap 11412528k(6772k free)

vm_info: OpenJDK 64-Bit Server VM (25.152-b01) for windows-amd64 JRE (1.8.0_152-release-915-b01), built by "builder" with MS VC++ 10.0 (VS2010)

time: Tue Oct 30 16:28:17 2018
elapsed time: 0 seconds (0d 0h 0m 0s)

