#
# There is insufficient memory for the Java Runtime Environment to continue.
# Native memory allocation (malloc) failed to allocate 1134256 bytes for Chunk::new
# Possible reasons:
#   The system is out of physical RAM or swap space
#   In 32 bit mode, the process size limit was hit
# Possible solutions:
#   Reduce memory load on the system
#   Increase physical memory or swap space
#   Check if swap backing store is full
#   Use 64 bit Java on a 64 bit OS
#   Decrease Java heap size (-Xmx/-Xms)
#   Decrease number of Java threads
#   Decrease Java thread stack sizes (-Xss)
#   Set larger code cache with -XX:ReservedCodeCacheSize=
# This output file may be truncated or incomplete.
#
#  Out of Memory Error (allocation.cpp:390), pid=13348, tid=0x0000000000002058
#
# JRE version: OpenJDK Runtime Environment (8.0_152-b01) (build 1.8.0_152-release-915-b01)
# Java VM: OpenJDK 64-Bit Server VM (25.152-b01 mixed mode windows-amd64 compressed oops)
# Failed to write core dump. Minidumps are not enabled by default on client versions of Windows
#

---------------  T H R E A D  ---------------

Current thread (0x000000001c1cc000):  JavaThread "C2 CompilerThread0" daemon [_thread_in_native, id=8280, stack(0x000000001d940000,0x000000001da40000)]

Stack: [0x000000001d940000,0x000000001da40000]
[error occurred during error reporting (printing stack bounds), id 0xc0000005]

Native frames: (J=compiled Java code, j=interpreted, Vv=VM code, C=native code)


Current CompileTask:
C2:   4157 1684       4       com.android.dx.rop.code.LocalVariableExtractor::processBlock (327 bytes)


---------------  P R O C E S S  ---------------

Java Threads: ( => current thread )
  0x000000001df47800 JavaThread "pool-2-thread-4" [_thread_blocked, id=3824, stack(0x000000001e640000,0x000000001e740000)]
  0x000000001df19000 JavaThread "pool-2-thread-3" [_thread_blocked, id=2388, stack(0x000000001e540000,0x000000001e640000)]
  0x000000001df18800 JavaThread "pool-2-thread-2" [_thread_blocked, id=9004, stack(0x000000001e440000,0x000000001e540000)]
  0x000000001dee6000 JavaThread "pool-3-thread-1" [_thread_blocked, id=5760, stack(0x000000001e340000,0x000000001e440000)]
  0x000000001dee5800 JavaThread "pool-2-thread-1" [_thread_in_Java, id=16544, stack(0x000000001e240000,0x000000001e340000)]
  0x000000001dc46000 JavaThread "Service Thread" daemon [_thread_blocked, id=12068, stack(0x000000001e040000,0x000000001e140000)]
  0x000000001c22e000 JavaThread "C1 CompilerThread2" daemon [_thread_blocked, id=6656, stack(0x000000001db40000,0x000000001dc40000)]
  0x000000001c225000 JavaThread "C2 CompilerThread1" daemon [_thread_in_native, id=3828, stack(0x000000001da40000,0x000000001db40000)]
=>0x000000001c1cc000 JavaThread "C2 CompilerThread0" daemon [_thread_in_native, id=8280, stack(0x000000001d940000,0x000000001da40000)]
  0x000000001c1ca800 JavaThread "Attach Listener" daemon [_thread_blocked, id=10436, stack(0x000000001d840000,0x000000001d940000)]
  0x000000001c1c9000 JavaThread "Signal Dispatcher" daemon [_thread_blocked, id=5484, stack(0x000000001d740000,0x000000001d840000)]
  0x0000000002afc800 JavaThread "Finalizer" daemon [_thread_blocked, id=9576, stack(0x000000001d420000,0x000000001d520000)]
  0x0000000002af1800 JavaThread "Reference Handler" daemon [_thread_blocked, id=8032, stack(0x000000001d320000,0x000000001d420000)]
  0x00000000028fe000 JavaThread "main" [_thread_in_Java, id=10996, stack(0x0000000002900000,0x0000000002a00000)]

Other Threads:
  0x000000001c195000 VMThread [stack: 0x000000001d220000,0x000000001d320000] [id=15972]
  0x000000001dc47000 WatcherThread [stack: 0x000000001e140000,0x000000001e240000] [id=6264]

VM state:not at safepoint (normal execution)

VM Mutex/Monitor currently owned by a thread: None

Heap:
 PSYoungGen      total 71680K, used 58912K [0x000000076ab00000, 0x000000076f600000, 0x00000007c0000000)
  eden space 66560K, 80% used [0x000000076ab00000,0x000000076df8e600,0x000000076ec00000)
  from space 5120K, 99% used [0x000000076f100000,0x000000076f5f9c78,0x000000076f600000)
  to   space 5120K, 0% used [0x000000076ec00000,0x000000076ec00000,0x000000076f100000)
 ParOldGen       total 87552K, used 5730K [0x00000006c0000000, 0x00000006c5580000, 0x000000076ab00000)
  object space 87552K, 6% used [0x00000006c0000000,0x00000006c0598bb0,0x00000006c5580000)
 Metaspace       used 6265K, capacity 7090K, committed 7296K, reserved 1056768K
  class space    used 593K, capacity 618K, committed 640K, reserved 1048576K

Card table byte_map: [0x0000000011ec0000,0x00000000126d0000] byte_map_base: 0x000000000e8c0000

Marking Bits: (ParMarkBitMap*) 0x00000000510e3950
 Begin Bits: [0x0000000013030000, 0x0000000017030000)
 End Bits:   [0x0000000017030000, 0x000000001b030000)

Polling page: 0x00000000027d0000

CodeCache: size=245760Kb used=7547Kb max_used=7574Kb free=238212Kb
 bounds [0x0000000002b00000, 0x0000000003270000, 0x0000000011b00000]
 total_blobs=1981 nmethods=1718 adapters=176
 compilation: enabled

Compilation events (10 events):
Event: 4.055 Thread 0x000000001c22e000 1734       2       com.android.dx.cf.direct.AnnotationParser::requireLength (22 bytes)
Event: 4.056 Thread 0x000000001c22e000 nmethod 1734 0x0000000003251610 code [0x0000000003251780, 0x00000000032519d8]
Event: 4.069 Thread 0x000000001c22e000 1735       1       com.android.dx.rop.cst.CstLong::getType (4 bytes)
Event: 4.069 Thread 0x000000001c22e000 nmethod 1735 0x0000000003251350 code [0x00000000032514a0, 0x00000000032515b0]
Event: 4.080 Thread 0x000000001c22e000 1737       2       com.android.dx.rop.cst.CstNat::equals (48 bytes)
Event: 4.081 Thread 0x000000001c22e000 nmethod 1737 0x0000000003250c10 code [0x0000000003250da0, 0x0000000003251118]
Event: 4.091 Thread 0x000000001c225000 nmethod 1694 0x000000000325f950 code [0x000000000325fe20, 0x0000000003264080]
Event: 4.091 Thread 0x000000001c225000 1730       4       com.android.dx.rop.code.RegisterSpecSet::size (49 bytes)
Event: 4.093 Thread 0x000000001c225000 nmethod 1730 0x00000000032508d0 code [0x0000000003250a00, 0x0000000003250b58]
Event: 4.093 Thread 0x000000001c225000 1681       4       com.android.dx.ssa.SsaMethod::mapRegisters (87 bytes)

GC Heap History (4 events):
Event: 3.123 GC heap before
{Heap before GC invocations=1 (full 0):
 PSYoungGen      total 38400K, used 33280K [0x000000076ab00000, 0x000000076d580000, 0x00000007c0000000)
  eden space 33280K, 100% used [0x000000076ab00000,0x000000076cb80000,0x000000076cb80000)
  from space 5120K, 0% used [0x000000076d080000,0x000000076d080000,0x000000076d580000)
  to   space 5120K, 0% used [0x000000076cb80000,0x000000076cb80000,0x000000076d080000)
 ParOldGen       total 87552K, used 0K [0x00000006c0000000, 0x00000006c5580000, 0x000000076ab00000)
  object space 87552K, 0% used [0x00000006c0000000,0x00000006c0000000,0x00000006c5580000)
 Metaspace       used 5970K, capacity 6960K, committed 7040K, reserved 1056768K
  class space    used 573K, capacity 616K, committed 640K, reserved 1048576K
Event: 3.177 GC heap after
Heap after GC invocations=1 (full 0):
 PSYoungGen      total 38400K, used 5093K [0x000000076ab00000, 0x000000076f600000, 0x00000007c0000000)
  eden space 33280K, 0% used [0x000000076ab00000,0x000000076ab00000,0x000000076cb80000)
  from space 5120K, 99% used [0x000000076cb80000,0x000000076d079640,0x000000076d080000)
  to   space 5120K, 0% used [0x000000076f100000,0x000000076f100000,0x000000076f600000)
 ParOldGen       total 87552K, used 1141K [0x00000006c0000000, 0x00000006c5580000, 0x000000076ab00000)
  object space 87552K, 1% used [0x00000006c0000000,0x00000006c011d440,0x00000006c5580000)
 Metaspace       used 5970K, capacity 6960K, committed 7040K, reserved 1056768K
  class space    used 573K, capacity 616K, committed 640K, reserved 1048576K
}
Event: 3.648 GC heap before
{Heap before GC invocations=2 (full 0):
 PSYoungGen      total 38400K, used 38373K [0x000000076ab00000, 0x000000076f600000, 0x00000007c0000000)
  eden space 33280K, 100% used [0x000000076ab00000,0x000000076cb80000,0x000000076cb80000)
  from space 5120K, 99% used [0x000000076cb80000,0x000000076d079640,0x000000076d080000)
  to   space 5120K, 0% used [0x000000076f100000,0x000000076f100000,0x000000076f600000)
 ParOldGen       total 87552K, used 1141K [0x00000006c0000000, 0x00000006c5580000, 0x000000076ab00000)
  object space 87552K, 1% used [0x00000006c0000000,0x00000006c011d440,0x00000006c5580000)
 Metaspace       used 6140K, capacity 7088K, committed 7296K, reserved 1056768K
  class space    used 574K, capacity 616K, committed 640K, reserved 1048576K
Event: 3.708 GC heap after
Heap after GC invocations=2 (full 0):
 PSYoungGen      total 71680K, used 5095K [0x000000076ab00000, 0x000000076f600000, 0x00000007c0000000)
  eden space 66560K, 0% used [0x000000076ab00000,0x000000076ab00000,0x000000076ec00000)
  from space 5120K, 99% used [0x000000076f100000,0x000000076f5f9c78,0x000000076f600000)
  to   space 5120K, 0% used [0x000000076ec00000,0x000000076ec00000,0x000000076f100000)
 ParOldGen       total 87552K, used 5730K [0x00000006c0000000, 0x00000006c5580000, 0x000000076ab00000)
  object space 87552K, 6% used [0x00000006c0000000,0x00000006c0598bb0,0x00000006c5580000)
 Metaspace       used 6140K, capacity 7088K, committed 7296K, reserved 1056768K
  class space    used 574K, capacity 616K, committed 640K, reserved 1048576K
}

Deoptimization events (10 events):
Event: 3.804 Thread 0x00000000028fe000 Uncommon trap: reason=bimorphic action=maybe_recompile pc=0x00000000030a9578 method=com.android.dx.ssa.LiteralOpUpgrader.tryReplacingWithConstant(Lcom/android/dx/ssa/NormalSsaInsn;)Z @ 52
Event: 3.805 Thread 0x00000000028fe000 Uncommon trap: reason=unstable_if action=reinterpret pc=0x00000000030ec4b0 method=com.android.dx.dex.code.RopToDop.dopFor(Lcom/android/dx/rop/code/Insn;)Lcom/android/dx/dex/code/Dop; @ 747
Event: 3.805 Thread 0x00000000028fe000 Uncommon trap: reason=bimorphic action=maybe_recompile pc=0x00000000030a9578 method=com.android.dx.ssa.LiteralOpUpgrader.tryReplacingWithConstant(Lcom/android/dx/ssa/NormalSsaInsn;)Z @ 52
Event: 3.805 Thread 0x00000000028fe000 Uncommon trap: reason=bimorphic action=maybe_recompile pc=0x00000000030a9578 method=com.android.dx.ssa.LiteralOpUpgrader.tryReplacingWithConstant(Lcom/android/dx/ssa/NormalSsaInsn;)Z @ 52
Event: 3.806 Thread 0x00000000028fe000 Uncommon trap: reason=bimorphic action=maybe_recompile pc=0x00000000030a9578 method=com.android.dx.ssa.LiteralOpUpgrader.tryReplacingWithConstant(Lcom/android/dx/ssa/NormalSsaInsn;)Z @ 52
Event: 3.866 Thread 0x000000001df19000 Uncommon trap: reason=unstable_if action=reinterpret pc=0x0000000002e1d7b8 method=com.android.dx.rop.code.RegisterSpec.equals(ILcom/android/dx/rop/type/TypeBearer;Lcom/android/dx/rop/code/LocalItem;)Z @ 42
Event: 3.966 Thread 0x000000001df19000 Uncommon trap: reason=unstable_if action=reinterpret pc=0x0000000002e4dfec method=java.util.HashMap.putVal(ILjava/lang/Object;Ljava/lang/Object;ZZ)Ljava/lang/Object; @ 162
Event: 3.969 Thread 0x000000001df19000 Uncommon trap: reason=unstable_if action=reinterpret pc=0x0000000002f3f1dc method=java.util.HashMap.getNode(ILjava/lang/Object;)Ljava/util/HashMap$Node; @ 84
Event: 3.969 Thread 0x000000001df19000 Uncommon trap: reason=unstable_if action=reinterpret pc=0x00000000030ba5e0 method=java.util.HashMap.putVal(ILjava/lang/Object;Ljava/lang/Object;ZZ)Ljava/lang/Object; @ 162
Event: 3.972 Thread 0x000000001dee5800 Uncommon trap: reason=unstable_if action=reinterpret pc=0x0000000003215e68 method=com.android.dx.cf.code.ByteCatchList.listFor(I)Lcom/android/dx/cf/code/ByteCatchList; @ 47

Classes redefined (0 events):
No events

Internal exceptions (6 events):
Event: 0.389 Thread 0x00000000028fe000 Exception <a 'java/lang/NoSuchMethodError': Method sun.misc.Unsafe.defineClass(Ljava/lang/String;[BII)Ljava/lang/Class; name or signature does not match> (0x000000076ab07ca8) thrown at [D:\src\AOSP-openjdk-cygwin\jdk8u\hotspot\src\share\vm\prims\jni.cpp, 
Event: 0.389 Thread 0x00000000028fe000 Exception <a 'java/lang/NoSuchMethodError': Method sun.misc.Unsafe.prefetchRead(Ljava/lang/Object;J)V name or signature does not match> (0x000000076ab07f90) thrown at [D:\src\AOSP-openjdk-cygwin\jdk8u\hotspot\src\share\vm\prims\jni.cpp, line 4011]
Event: 3.792 Thread 0x000000001df18800 Implicit null exception at 0x000000000318bb3a to 0x000000000318e271
Event: 3.967 Thread 0x000000001df19000 Exception <a 'java/lang/ArrayIndexOutOfBoundsException': 18> (0x000000076cce4090) thrown at [D:\src\AOSP-openjdk-cygwin\jdk8u\hotspot\src\share\vm\interpreter\interpreterRuntime.cpp, line 366]
Event: 3.968 Thread 0x000000001df19000 Exception <a 'java/lang/ArrayIndexOutOfBoundsException': 145> (0x000000076cce5c10) thrown at [D:\src\AOSP-openjdk-cygwin\jdk8u\hotspot\src\share\vm\interpreter\interpreterRuntime.cpp, line 366]
Event: 3.968 Thread 0x000000001df19000 Exception <a 'java/lang/ArrayIndexOutOfBoundsException'> (0x000000076cce6ef8) thrown at [D:\src\AOSP-openjdk-cygwin\jdk8u\hotspot\src\share\vm\runtime\sharedRuntime.cpp, line 605]

Events (10 events):
Event: 3.968 loading class sun/reflect/generics/reflectiveObjects/TypeVariableImpl done
Event: 3.969 Thread 0x000000001df19000 Uncommon trap: trap_request=0xffffff65 fr.pc=0x0000000002f3f1dc
Event: 3.969 Thread 0x000000001df19000 DEOPT PACKING pc=0x0000000002f3f1dc sp=0x000000001e63e500
Event: 3.969 Thread 0x000000001df19000 DEOPT UNPACKING pc=0x0000000002b4556a sp=0x000000001e63e478 mode 2
Event: 3.969 Thread 0x000000001df19000 Uncommon trap: trap_request=0xffffff65 fr.pc=0x00000000030ba5e0
Event: 3.969 Thread 0x000000001df19000 DEOPT PACKING pc=0x00000000030ba5e0 sp=0x000000001e63e430
Event: 3.969 Thread 0x000000001df19000 DEOPT UNPACKING pc=0x0000000002b4556a sp=0x000000001e63e3b8 mode 2
Event: 3.972 Thread 0x000000001dee5800 Uncommon trap: trap_request=0xffffff65 fr.pc=0x0000000003215e68
Event: 3.972 Thread 0x000000001dee5800 DEOPT PACKING pc=0x0000000003215e68 sp=0x000000001e33e970
Event: 3.972 Thread 0x000000001dee5800 DEOPT UNPACKING pc=0x0000000002b4556a sp=0x000000001e33e7b0 mode 2


Dynamic libraries:
0x00007ff6dd2a0000 - 0x00007ff6dd2d1000 	C:\Program Files\Android\Android Studio\jre\bin\java.exe
0x00007ffba6a40000 - 0x00007ffba6bec000 	C:\Windows\SYSTEM32\ntdll.dll
0x00007ffba4300000 - 0x00007ffba443e000 	C:\Windows\system32\KERNEL32.DLL
0x00007ffba3cc0000 - 0x00007ffba3dd5000 	C:\Windows\system32\KERNELBASE.dll
0x00007ffba6450000 - 0x00007ffba64fa000 	C:\Windows\system32\ADVAPI32.dll
0x00007ffba40c0000 - 0x00007ffba4237000 	C:\Windows\system32\USER32.dll
0x00007ffba12f0000 - 0x00007ffba156b000 	C:\Windows\WinSxS\amd64_microsoft.windows.common-controls_6595b64144ccf1df_6.0.9600.17415_none_6240486fecbd8abb\COMCTL32.dll
0x00007ffba45a0000 - 0x00007ffba464a000 	C:\Windows\system32\msvcrt.dll
0x00007ffba5bb0000 - 0x00007ffba5c09000 	C:\Windows\SYSTEM32\sechost.dll
0x00007ffba66c0000 - 0x00007ffba6801000 	C:\Windows\system32\RPCRT4.dll
0x00007ffba5dd0000 - 0x00007ffba5f21000 	C:\Windows\system32\GDI32.dll
0x00007ffba5b70000 - 0x00007ffba5ba6000 	C:\Windows\system32\IMM32.DLL
0x00007ffba4440000 - 0x00007ffba4593000 	C:\Windows\system32\MSCTF.dll
0x0000000050840000 - 0x0000000050912000 	C:\Program Files\Android\Android Studio\jre\jre\bin\msvcr100.dll
0x0000000050920000 - 0x000000005115e000 	C:\Program Files\Android\Android Studio\jre\jre\bin\server\jvm.dll
0x00007ffb9d940000 - 0x00007ffb9d949000 	C:\Windows\SYSTEM32\WSOCK32.dll
0x00007ffb99590000 - 0x00007ffb995b2000 	C:\Windows\SYSTEM32\WINMM.dll
0x00007ffb9d120000 - 0x00007ffb9d12a000 	C:\Windows\SYSTEM32\VERSION.dll
0x00007ffba5c10000 - 0x00007ffba5c17000 	C:\Windows\system32\PSAPI.DLL
0x00007ffba6520000 - 0x00007ffba657a000 	C:\Windows\system32\WS2_32.dll
0x00007ffb993e0000 - 0x00007ffb9940a000 	C:\Windows\SYSTEM32\WINMMBASE.dll
0x00007ffba6810000 - 0x00007ffba6819000 	C:\Windows\system32\NSI.dll
0x00007ffba3de0000 - 0x00007ffba3e2f000 	C:\Windows\SYSTEM32\cfgmgr32.dll
0x00007ffba2980000 - 0x00007ffba29a8000 	C:\Windows\SYSTEM32\DEVOBJ.dll
0x00007ffb8b030000 - 0x00007ffb8b03f000 	C:\Program Files\Android\Android Studio\jre\jre\bin\verify.dll
0x00007ffb84510000 - 0x00007ffb84539000 	C:\Program Files\Android\Android Studio\jre\jre\bin\java.dll
0x00007ffb82230000 - 0x00007ffb82246000 	C:\Program Files\Android\Android Studio\jre\jre\bin\zip.dll
0x00007ffba4650000 - 0x00007ffba5b69000 	C:\Windows\system32\SHELL32.dll
0x00007ffba6820000 - 0x00007ffba6a31000 	C:\Windows\SYSTEM32\combase.dll
0x00007ffba4240000 - 0x00007ffba4294000 	C:\Windows\system32\SHLWAPI.dll
0x00007ffba1f40000 - 0x00007ffba1ff2000 	C:\Windows\SYSTEM32\SHCORE.dll
0x00007ffba3b90000 - 0x00007ffba3ba5000 	C:\Windows\SYSTEM32\profapi.dll

VM Arguments:
jvm_args: -Djava.awt.headless=true -Xmx4g -Dfile.encoding=windows-1252 -Duser.country=IN -Duser.language=en -Duser.variant 
java_command: com.android.dx.command.Main --dex --num-threads=4 --multi-dex --output C:\Project\ShopKirana\salespersonApp\Mp Salesperson 2\app\build\intermediates\transforms\dex\debug\folders\1000\8\httpcore-4.3_09a5c62c72810021275e5daf12736834f51c60d4 C:\Project\ShopKirana\salespersonApp\Mp Salesperson 2\AmitLibs\build\intermediates\bundles\default\libs\httpcore-4.3.jar
java_class_path (initial): C:\Users\User\AppData\Local\Android\Sdk\build-tools\25.0.0\lib\dx.jar
Launcher Type: SUN_STANDARD

Environment Variables:
JAVA_HOME=C:\Program Files\Java\jdk-9.0.4\bin
PATH=C:\Python37\Scripts\;C:\Python37\;C:\ProgramData\Oracle\Java\javapath;C:\Windows\system32;C:\Windows;C:\Windows\System32\Wbem;C:\Windows\System32\WindowsPowerShell\v1.0\;C:\Program Files\Microsoft SQL Server\120\Tools\Binn\;C:\Program Files\Microsoft SQL Server\Client SDK\ODBC\110\Tools\Binn\;C:\Program Files (x86)\Microsoft SQL Server\120\Tools\Binn\;C:\Program Files\Microsoft SQL Server\120\DTS\Binn\;C:\Program Files (x86)\Microsoft SQL Server\120\Tools\Binn\ManagementStudio\;C:\Program Files (x86)\Microsoft SQL Server\120\DTS\Binn\;C:\Program Files\Microsoft SQL Server\130\Tools\Binn\;C:\Program Files\TortoiseSVN\bin;C:\Program Files\dotnet\;C:\Program Files (x86)\VisualSVN\bin;C:\Program Files\Java\jdk-9.0.4\bin;C:\Users\User\AppData\Local\Android\Sdk;C:\Users\User\AppData\Local\Android\Sdk\tools;C:\Users\User\AppData\Local\Android\Sdk\platform-tools;C:\Users\User\AppData\Local\Programs\Git\bin;C:\Program Files\nodejs\;C:\Users\User\AppData\Local\Programs\Git\cmd;C:\Users\User\AppData\Local\Programs\Git\mingw64\bin;C:\Users\User\AppData\Local\Programs\Git\usr\bin;C:\Users\User\AppData\Roaming\npm;C:\Users\User\AppData\Local\Programs\Microsoft VS Code\bin
USERNAME=User
OS=Windows_NT
PROCESSOR_IDENTIFIER=Intel64 Family 6 Model 42 Stepping 7, GenuineIntel



---------------  S Y S T E M  ---------------

OS: Windows 8.1 , 64 bit Build 9600 (6.3.9600.17415)

CPU:total 4 (initial active 4) (4 cores per cpu, 1 threads per core) family 6 model 42 stepping 7, cmov, cx8, fxsr, mmx, sse, sse2, sse3, ssse3, sse4.1, sse4.2, popcnt, avx, aes, clmul, tsc, tscinvbit

Memory: 4k page, physical 8266800k(1097704k free), swap 11412528k(3096k free)

vm_info: OpenJDK 64-Bit Server VM (25.152-b01) for windows-amd64 JRE (1.8.0_152-release-915-b01), built by "builder" with MS VC++ 10.0 (VS2010)

time: Tue Oct 30 16:29:29 2018
elapsed time: 4 seconds (0d 0h 0m 4s)

