#
# There is insufficient memory for the Java Runtime Environment to continue.
# Native memory allocation (malloc) failed to allocate 981920 bytes for Chunk::new
# Possible reasons:
#   The system is out of physical RAM or swap space
#   In 32 bit mode, the process size limit was hit
# Possible solutions:
#   Reduce memory load on the system
#   Increase physical memory or swap space
#   Check if swap backing store is full
#   Use 64 bit Java on a 64 bit OS
#   Decrease Java heap size (-Xmx/-Xms)
#   Decrease number of Java threads
#   Decrease Java thread stack sizes (-Xss)
#   Set larger code cache with -XX:ReservedCodeCacheSize=
# This output file may be truncated or incomplete.
#
#  Out of Memory Error (allocation.cpp:390), pid=9504, tid=0x0000000000001cec
#
# JRE version: OpenJDK Runtime Environment (8.0_152-b01) (build 1.8.0_152-release-915-b01)
# Java VM: OpenJDK 64-Bit Server VM (25.152-b01 mixed mode windows-amd64 compressed oops)
# Failed to write core dump. Minidumps are not enabled by default on client versions of Windows
#

---------------  T H R E A D  ---------------

Current thread (0x000000001be9a800):  JavaThread "C2 CompilerThread0" daemon [_thread_in_native, id=7404, stack(0x000000001d610000,0x000000001d710000)]

Stack: [0x000000001d610000,0x000000001d710000]
[error occurred during error reporting (printing stack bounds), id 0xc0000005]

Native frames: (J=compiled Java code, j=interpreted, Vv=VM code, C=native code)


Current CompileTask:
C2:   3162 1506   !   4       com.android.dx.cf.code.Ropper::processBlock (1101 bytes)


---------------  P R O C E S S  ---------------

Java Threads: ( => current thread )
  0x000000001da9b800 JavaThread "pool-2-thread-4" [_thread_in_Java, id=16700, stack(0x000000001e310000,0x000000001e410000)]
  0x000000001da99000 JavaThread "pool-2-thread-2" [_thread_in_Java, id=16248, stack(0x000000001e110000,0x000000001e210000)]
  0x000000001da26000 JavaThread "pool-3-thread-1" [_thread_blocked, id=6164, stack(0x000000001e010000,0x000000001e110000)]
  0x000000001d816800 JavaThread "Service Thread" daemon [_thread_blocked, id=17196, stack(0x000000001dd10000,0x000000001de10000)]
  0x000000001d811000 JavaThread "C1 CompilerThread2" daemon [_thread_blocked, id=15772, stack(0x000000001dc10000,0x000000001dd10000)]
  0x000000001bef7800 JavaThread "C2 CompilerThread1" daemon [_thread_in_native, id=10648, stack(0x000000001d710000,0x000000001d810000)]
=>0x000000001be9a800 JavaThread "C2 CompilerThread0" daemon [_thread_in_native, id=7404, stack(0x000000001d610000,0x000000001d710000)]
  0x000000001bea8800 JavaThread "Attach Listener" daemon [_thread_blocked, id=10132, stack(0x000000001d510000,0x000000001d610000)]
  0x000000001bea7800 JavaThread "Signal Dispatcher" daemon [_thread_blocked, id=8744, stack(0x000000001d410000,0x000000001d510000)]
  0x000000001be88800 JavaThread "Finalizer" daemon [_thread_blocked, id=12348, stack(0x000000001d0f0000,0x000000001d1f0000)]
  0x000000001be67000 JavaThread "Reference Handler" daemon [_thread_blocked, id=5032, stack(0x000000001cff0000,0x000000001d0f0000)]
  0x00000000027ce000 JavaThread "main" [_thread_blocked, id=7732, stack(0x00000000024e0000,0x00000000025e0000)]

Other Threads:
  0x000000001be64800 VMThread [stack: 0x000000001cef0000,0x000000001cff0000] [id=4860]
  0x000000001d81b000 WatcherThread [stack: 0x000000001de10000,0x000000001df10000] [id=13640]

VM state:not at safepoint (normal execution)

VM Mutex/Monitor currently owned by a thread: None

Heap:
 PSYoungGen      total 38400K, used 27433K [0x000000076ab00000, 0x000000076d580000, 0x00000007c0000000)
  eden space 33280K, 67% used [0x000000076ab00000,0x000000076c0d1530,0x000000076cb80000)
  from space 5120K, 99% used [0x000000076d080000,0x000000076d5790a8,0x000000076d580000)
  to   space 5120K, 0% used [0x000000076cb80000,0x000000076cb80000,0x000000076d080000)
 ParOldGen       total 87552K, used 7155K [0x00000006c0000000, 0x00000006c5580000, 0x000000076ab00000)
  object space 87552K, 8% used [0x00000006c0000000,0x00000006c06fcce0,0x00000006c5580000)
 Metaspace       used 6306K, capacity 7128K, committed 7424K, reserved 1056768K
  class space    used 609K, capacity 656K, committed 768K, reserved 1048576K

Card table byte_map: [0x0000000011b90000,0x00000000123a0000] byte_map_base: 0x000000000e590000

Marking Bits: (ParMarkBitMap*) 0x00000000510e3950
 Begin Bits: [0x0000000012d00000, 0x0000000016d00000)
 End Bits:   [0x0000000016d00000, 0x000000001ad00000)

Polling page: 0x0000000000c80000

CodeCache: size=245760Kb used=6639Kb max_used=6639Kb free=239120Kb
 bounds [0x00000000027d0000, 0x0000000002e50000, 0x00000000117d0000]
 total_blobs=1844 nmethods=1576 adapters=182
 compilation: enabled

Compilation events (10 events):
Event: 3.100 Thread 0x000000001d811000 1588       2       com.android.dx.dex.code.OutputCollector::appendSuffixToOutput (45 bytes)
Event: 3.100 Thread 0x000000001d811000 nmethod 1588 0x0000000002e4d390 code [0x0000000002e4d540, 0x0000000002e4da18]
Event: 3.100 Thread 0x000000001d811000 1589       2       com.android.dx.dex.code.DalvCode::<init> (68 bytes)
Event: 3.101 Thread 0x000000001d811000 nmethod 1589 0x0000000002e4df90 code [0x0000000002e4e120, 0x0000000002e4e438]
Event: 3.102 Thread 0x000000001d811000 1590       2       com.android.dx.rop.cst.CstBaseMethodRef::<init> (31 bytes)
Event: 3.103 Thread 0x000000001d811000 nmethod 1590 0x0000000002e4e590 code [0x0000000002e4e700, 0x0000000002e4e8f8]
Event: 3.113 Thread 0x000000001d811000 1592       2       com.android.dx.rop.cst.CstArray$List::<init> (6 bytes)
Event: 3.113 Thread 0x000000001d811000 nmethod 1592 0x0000000002e4ea10 code [0x0000000002e4eb80, 0x0000000002e4ece8]
Event: 3.113 Thread 0x000000001d811000 1593       2       com.android.dx.rop.cst.CstArray::<init> (28 bytes)
Event: 3.113 Thread 0x000000001d811000 nmethod 1593 0x0000000002e4ed90 code [0x0000000002e4ef20, 0x0000000002e4f218]

GC Heap History (4 events):
Event: 1.427 GC heap before
{Heap before GC invocations=1 (full 0):
 PSYoungGen      total 38400K, used 33280K [0x000000076ab00000, 0x000000076d580000, 0x00000007c0000000)
  eden space 33280K, 100% used [0x000000076ab00000,0x000000076cb80000,0x000000076cb80000)
  from space 5120K, 0% used [0x000000076d080000,0x000000076d080000,0x000000076d580000)
  to   space 5120K, 0% used [0x000000076cb80000,0x000000076cb80000,0x000000076d080000)
 ParOldGen       total 87552K, used 0K [0x00000006c0000000, 0x00000006c5580000, 0x000000076ab00000)
  object space 87552K, 0% used [0x00000006c0000000,0x00000006c0000000,0x00000006c5580000)
 Metaspace       used 6033K, capacity 6960K, committed 7040K, reserved 1056768K
  class space    used 588K, capacity 616K, committed 640K, reserved 1048576K
Event: 1.607 GC heap after
Heap after GC invocations=1 (full 0):
 PSYoungGen      total 38400K, used 5102K [0x000000076ab00000, 0x000000076d580000, 0x00000007c0000000)
  eden space 33280K, 0% used [0x000000076ab00000,0x000000076ab00000,0x000000076cb80000)
  from space 5120K, 99% used [0x000000076cb80000,0x000000076d07b858,0x000000076d080000)
  to   space 5120K, 0% used [0x000000076d080000,0x000000076d080000,0x000000076d580000)
 ParOldGen       total 87552K, used 2151K [0x00000006c0000000, 0x00000006c5580000, 0x000000076ab00000)
  object space 87552K, 2% used [0x00000006c0000000,0x00000006c0219da0,0x00000006c5580000)
 Metaspace       used 6033K, capacity 6960K, committed 7040K, reserved 1056768K
  class space    used 588K, capacity 616K, committed 640K, reserved 1048576K
}
Event: 2.504 GC heap before
{Heap before GC invocations=2 (full 0):
 PSYoungGen      total 38400K, used 38382K [0x000000076ab00000, 0x000000076d580000, 0x00000007c0000000)
  eden space 33280K, 100% used [0x000000076ab00000,0x000000076cb80000,0x000000076cb80000)
  from space 5120K, 99% used [0x000000076cb80000,0x000000076d07b858,0x000000076d080000)
  to   space 5120K, 0% used [0x000000076d080000,0x000000076d080000,0x000000076d580000)
 ParOldGen       total 87552K, used 2151K [0x00000006c0000000, 0x00000006c5580000, 0x000000076ab00000)
  object space 87552K, 2% used [0x00000006c0000000,0x00000006c0219da0,0x00000006c5580000)
 Metaspace       used 6287K, capacity 7128K, committed 7424K, reserved 1056768K
  class space    used 608K, capacity 656K, committed 768K, reserved 1048576K
Event: 2.826 GC heap after
Heap after GC invocations=2 (full 0):
 PSYoungGen      total 38400K, used 5092K [0x000000076ab00000, 0x000000076d580000, 0x00000007c0000000)
  eden space 33280K, 0% used [0x000000076ab00000,0x000000076ab00000,0x000000076cb80000)
  from space 5120K, 99% used [0x000000076d080000,0x000000076d5790a8,0x000000076d580000)
  to   space 5120K, 0% used [0x000000076cb80000,0x000000076cb80000,0x000000076d080000)
 ParOldGen       total 87552K, used 7155K [0x00000006c0000000, 0x00000006c5580000, 0x000000076ab00000)
  object space 87552K, 8% used [0x00000006c0000000,0x00000006c06fcce0,0x00000006c5580000)
 Metaspace       used 6287K, capacity 7128K, committed 7424K, reserved 1056768K
  class space    used 608K, capacity 656K, committed 768K, reserved 1048576K
}

Deoptimization events (10 events):
Event: 1.741 Thread 0x00000000027ce000 Uncommon trap: reason=unstable_if action=reinterpret pc=0x0000000002a1b254 method=java.util.HashMap.getNode(ILjava/lang/Object;)Ljava/util/HashMap$Node; @ 62
Event: 1.749 Thread 0x00000000027ce000 Uncommon trap: reason=unstable_if action=reinterpret pc=0x0000000002b06980 method=java.util.HashMap.putVal(ILjava/lang/Object;Ljava/lang/Object;ZZ)Ljava/lang/Object; @ 162
Event: 1.752 Thread 0x00000000027ce000 Uncommon trap: reason=unstable_if action=reinterpret pc=0x0000000002aa0524 method=java.util.HashMap.getNode(ILjava/lang/Object;)Ljava/util/HashMap$Node; @ 84
Event: 2.226 Thread 0x00000000027ce000 Uncommon trap: reason=unstable_if action=reinterpret pc=0x0000000002d96a08 method=com.android.dx.ssa.SCCP.simulateStmt(Lcom/android/dx/ssa/SsaInsn;)V @ 53
Event: 2.482 Thread 0x000000001da9b800 Uncommon trap: reason=bimorphic action=maybe_recompile pc=0x0000000002dab484 method=com.android.dx.cf.code.BytecodeArray.parseInstruction(ILcom/android/dx/cf/code/BytecodeArray$Visitor;)I @ 1130
Event: 2.482 Thread 0x000000001da9b800 Uncommon trap: reason=bimorphic action=maybe_recompile pc=0x0000000002dab520 method=com.android.dx.cf.code.BytecodeArray.parseInstruction(ILcom/android/dx/cf/code/BytecodeArray$Visitor;)I @ 1161
Event: 2.482 Thread 0x000000001da9b800 Uncommon trap: reason=bimorphic action=maybe_recompile pc=0x0000000002dab484 method=com.android.dx.cf.code.BytecodeArray.parseInstruction(ILcom/android/dx/cf/code/BytecodeArray$Visitor;)I @ 1130
Event: 2.483 Thread 0x000000001da9b800 Uncommon trap: reason=bimorphic action=maybe_recompile pc=0x0000000002dab520 method=com.android.dx.cf.code.BytecodeArray.parseInstruction(ILcom/android/dx/cf/code/BytecodeArray$Visitor;)I @ 1161
Event: 3.048 Thread 0x000000001da1f000 Uncommon trap: reason=bimorphic action=maybe_recompile pc=0x0000000002dfd6ac method=java.util.HashMap.getNode(ILjava/lang/Object;)Ljava/util/HashMap$Node; @ 126
Event: 3.048 Thread 0x000000001da1f000 Uncommon trap: reason=class_check action=maybe_recompile pc=0x0000000002cc534c method=java.util.HashMap.putVal(ILjava/lang/Object;Ljava/lang/Object;ZZ)Ljava/lang/Object; @ 203

Classes redefined (0 events):
No events

Internal exceptions (7 events):
Event: 0.029 Thread 0x00000000027ce000 Exception <a 'java/lang/NoSuchMethodError': Method sun.misc.Unsafe.defineClass(Ljava/lang/String;[BII)Ljava/lang/Class; name or signature does not match> (0x000000076ab07ca8) thrown at [D:\src\AOSP-openjdk-cygwin\jdk8u\hotspot\src\share\vm\prims\jni.cpp, 
Event: 0.029 Thread 0x00000000027ce000 Exception <a 'java/lang/NoSuchMethodError': Method sun.misc.Unsafe.prefetchRead(Ljava/lang/Object;J)V name or signature does not match> (0x000000076ab07f90) thrown at [D:\src\AOSP-openjdk-cygwin\jdk8u\hotspot\src\share\vm\prims\jni.cpp, line 4011]
Event: 1.207 Thread 0x000000001da9a000 Implicit null exception at 0x0000000002b649ca to 0x0000000002b65e79
Event: 1.249 Thread 0x000000001da9a000 Implicit null exception at 0x0000000002b051a2 to 0x0000000002b0529a
Event: 1.750 Thread 0x00000000027ce000 Exception <a 'java/lang/ArrayIndexOutOfBoundsException': 18> (0x000000076b88c900) thrown at [D:\src\AOSP-openjdk-cygwin\jdk8u\hotspot\src\share\vm\interpreter\interpreterRuntime.cpp, line 366]
Event: 1.751 Thread 0x00000000027ce000 Exception <a 'java/lang/ArrayIndexOutOfBoundsException'> (0x000000076b88e480) thrown at [D:\src\AOSP-openjdk-cygwin\jdk8u\hotspot\src\share\vm\runtime\sharedRuntime.cpp, line 605]
Event: 1.751 Thread 0x00000000027ce000 Exception <a 'java/lang/ArrayIndexOutOfBoundsException'> (0x000000076b88f768) thrown at [D:\src\AOSP-openjdk-cygwin\jdk8u\hotspot\src\share\vm\runtime\sharedRuntime.cpp, line 605]

Events (10 events):
Event: 3.048 Thread 0x000000001da1f000 DEOPT UNPACKING pc=0x000000000281556a sp=0x000000001e00e200 mode 2
Event: 3.048 Thread 0x000000001da1f000 Uncommon trap: trap_request=0xffffffde fr.pc=0x0000000002cc534c
Event: 3.048 Thread 0x000000001da1f000 DEOPT PACKING pc=0x0000000002cc534c sp=0x000000001e00e250
Event: 3.048 Thread 0x000000001da1f000 DEOPT UNPACKING pc=0x000000000281556a sp=0x000000001e00e1d8 mode 2
Event: 3.070 loading class java/util/HashMap$KeySet
Event: 3.070 loading class java/util/HashMap$KeySet done
Event: 3.070 loading class java/util/HashMap$KeyIterator
Event: 3.070 loading class java/util/HashMap$KeyIterator done
Event: 3.082 Thread 0x000000001da1f000 Thread exited: 0x000000001da1f000
Event: 3.115 Thread 0x000000001da9a000 Thread exited: 0x000000001da9a000


Dynamic libraries:
0x00007ff6dd2a0000 - 0x00007ff6dd2d1000 	C:\Program Files\Android\Android Studio\jre\bin\java.exe
0x00007ffba6a40000 - 0x00007ffba6bec000 	C:\Windows\SYSTEM32\ntdll.dll
0x00007ffba4300000 - 0x00007ffba443e000 	C:\Windows\system32\KERNEL32.DLL
0x00007ffba3cc0000 - 0x00007ffba3dd5000 	C:\Windows\system32\KERNELBASE.dll
0x00007ffba6450000 - 0x00007ffba64fa000 	C:\Windows\system32\ADVAPI32.dll
0x00007ffba40c0000 - 0x00007ffba4237000 	C:\Windows\system32\USER32.dll
0x00007ffba12f0000 - 0x00007ffba156b000 	C:\Windows\WinSxS\amd64_microsoft.windows.common-controls_6595b64144ccf1df_6.0.9600.17415_none_6240486fecbd8abb\COMCTL32.dll
0x00007ffba45a0000 - 0x00007ffba464a000 	C:\Windows\system32\msvcrt.dll
0x00007ffba5bb0000 - 0x00007ffba5c09000 	C:\Windows\SYSTEM32\sechost.dll
0x00007ffba66c0000 - 0x00007ffba6801000 	C:\Windows\system32\RPCRT4.dll
0x00007ffba5dd0000 - 0x00007ffba5f21000 	C:\Windows\system32\GDI32.dll
0x00007ffba5b70000 - 0x00007ffba5ba6000 	C:\Windows\system32\IMM32.DLL
0x00007ffba4440000 - 0x00007ffba4593000 	C:\Windows\system32\MSCTF.dll
0x0000000050840000 - 0x0000000050912000 	C:\Program Files\Android\Android Studio\jre\jre\bin\msvcr100.dll
0x0000000050920000 - 0x000000005115e000 	C:\Program Files\Android\Android Studio\jre\jre\bin\server\jvm.dll
0x00007ffb9d940000 - 0x00007ffb9d949000 	C:\Windows\SYSTEM32\WSOCK32.dll
0x00007ffb99590000 - 0x00007ffb995b2000 	C:\Windows\SYSTEM32\WINMM.dll
0x00007ffb9d120000 - 0x00007ffb9d12a000 	C:\Windows\SYSTEM32\VERSION.dll
0x00007ffba5c10000 - 0x00007ffba5c17000 	C:\Windows\system32\PSAPI.DLL
0x00007ffba6520000 - 0x00007ffba657a000 	C:\Windows\system32\WS2_32.dll
0x00007ffb993e0000 - 0x00007ffb9940a000 	C:\Windows\SYSTEM32\WINMMBASE.dll
0x00007ffba6810000 - 0x00007ffba6819000 	C:\Windows\system32\NSI.dll
0x00007ffba3de0000 - 0x00007ffba3e2f000 	C:\Windows\SYSTEM32\cfgmgr32.dll
0x00007ffba2980000 - 0x00007ffba29a8000 	C:\Windows\SYSTEM32\DEVOBJ.dll
0x00007ffb8b030000 - 0x00007ffb8b03f000 	C:\Program Files\Android\Android Studio\jre\jre\bin\verify.dll
0x00007ffb84510000 - 0x00007ffb84539000 	C:\Program Files\Android\Android Studio\jre\jre\bin\java.dll
0x00007ffb82230000 - 0x00007ffb82246000 	C:\Program Files\Android\Android Studio\jre\jre\bin\zip.dll
0x00007ffba4650000 - 0x00007ffba5b69000 	C:\Windows\system32\SHELL32.dll
0x00007ffba6820000 - 0x00007ffba6a31000 	C:\Windows\SYSTEM32\combase.dll
0x00007ffba4240000 - 0x00007ffba4294000 	C:\Windows\system32\SHLWAPI.dll
0x00007ffba1f40000 - 0x00007ffba1ff2000 	C:\Windows\SYSTEM32\SHCORE.dll
0x00007ffba3b90000 - 0x00007ffba3ba5000 	C:\Windows\SYSTEM32\profapi.dll

VM Arguments:
jvm_args: -Djava.awt.headless=true -Xmx4g -Dfile.encoding=windows-1252 -Duser.country=IN -Duser.language=en -Duser.variant 
java_command: com.android.dx.command.Main --dex --num-threads=4 --multi-dex --output C:\Project\ShopKirana\salespersonApp\Mp Salesperson 2\app\build\intermediates\transforms\dex\debug\folders\1000\2\android-query-full.0.26.8_b9fb3d68a3953fb4fe7bb5c068c2e636d357c891 C:\Project\ShopKirana\salespersonApp\Mp Salesperson 2\app\libs\android-query-full.0.26.8.jar
java_class_path (initial): C:\Users\User\AppData\Local\Android\Sdk\build-tools\25.0.0\lib\dx.jar
Launcher Type: SUN_STANDARD

Environment Variables:
JAVA_HOME=C:\Program Files\Java\jdk-9.0.4\bin
PATH=C:\Python37\Scripts\;C:\Python37\;C:\ProgramData\Oracle\Java\javapath;C:\Windows\system32;C:\Windows;C:\Windows\System32\Wbem;C:\Windows\System32\WindowsPowerShell\v1.0\;C:\Program Files\Microsoft SQL Server\120\Tools\Binn\;C:\Program Files\Microsoft SQL Server\Client SDK\ODBC\110\Tools\Binn\;C:\Program Files (x86)\Microsoft SQL Server\120\Tools\Binn\;C:\Program Files\Microsoft SQL Server\120\DTS\Binn\;C:\Program Files (x86)\Microsoft SQL Server\120\Tools\Binn\ManagementStudio\;C:\Program Files (x86)\Microsoft SQL Server\120\DTS\Binn\;C:\Program Files\Microsoft SQL Server\130\Tools\Binn\;C:\Program Files\TortoiseSVN\bin;C:\Program Files\dotnet\;C:\Program Files (x86)\VisualSVN\bin;C:\Program Files\Java\jdk-9.0.4\bin;C:\Users\User\AppData\Local\Android\Sdk;C:\Users\User\AppData\Local\Android\Sdk\tools;C:\Users\User\AppData\Local\Android\Sdk\platform-tools;C:\Users\User\AppData\Local\Programs\Git\bin;C:\Program Files\nodejs\;C:\Users\User\AppData\Local\Programs\Git\cmd;C:\Users\User\AppData\Local\Programs\Git\mingw64\bin;C:\Users\User\AppData\Local\Programs\Git\usr\bin;C:\Users\User\AppData\Roaming\npm;C:\Users\User\AppData\Local\Programs\Microsoft VS Code\bin
USERNAME=User
OS=Windows_NT
PROCESSOR_IDENTIFIER=Intel64 Family 6 Model 42 Stepping 7, GenuineIntel



---------------  S Y S T E M  ---------------

OS: Windows 8.1 , 64 bit Build 9600 (6.3.9600.17415)

CPU:total 4 (initial active 4) (4 cores per cpu, 1 threads per core) family 6 model 42 stepping 7, cmov, cx8, fxsr, mmx, sse, sse2, sse3, ssse3, sse4.1, sse4.2, popcnt, avx, aes, clmul, tsc, tscinvbit

Memory: 4k page, physical 8266800k(1360984k free), swap 11412528k(5716k free)

vm_info: OpenJDK 64-Bit Server VM (25.152-b01) for windows-amd64 JRE (1.8.0_152-release-915-b01), built by "builder" with MS VC++ 10.0 (VS2010)

time: Tue Oct 30 16:29:14 2018
elapsed time: 3 seconds (0d 0h 0m 3s)

