#
# There is insufficient memory for the Java Runtime Environment to continue.
# Native memory allocation (malloc) failed to allocate 32744 bytes for ChunkPool::allocate
# Possible reasons:
#   The system is out of physical RAM or swap space
#   In 32 bit mode, the process size limit was hit
# Possible solutions:
#   Reduce memory load on the system
#   Increase physical memory or swap space
#   Check if swap backing store is full
#   Use 64 bit Java on a 64 bit OS
#   Decrease Java heap size (-Xmx/-Xms)
#   Decrease number of Java threads
#   Decrease Java thread stack sizes (-Xss)
#   Set larger code cache with -XX:ReservedCodeCacheSize=
# This output file may be truncated or incomplete.
#
#  Out of Memory Error (allocation.cpp:273), pid=13132, tid=0x000000000000337c
#
# JRE version: OpenJDK Runtime Environment (8.0_152-b01) (build 1.8.0_152-release-915-b01)
# Java VM: OpenJDK 64-Bit Server VM (25.152-b01 mixed mode windows-amd64 compressed oops)
# Failed to write core dump. Minidumps are not enabled by default on client versions of Windows
#

---------------  T H R E A D  ---------------

Current thread (0x000000000220e000):  JavaThread "main" [_thread_in_vm, id=13180, stack(0x0000000002020000,0x0000000002120000)]

Stack: [0x0000000002020000,0x0000000002120000]
[error occurred during error reporting (printing stack bounds), id 0xc0000005]

Native frames: (J=compiled Java code, j=interpreted, Vv=VM code, C=native code)

Java frames: (J=compiled Java code, j=interpreted, Vv=VM code)
j  java.lang.ClassLoader.defineClass1(Ljava/lang/String;[BIILjava/security/ProtectionDomain;Ljava/lang/String;)Ljava/lang/Class;+0
j  java.lang.ClassLoader.defineClass(Ljava/lang/String;[BIILjava/security/ProtectionDomain;)Ljava/lang/Class;+27
j  java.security.SecureClassLoader.defineClass(Ljava/lang/String;[BIILjava/security/CodeSource;)Ljava/lang/Class;+12
j  java.net.URLClassLoader.defineClass(Ljava/lang/String;Lsun/misc/Resource;)Ljava/lang/Class;+138
j  java.net.URLClassLoader.access$100(Ljava/net/URLClassLoader;Ljava/lang/String;Lsun/misc/Resource;)Ljava/lang/Class;+3
j  java.net.URLClassLoader$1.run()Ljava/lang/Class;+43
j  java.net.URLClassLoader$1.run()Ljava/lang/Object;+1
v  ~StubRoutines::call_stub
j  java.security.AccessController.doPrivileged(Ljava/security/PrivilegedExceptionAction;Ljava/security/AccessControlContext;)Ljava/lang/Object;+0
j  java.net.URLClassLoader.findClass(Ljava/lang/String;)Ljava/lang/Class;+13
j  java.lang.ClassLoader.loadClass(Ljava/lang/String;Z)Ljava/lang/Class;+70
j  sun.misc.Launcher$AppClassLoader.loadClass(Ljava/lang/String;Z)Ljava/lang/Class;+81
j  java.lang.ClassLoader.loadClass(Ljava/lang/String;)Ljava/lang/Class;+3
v  ~StubRoutines::call_stub
j  java.lang.ClassLoader.defineClass1(Ljava/lang/String;[BIILjava/security/ProtectionDomain;Ljava/lang/String;)Ljava/lang/Class;+0
j  java.lang.ClassLoader.defineClass(Ljava/lang/String;[BIILjava/security/ProtectionDomain;)Ljava/lang/Class;+27
j  java.security.SecureClassLoader.defineClass(Ljava/lang/String;[BIILjava/security/CodeSource;)Ljava/lang/Class;+12
j  java.net.URLClassLoader.defineClass(Ljava/lang/String;Lsun/misc/Resource;)Ljava/lang/Class;+138
j  java.net.URLClassLoader.access$100(Ljava/net/URLClassLoader;Ljava/lang/String;Lsun/misc/Resource;)Ljava/lang/Class;+3
j  java.net.URLClassLoader$1.run()Ljava/lang/Class;+43
j  java.net.URLClassLoader$1.run()Ljava/lang/Object;+1
v  ~StubRoutines::call_stub
j  java.security.AccessController.doPrivileged(Ljava/security/PrivilegedExceptionAction;Ljava/security/AccessControlContext;)Ljava/lang/Object;+0
j  java.net.URLClassLoader.findClass(Ljava/lang/String;)Ljava/lang/Class;+13
j  java.lang.ClassLoader.loadClass(Ljava/lang/String;Z)Ljava/lang/Class;+70
j  sun.misc.Launcher$AppClassLoader.loadClass(Ljava/lang/String;Z)Ljava/lang/Class;+81
j  java.lang.ClassLoader.loadClass(Ljava/lang/String;)Ljava/lang/Class;+3
v  ~StubRoutines::call_stub
j  java.lang.ClassLoader.defineClass1(Ljava/lang/String;[BIILjava/security/ProtectionDomain;Ljava/lang/String;)Ljava/lang/Class;+0
j  java.lang.ClassLoader.defineClass(Ljava/lang/String;[BIILjava/security/ProtectionDomain;)Ljava/lang/Class;+27
j  java.security.SecureClassLoader.defineClass(Ljava/lang/String;[BIILjava/security/CodeSource;)Ljava/lang/Class;+12
j  java.net.URLClassLoader.defineClass(Ljava/lang/String;Lsun/misc/Resource;)Ljava/lang/Class;+138
j  java.net.URLClassLoader.access$100(Ljava/net/URLClassLoader;Ljava/lang/String;Lsun/misc/Resource;)Ljava/lang/Class;+3
j  java.net.URLClassLoader$1.run()Ljava/lang/Class;+43
j  java.net.URLClassLoader$1.run()Ljava/lang/Object;+1
v  ~StubRoutines::call_stub
j  java.security.AccessController.doPrivileged(Ljava/security/PrivilegedExceptionAction;Ljava/security/AccessControlContext;)Ljava/lang/Object;+0
j  java.net.URLClassLoader.findClass(Ljava/lang/String;)Ljava/lang/Class;+13
j  java.lang.ClassLoader.loadClass(Ljava/lang/String;Z)Ljava/lang/Class;+70
j  sun.misc.Launcher$AppClassLoader.loadClass(Ljava/lang/String;Z)Ljava/lang/Class;+81
j  java.lang.ClassLoader.loadClass(Ljava/lang/String;)Ljava/lang/Class;+3
v  ~StubRoutines::call_stub
j  com.android.dx.dex.file.HeaderSection.<init>(Lcom/android/dx/dex/file/DexFile;)V+7
j  com.android.dx.dex.file.DexFile.<init>(Lcom/android/dx/dex/DexOptions;)V+15
j  com.android.dx.command.dexer.Main.createDexFile()V+10
j  com.android.dx.command.dexer.Main.processAllFiles()Z+0
j  com.android.dx.command.dexer.Main.runMultiDex()I+66
j  com.android.dx.command.dexer.Main.run(Lcom/android/dx/command/dexer/Main$Arguments;)I+66
j  com.android.dx.command.dexer.Main.main([Ljava/lang/String;)V+14
j  com.android.dx.command.Main.main([Ljava/lang/String;)V+61
v  ~StubRoutines::call_stub

---------------  P R O C E S S  ---------------

Java Threads: ( => current thread )
  0x000000001ba3e800 JavaThread "Service Thread" daemon [_thread_blocked, id=11908, stack(0x000000001d850000,0x000000001d950000)]
  0x000000001ba3b000 JavaThread "C1 CompilerThread2" daemon [_thread_blocked, id=13644, stack(0x000000001d750000,0x000000001d850000)]
  0x000000001b9df000 JavaThread "C2 CompilerThread1" daemon [_thread_blocked, id=5076, stack(0x000000001d250000,0x000000001d350000)]
  0x000000001b9dc000 JavaThread "C2 CompilerThread0" daemon [_thread_blocked, id=3412, stack(0x000000001d150000,0x000000001d250000)]
  0x000000001b9da800 JavaThread "Attach Listener" daemon [_thread_blocked, id=10784, stack(0x000000001d050000,0x000000001d150000)]
  0x000000001b9d9800 JavaThread "Signal Dispatcher" daemon [_thread_blocked, id=13300, stack(0x000000001cf50000,0x000000001d050000)]
  0x000000000230c800 JavaThread "Finalizer" daemon [_thread_blocked, id=13088, stack(0x000000001cc30000,0x000000001cd30000)]
  0x0000000002301800 JavaThread "Reference Handler" daemon [_thread_blocked, id=15440, stack(0x000000001cb30000,0x000000001cc30000)]
=>0x000000000220e000 JavaThread "main" [_thread_in_vm, id=13180, stack(0x0000000002020000,0x0000000002120000)]

Other Threads:
  0x000000001b9a5000 VMThread [stack: 0x000000001ca30000,0x000000001cb30000] [id=13792]
  0x000000001d374800 WatcherThread [stack: 0x000000001d950000,0x000000001da50000] [id=9524]

VM state:not at safepoint (normal execution)

VM Mutex/Monitor currently owned by a thread: None

Heap:
 PSYoungGen      total 38400K, used 1997K [0x000000076ab00000, 0x000000076d580000, 0x00000007c0000000)
  eden space 33280K, 6% used [0x000000076ab00000,0x000000076acf35d8,0x000000076cb80000)
  from space 5120K, 0% used [0x000000076d080000,0x000000076d080000,0x000000076d580000)
  to   space 5120K, 0% used [0x000000076cb80000,0x000000076cb80000,0x000000076d080000)
 ParOldGen       total 87552K, used 0K [0x00000006c0000000, 0x00000006c5580000, 0x000000076ab00000)
  object space 87552K, 0% used [0x00000006c0000000,0x00000006c0000000,0x00000006c5580000)
 Metaspace       used 3213K, capacity 4656K, committed 4864K, reserved 1056768K
  class space    used 343K, capacity 424K, committed 512K, reserved 1048576K

Card table byte_map: [0x00000000116d0000,0x0000000011ee0000] byte_map_base: 0x000000000e0d0000

Marking Bits: (ParMarkBitMap*) 0x00000000510e3950
 Begin Bits: [0x0000000012840000, 0x0000000016840000)
 End Bits:   [0x0000000016840000, 0x000000001a840000)

Polling page: 0x0000000000770000

CodeCache: size=245760Kb used=1186Kb max_used=1186Kb free=244573Kb
 bounds [0x0000000002310000, 0x0000000002580000, 0x0000000011310000]
 total_blobs=301 nmethods=63 adapters=152
 compilation: enabled

Compilation events (10 events):
Event: 0.112 Thread 0x000000001ba3b000   61       3       java.util.ArrayList::rangeCheck (22 bytes)
Event: 0.113 Thread 0x000000001ba3b000 nmethod 61 0x0000000002436610 code [0x0000000002436820, 0x00000000024372d8]
Event: 0.113 Thread 0x000000001ba3b000   62       3       java.util.ArrayList::elementData (7 bytes)
Event: 0.113 Thread 0x000000001ba3b000 nmethod 62 0x0000000002437890 code [0x00000000024379e0, 0x0000000002437b70]
Event: 0.113 Thread 0x000000001ba3b000   58       3       java.lang.StringBuilder::append (8 bytes)
Event: 0.113 Thread 0x000000001ba3b000 nmethod 58 0x0000000002437c50 code [0x0000000002437dc0, 0x0000000002437f48]
Event: 0.113 Thread 0x000000001ba3b000   59       3       java.lang.String::substring (79 bytes)
Event: 0.113 Thread 0x000000001ba3b000 nmethod 59 0x0000000002437fd0 code [0x0000000002438180, 0x0000000002438638]
Event: 0.113 Thread 0x000000001ba3b000   63       1       java.net.URL::getFile (5 bytes)
Event: 0.113 Thread 0x000000001ba3b000 nmethod 63 0x0000000002438850 code [0x00000000024389a0, 0x0000000002438ab0]

GC Heap History (0 events):
No events

Deoptimization events (0 events):
No events

Classes redefined (0 events):
No events

Internal exceptions (2 events):
Event: 0.028 Thread 0x000000000220e000 Exception <a 'java/lang/NoSuchMethodError': Method sun.misc.Unsafe.defineClass(Ljava/lang/String;[BII)Ljava/lang/Class; name or signature does not match> (0x000000076ab07ca8) thrown at [D:\src\AOSP-openjdk-cygwin\jdk8u\hotspot\src\share\vm\prims\jni.cpp, 
Event: 0.028 Thread 0x000000000220e000 Exception <a 'java/lang/NoSuchMethodError': Method sun.misc.Unsafe.prefetchRead(Ljava/lang/Object;J)V name or signature does not match> (0x000000076ab07f90) thrown at [D:\src\AOSP-openjdk-cygwin\jdk8u\hotspot\src\share\vm\prims\jni.cpp, line 4011]

Events (10 events):
Event: 0.108 loading class com/android/dx/dex/file/HeaderSection
Event: 0.108 loading class com/android/dx/dex/file/HeaderSection done
Event: 0.109 loading class com/android/dx/dex/file/UniformItemSection
Event: 0.109 loading class com/android/dx/dex/file/UniformItemSection done
Event: 0.109 loading class com/android/dx/dex/file/HeaderItem
Event: 0.109 loading class com/android/dx/dex/file/HeaderItem done
Event: 0.110 loading class com/android/dx/dex/file/IndexedItem
Event: 0.110 loading class com/android/dx/dex/file/IndexedItem done
Event: 0.111 loading class com/android/dx/dex/file/Item
Event: 0.111 loading class com/android/dx/dex/file/Item done


Dynamic libraries:
0x00007ff747100000 - 0x00007ff747131000 	C:\Program Files\Android\Android Studio\jre\bin\java.exe
0x00007ffba6a40000 - 0x00007ffba6bec000 	C:\Windows\SYSTEM32\ntdll.dll
0x00007ffba4300000 - 0x00007ffba443e000 	C:\Windows\system32\KERNEL32.DLL
0x00007ffba3cc0000 - 0x00007ffba3dd5000 	C:\Windows\system32\KERNELBASE.dll
0x00007ffba6450000 - 0x00007ffba64fa000 	C:\Windows\system32\ADVAPI32.dll
0x00007ffba40c0000 - 0x00007ffba4237000 	C:\Windows\system32\USER32.dll
0x00007ffba12f0000 - 0x00007ffba156b000 	C:\Windows\WinSxS\amd64_microsoft.windows.common-controls_6595b64144ccf1df_6.0.9600.17415_none_6240486fecbd8abb\COMCTL32.dll
0x00007ffba45a0000 - 0x00007ffba464a000 	C:\Windows\system32\msvcrt.dll
0x00007ffba5bb0000 - 0x00007ffba5c09000 	C:\Windows\SYSTEM32\sechost.dll
0x00007ffba66c0000 - 0x00007ffba6801000 	C:\Windows\system32\RPCRT4.dll
0x00007ffba5dd0000 - 0x00007ffba5f21000 	C:\Windows\system32\GDI32.dll
0x00007ffba5b70000 - 0x00007ffba5ba6000 	C:\Windows\system32\IMM32.DLL
0x00007ffba4440000 - 0x00007ffba4593000 	C:\Windows\system32\MSCTF.dll
0x0000000050840000 - 0x0000000050912000 	C:\Program Files\Android\Android Studio\jre\jre\bin\msvcr100.dll
0x0000000050920000 - 0x000000005115e000 	C:\Program Files\Android\Android Studio\jre\jre\bin\server\jvm.dll
0x00007ffb9fa70000 - 0x00007ffb9fa79000 	C:\Windows\SYSTEM32\WSOCK32.dll
0x00007ffb99590000 - 0x00007ffb995b2000 	C:\Windows\SYSTEM32\WINMM.dll
0x00007ffb9d120000 - 0x00007ffb9d12a000 	C:\Windows\SYSTEM32\VERSION.dll
0x00007ffba5c10000 - 0x00007ffba5c17000 	C:\Windows\system32\PSAPI.DLL
0x00007ffba6520000 - 0x00007ffba657a000 	C:\Windows\system32\WS2_32.dll
0x00007ffb993e0000 - 0x00007ffb9940a000 	C:\Windows\SYSTEM32\WINMMBASE.dll
0x00007ffba6810000 - 0x00007ffba6819000 	C:\Windows\system32\NSI.dll
0x00007ffba3de0000 - 0x00007ffba3e2f000 	C:\Windows\SYSTEM32\cfgmgr32.dll
0x00007ffba2980000 - 0x00007ffba29a8000 	C:\Windows\SYSTEM32\DEVOBJ.dll
0x00007ffb8a320000 - 0x00007ffb8a32f000 	C:\Program Files\Android\Android Studio\jre\jre\bin\verify.dll
0x00007ffb7f3c0000 - 0x00007ffb7f3e9000 	C:\Program Files\Android\Android Studio\jre\jre\bin\java.dll
0x00007ffb88ef0000 - 0x00007ffb88f06000 	C:\Program Files\Android\Android Studio\jre\jre\bin\zip.dll
0x00007ffba4650000 - 0x00007ffba5b69000 	C:\Windows\system32\SHELL32.dll
0x00007ffba6820000 - 0x00007ffba6a31000 	C:\Windows\SYSTEM32\combase.dll
0x00007ffba4240000 - 0x00007ffba4294000 	C:\Windows\system32\SHLWAPI.dll
0x00007ffba1f40000 - 0x00007ffba1ff2000 	C:\Windows\SYSTEM32\SHCORE.dll
0x00007ffba3b90000 - 0x00007ffba3ba5000 	C:\Windows\SYSTEM32\profapi.dll

VM Arguments:
jvm_args: -Djava.awt.headless=true -Xmx4g -Dfile.encoding=windows-1252 -Duser.country=IN -Duser.language=en -Duser.variant 
java_command: com.android.dx.command.Main --dex --num-threads=4 --multi-dex --output C:\Project\ShopKirana\salespersonApp\Mp Salesperson 2\app\build\intermediates\transforms\dex\debug\folders\1000\2\android-query-full.0.26.8_b9fb3d68a3953fb4fe7bb5c068c2e636d357c891 C:\Project\ShopKirana\salespersonApp\Mp Salesperson 2\app\libs\android-query-full.0.26.8.jar
java_class_path (initial): C:\Users\User\AppData\Local\Android\Sdk\build-tools\25.0.0\lib\dx.jar
Launcher Type: SUN_STANDARD

Environment Variables:
JAVA_HOME=C:\Program Files\Java\jdk-9.0.4\bin
PATH=C:\Python37\Scripts\;C:\Python37\;C:\ProgramData\Oracle\Java\javapath;C:\Windows\system32;C:\Windows;C:\Windows\System32\Wbem;C:\Windows\System32\WindowsPowerShell\v1.0\;C:\Program Files\Microsoft SQL Server\120\Tools\Binn\;C:\Program Files\Microsoft SQL Server\Client SDK\ODBC\110\Tools\Binn\;C:\Program Files (x86)\Microsoft SQL Server\120\Tools\Binn\;C:\Program Files\Microsoft SQL Server\120\DTS\Binn\;C:\Program Files (x86)\Microsoft SQL Server\120\Tools\Binn\ManagementStudio\;C:\Program Files (x86)\Microsoft SQL Server\120\DTS\Binn\;C:\Program Files\Microsoft SQL Server\130\Tools\Binn\;C:\Program Files\TortoiseSVN\bin;C:\Program Files\dotnet\;C:\Program Files (x86)\VisualSVN\bin;C:\Program Files\Java\jdk-9.0.4\bin;C:\Users\User\AppData\Local\Android\Sdk;C:\Users\User\AppData\Local\Android\Sdk\tools;C:\Users\User\AppData\Local\Android\Sdk\platform-tools;C:\Users\User\AppData\Local\Programs\Git\bin;C:\Program Files\nodejs\;C:\Users\User\AppData\Local\Programs\Git\cmd;C:\Users\User\AppData\Local\Programs\Git\mingw64\bin;C:\Users\User\AppData\Local\Programs\Git\usr\bin;C:\Users\User\AppData\Roaming\npm;C:\Users\User\AppData\Local\Programs\Microsoft VS Code\bin
USERNAME=User
OS=Windows_NT
PROCESSOR_IDENTIFIER=Intel64 Family 6 Model 42 Stepping 7, GenuineIntel



---------------  S Y S T E M  ---------------

OS: Windows 8.1 , 64 bit Build 9600 (6.3.9600.17415)

CPU:total 4 (initial active 4) (4 cores per cpu, 1 threads per core) family 6 model 42 stepping 7, cmov, cx8, fxsr, mmx, sse, sse2, sse3, ssse3, sse4.1, sse4.2, popcnt, avx, aes, clmul, tsc, tscinvbit

Memory: 4k page, physical 8266800k(1414036k free), swap 11412528k(295384k free)

vm_info: OpenJDK 64-Bit Server VM (25.152-b01) for windows-amd64 JRE (1.8.0_152-release-915-b01), built by "builder" with MS VC++ 10.0 (VS2010)

time: Thu Nov 01 16:09:03 2018
elapsed time: 0 seconds (0d 0h 0m 0s)

