#
# There is insufficient memory for the Java Runtime Environment to continue.
# Native memory allocation (malloc) failed to allocate 725776 bytes for Chunk::new
# Possible reasons:
#   The system is out of physical RAM or swap space
#   In 32 bit mode, the process size limit was hit
# Possible solutions:
#   Reduce memory load on the system
#   Increase physical memory or swap space
#   Check if swap backing store is full
#   Use 64 bit Java on a 64 bit OS
#   Decrease Java heap size (-Xmx/-Xms)
#   Decrease number of Java threads
#   Decrease Java thread stack sizes (-Xss)
#   Set larger code cache with -XX:ReservedCodeCacheSize=
# This output file may be truncated or incomplete.
#
#  Out of Memory Error (allocation.cpp:390), pid=13200, tid=0x0000000000002394
#
# JRE version: OpenJDK Runtime Environment (8.0_152-b01) (build 1.8.0_152-release-915-b01)
# Java VM: OpenJDK 64-Bit Server VM (25.152-b01 mixed mode windows-amd64 compressed oops)
# Failed to write core dump. Minidumps are not enabled by default on client versions of Windows
#

---------------  T H R E A D  ---------------

Current thread (0x000000001bf4c000):  JavaThread "C2 CompilerThread0" daemon [_thread_in_native, id=9108, stack(0x000000001d6c0000,0x000000001d7c0000)]

Stack: [0x000000001d6c0000,0x000000001d7c0000]
[error occurred during error reporting (printing stack bounds), id 0xc0000005]

Native frames: (J=compiled Java code, j=interpreted, Vv=VM code, C=native code)


Current CompileTask:
C2:   3723 1521       4       com.android.dx.ssa.LocalVariableExtractor::processBlock (383 bytes)


---------------  P R O C E S S  ---------------

Java Threads: ( => current thread )
  0x000000001dc7a000 JavaThread "pool-2-thread-4" [_thread_in_Java, id=10704, stack(0x000000001e3c0000,0x000000001e4c0000)]
  0x000000001db74000 JavaThread "pool-3-thread-1" [_thread_blocked, id=14000, stack(0x000000001e0c0000,0x000000001e1c0000)]
  0x000000001d9c5000 JavaThread "Service Thread" daemon [_thread_blocked, id=10368, stack(0x000000001ddc0000,0x000000001dec0000)]
  0x000000001bfae000 JavaThread "C1 CompilerThread2" daemon [_thread_blocked, id=17404, stack(0x000000001d8c0000,0x000000001d9c0000)]
  0x000000001bfa5800 JavaThread "C2 CompilerThread1" daemon [_thread_in_native, id=7284, stack(0x000000001d7c0000,0x000000001d8c0000)]
=>0x000000001bf4c000 JavaThread "C2 CompilerThread0" daemon [_thread_in_native, id=9108, stack(0x000000001d6c0000,0x000000001d7c0000)]
  0x000000001bf4a800 JavaThread "Attach Listener" daemon [_thread_blocked, id=7516, stack(0x000000001d5c0000,0x000000001d6c0000)]
  0x000000001bf49800 JavaThread "Signal Dispatcher" daemon [_thread_blocked, id=14436, stack(0x000000001d4c0000,0x000000001d5c0000)]
  0x000000000287c800 JavaThread "Finalizer" daemon [_thread_blocked, id=4100, stack(0x000000001d1a0000,0x000000001d2a0000)]
  0x0000000002871800 JavaThread "Reference Handler" daemon [_thread_blocked, id=3956, stack(0x000000001d0a0000,0x000000001d1a0000)]
  0x000000000267e000 JavaThread "main" [_thread_blocked, id=3476, stack(0x0000000002680000,0x0000000002780000)]

Other Threads:
  0x000000001bf15000 VMThread [stack: 0x000000001cfa0000,0x000000001d0a0000] [id=7300]
  0x000000001d9c6000 WatcherThread [stack: 0x000000001dec0000,0x000000001dfc0000] [id=1732]

VM state:not at safepoint (normal execution)

VM Mutex/Monitor currently owned by a thread: None

Heap:
 PSYoungGen      total 71680K, used 30200K [0x000000076ab00000, 0x000000076f600000, 0x00000007c0000000)
  eden space 66560K, 37% used [0x000000076ab00000,0x000000076c3842a0,0x000000076ec00000)
  from space 5120K, 99% used [0x000000076f100000,0x000000076f5f9fc8,0x000000076f600000)
  to   space 5120K, 0% used [0x000000076ec00000,0x000000076ec00000,0x000000076f100000)
 ParOldGen       total 87552K, used 7039K [0x00000006c0000000, 0x00000006c5580000, 0x000000076ab00000)
  object space 87552K, 8% used [0x00000006c0000000,0x00000006c06dff48,0x00000006c5580000)
 Metaspace       used 6227K, capacity 7088K, committed 7296K, reserved 1056768K
  class space    used 590K, capacity 616K, committed 640K, reserved 1048576K

Card table byte_map: [0x0000000011c40000,0x0000000012450000] byte_map_base: 0x000000000e640000

Marking Bits: (ParMarkBitMap*) 0x00000000510e3950
 Begin Bits: [0x0000000012db0000, 0x0000000016db0000)
 End Bits:   [0x0000000016db0000, 0x000000001adb0000)

Polling page: 0x0000000000cc0000

CodeCache: size=245760Kb used=6737Kb max_used=6751Kb free=239022Kb
 bounds [0x0000000002880000, 0x0000000002f20000, 0x0000000011880000]
 total_blobs=1841 nmethods=1573 adapters=182
 compilation: enabled

Compilation events (10 events):
Event: 3.698 Thread 0x000000001bfae000 1599       2       java.util.ArrayList$SubList::get (23 bytes)
Event: 3.699 Thread 0x000000001bfae000 nmethod 1599 0x0000000002f16390 code [0x0000000002f16520, 0x0000000002f16828]
Event: 3.700 Thread 0x000000001bfae000 1601       2       com.android.dx.rop.cst.CstLiteral64::equals (36 bytes)
Event: 3.700 Thread 0x000000001bfae000 nmethod 1601 0x0000000002f15f90 code [0x0000000002f160e0, 0x0000000002f162b0]
Event: 3.708 Thread 0x000000001bfae000 1603       2       com.android.dx.cf.code.Frame::makeInitialized (17 bytes)
Event: 3.708 Thread 0x000000001bfae000 nmethod 1603 0x0000000002f15b90 code [0x0000000002f15d00, 0x0000000002f15eb8]
Event: 3.708 Thread 0x000000001bfae000 1604       2       com.android.dx.cf.code.ExecutionStack::makeInitialized (51 bytes)
Event: 3.709 Thread 0x000000001bfae000 nmethod 1604 0x0000000002f153d0 code [0x0000000002f15560, 0x0000000002f158f8]
Event: 3.710 Thread 0x000000001bfae000 1605       2       java.util.Collections$UnmodifiableList::get (11 bytes)
Event: 3.710 Thread 0x000000001bfae000 nmethod 1605 0x0000000002f15050 code [0x0000000002f151c0, 0x0000000002f15348]

GC Heap History (4 events):
Event: 2.638 GC heap before
{Heap before GC invocations=1 (full 0):
 PSYoungGen      total 38400K, used 33280K [0x000000076ab00000, 0x000000076d580000, 0x00000007c0000000)
  eden space 33280K, 100% used [0x000000076ab00000,0x000000076cb80000,0x000000076cb80000)
  from space 5120K, 0% used [0x000000076d080000,0x000000076d080000,0x000000076d580000)
  to   space 5120K, 0% used [0x000000076cb80000,0x000000076cb80000,0x000000076d080000)
 ParOldGen       total 87552K, used 0K [0x00000006c0000000, 0x00000006c5580000, 0x000000076ab00000)
  object space 87552K, 0% used [0x00000006c0000000,0x00000006c0000000,0x00000006c5580000)
 Metaspace       used 6058K, capacity 6960K, committed 7040K, reserved 1056768K
  class space    used 588K, capacity 616K, committed 640K, reserved 1048576K
Event: 2.736 GC heap after
Heap after GC invocations=1 (full 0):
 PSYoungGen      total 38400K, used 5102K [0x000000076ab00000, 0x000000076f600000, 0x00000007c0000000)
  eden space 33280K, 0% used [0x000000076ab00000,0x000000076ab00000,0x000000076cb80000)
  from space 5120K, 99% used [0x000000076cb80000,0x000000076d07b858,0x000000076d080000)
  to   space 5120K, 0% used [0x000000076f100000,0x000000076f100000,0x000000076f600000)
 ParOldGen       total 87552K, used 2361K [0x00000006c0000000, 0x00000006c5580000, 0x000000076ab00000)
  object space 87552K, 2% used [0x00000006c0000000,0x00000006c024e6e8,0x00000006c5580000)
 Metaspace       used 6058K, capacity 6960K, committed 7040K, reserved 1056768K
  class space    used 588K, capacity 616K, committed 640K, reserved 1048576K
}
Event: 3.497 GC heap before
{Heap before GC invocations=2 (full 0):
 PSYoungGen      total 38400K, used 38382K [0x000000076ab00000, 0x000000076f600000, 0x00000007c0000000)
  eden space 33280K, 100% used [0x000000076ab00000,0x000000076cb80000,0x000000076cb80000)
  from space 5120K, 99% used [0x000000076cb80000,0x000000076d07b858,0x000000076d080000)
  to   space 5120K, 0% used [0x000000076f100000,0x000000076f100000,0x000000076f600000)
 ParOldGen       total 87552K, used 2361K [0x00000006c0000000, 0x00000006c5580000, 0x000000076ab00000)
  object space 87552K, 2% used [0x00000006c0000000,0x00000006c024e6e8,0x00000006c5580000)
 Metaspace       used 6197K, capacity 7088K, committed 7296K, reserved 1056768K
  class space    used 589K, capacity 616K, committed 640K, reserved 1048576K
Event: 3.608 GC heap after
Heap after GC invocations=2 (full 0):
 PSYoungGen      total 71680K, used 5095K [0x000000076ab00000, 0x000000076f600000, 0x00000007c0000000)
  eden space 66560K, 0% used [0x000000076ab00000,0x000000076ab00000,0x000000076ec00000)
  from space 5120K, 99% used [0x000000076f100000,0x000000076f5f9fc8,0x000000076f600000)
  to   space 5120K, 0% used [0x000000076ec00000,0x000000076ec00000,0x000000076f100000)
 ParOldGen       total 87552K, used 7039K [0x00000006c0000000, 0x00000006c5580000, 0x000000076ab00000)
  object space 87552K, 8% used [0x00000006c0000000,0x00000006c06dff48,0x00000006c5580000)
 Metaspace       used 6197K, capacity 7088K, committed 7296K, reserved 1056768K
  class space    used 589K, capacity 616K, committed 640K, reserved 1048576K
}

Deoptimization events (10 events):
Event: 2.835 Thread 0x000000001db73000 Uncommon trap: reason=unstable_if action=reinterpret pc=0x0000000002befddc method=com.android.dx.rop.cst.Constant.compareTo(Lcom/android/dx/rop/cst/Constant;)I @ 12
Event: 2.884 Thread 0x000000001dc7a000 Uncommon trap: reason=unstable_if action=reinterpret pc=0x0000000002d447cc method=com.android.dx.util.IntList.binarysearch(I)I @ 105
Event: 2.912 Thread 0x000000001dc79000 Uncommon trap: reason=unstable_if action=reinterpret pc=0x0000000002e18bd0 method=com.android.dx.ssa.SCCP.simulateStmt(Lcom/android/dx/ssa/SsaInsn;)V @ 53
Event: 2.943 Thread 0x000000001dc79000 Uncommon trap: reason=bimorphic action=maybe_recompile pc=0x0000000002b25b44 method=java.util.HashMap.getNode(ILjava/lang/Object;)Ljava/util/HashMap$Node; @ 126
Event: 2.943 Thread 0x000000001dc79000 Uncommon trap: reason=class_check action=maybe_recompile pc=0x0000000002e460a4 method=java.util.HashMap.putVal(ILjava/lang/Object;Ljava/lang/Object;ZZ)Ljava/lang/Object; @ 203
Event: 3.428 Thread 0x000000000267e000 Uncommon trap: reason=bimorphic action=maybe_recompile pc=0x0000000002eb3ab4 method=com.android.dx.cf.code.BytecodeArray.parseInstruction(ILcom/android/dx/cf/code/BytecodeArray$Visitor;)I @ 1501
Event: 3.428 Thread 0x000000000267e000 Uncommon trap: reason=bimorphic action=maybe_recompile pc=0x0000000002eb3ab4 method=com.android.dx.cf.code.BytecodeArray.parseInstruction(ILcom/android/dx/cf/code/BytecodeArray$Visitor;)I @ 1501
Event: 3.618 Thread 0x000000000267e000 Uncommon trap: reason=unstable_if action=reinterpret pc=0x0000000002bc8180 method=com.android.dx.rop.code.RegisterSpec.equals(ILcom/android/dx/rop/type/TypeBearer;Lcom/android/dx/rop/code/LocalItem;)Z @ 42
Event: 3.654 Thread 0x000000001db73000 Uncommon trap: reason=bimorphic action=maybe_recompile pc=0x0000000002eb4b78 method=com.android.dx.cf.code.BytecodeArray.parseInstruction(ILcom/android/dx/cf/code/BytecodeArray$Visitor;)I @ 1357
Event: 3.654 Thread 0x000000001db73000 Uncommon trap: reason=bimorphic action=maybe_recompile pc=0x0000000002eb4b78 method=com.android.dx.cf.code.BytecodeArray.parseInstruction(ILcom/android/dx/cf/code/BytecodeArray$Visitor;)I @ 1357

Classes redefined (0 events):
No events

Internal exceptions (5 events):
Event: 0.086 Thread 0x000000000267e000 Exception <a 'java/lang/NoSuchMethodError': Method sun.misc.Unsafe.defineClass(Ljava/lang/String;[BII)Ljava/lang/Class; name or signature does not match> (0x000000076ab07ca8) thrown at [D:\src\AOSP-openjdk-cygwin\jdk8u\hotspot\src\share\vm\prims\jni.cpp, 
Event: 0.086 Thread 0x000000000267e000 Exception <a 'java/lang/NoSuchMethodError': Method sun.misc.Unsafe.prefetchRead(Ljava/lang/Object;J)V name or signature does not match> (0x000000076ab07f90) thrown at [D:\src\AOSP-openjdk-cygwin\jdk8u\hotspot\src\share\vm\prims\jni.cpp, line 4011]
Event: 1.700 Thread 0x000000001db73000 Implicit null exception at 0x0000000002c0c329 to 0x0000000002c0e5f5
Event: 1.700 Thread 0x000000001db73000 Implicit null exception at 0x0000000002bf4e6d to 0x0000000002bf62d9
Event: 2.807 Thread 0x000000001db73000 Implicit null exception at 0x0000000002bf0422 to 0x0000000002bf051a

Events (10 events):
Event: 3.622 loading class java/util/HashMap$KeyIterator done
Event: 3.645 Thread 0x000000001dc79000 Thread exited: 0x000000001dc79000
Event: 3.654 Thread 0x000000001db73000 Uncommon trap: trap_request=0xffffffc6 fr.pc=0x0000000002eb4b78
Event: 3.654 Thread 0x000000001db73000 DEOPT PACKING pc=0x0000000002eb4b78 sp=0x000000001e0bea20
Event: 3.654 Thread 0x000000001db73000 DEOPT UNPACKING pc=0x00000000028c556a sp=0x000000001e0be9f0 mode 2
Event: 3.654 Thread 0x000000001db73000 Uncommon trap: trap_request=0xffffffc6 fr.pc=0x0000000002eb4b78
Event: 3.654 Thread 0x000000001db73000 DEOPT PACKING pc=0x0000000002eb4b78 sp=0x000000001e0be880
Event: 3.654 Thread 0x000000001db73000 DEOPT UNPACKING pc=0x00000000028c556a sp=0x000000001e0be850 mode 2
Event: 3.658 Thread 0x000000001db73000 Thread exited: 0x000000001db73000
Event: 3.669 Thread 0x000000001dc78000 Thread exited: 0x000000001dc78000


Dynamic libraries:
0x00007ff6dd2a0000 - 0x00007ff6dd2d1000 	C:\Program Files\Android\Android Studio\jre\bin\java.exe
0x00007ffba6a40000 - 0x00007ffba6bec000 	C:\Windows\SYSTEM32\ntdll.dll
0x00007ffba4300000 - 0x00007ffba443e000 	C:\Windows\system32\KERNEL32.DLL
0x00007ffba3cc0000 - 0x00007ffba3dd5000 	C:\Windows\system32\KERNELBASE.dll
0x00007ffba6450000 - 0x00007ffba64fa000 	C:\Windows\system32\ADVAPI32.dll
0x00007ffba40c0000 - 0x00007ffba4237000 	C:\Windows\system32\USER32.dll
0x00007ffba12f0000 - 0x00007ffba156b000 	C:\Windows\WinSxS\amd64_microsoft.windows.common-controls_6595b64144ccf1df_6.0.9600.17415_none_6240486fecbd8abb\COMCTL32.dll
0x00007ffba45a0000 - 0x00007ffba464a000 	C:\Windows\system32\msvcrt.dll
0x00007ffba5bb0000 - 0x00007ffba5c09000 	C:\Windows\SYSTEM32\sechost.dll
0x00007ffba66c0000 - 0x00007ffba6801000 	C:\Windows\system32\RPCRT4.dll
0x00007ffba5dd0000 - 0x00007ffba5f21000 	C:\Windows\system32\GDI32.dll
0x00007ffba5b70000 - 0x00007ffba5ba6000 	C:\Windows\system32\IMM32.DLL
0x00007ffba4440000 - 0x00007ffba4593000 	C:\Windows\system32\MSCTF.dll
0x0000000050840000 - 0x0000000050912000 	C:\Program Files\Android\Android Studio\jre\jre\bin\msvcr100.dll
0x0000000050920000 - 0x000000005115e000 	C:\Program Files\Android\Android Studio\jre\jre\bin\server\jvm.dll
0x00007ffb9d940000 - 0x00007ffb9d949000 	C:\Windows\SYSTEM32\WSOCK32.dll
0x00007ffb99590000 - 0x00007ffb995b2000 	C:\Windows\SYSTEM32\WINMM.dll
0x00007ffb9d120000 - 0x00007ffb9d12a000 	C:\Windows\SYSTEM32\VERSION.dll
0x00007ffba5c10000 - 0x00007ffba5c17000 	C:\Windows\system32\PSAPI.DLL
0x00007ffba6520000 - 0x00007ffba657a000 	C:\Windows\system32\WS2_32.dll
0x00007ffb993e0000 - 0x00007ffb9940a000 	C:\Windows\SYSTEM32\WINMMBASE.dll
0x00007ffba6810000 - 0x00007ffba6819000 	C:\Windows\system32\NSI.dll
0x00007ffba3de0000 - 0x00007ffba3e2f000 	C:\Windows\SYSTEM32\cfgmgr32.dll
0x00007ffba2980000 - 0x00007ffba29a8000 	C:\Windows\SYSTEM32\DEVOBJ.dll
0x00007ffb8b030000 - 0x00007ffb8b03f000 	C:\Program Files\Android\Android Studio\jre\jre\bin\verify.dll
0x00007ffb84510000 - 0x00007ffb84539000 	C:\Program Files\Android\Android Studio\jre\jre\bin\java.dll
0x00007ffb82230000 - 0x00007ffb82246000 	C:\Program Files\Android\Android Studio\jre\jre\bin\zip.dll
0x00007ffba4650000 - 0x00007ffba5b69000 	C:\Windows\system32\SHELL32.dll
0x00007ffba6820000 - 0x00007ffba6a31000 	C:\Windows\SYSTEM32\combase.dll
0x00007ffba4240000 - 0x00007ffba4294000 	C:\Windows\system32\SHLWAPI.dll
0x00007ffba1f40000 - 0x00007ffba1ff2000 	C:\Windows\SYSTEM32\SHCORE.dll
0x00007ffba3b90000 - 0x00007ffba3ba5000 	C:\Windows\SYSTEM32\profapi.dll

VM Arguments:
jvm_args: -Djava.awt.headless=true -Xmx4g -Dfile.encoding=windows-1252 -Duser.country=IN -Duser.language=en -Duser.variant 
java_command: com.android.dx.command.Main --dex --num-threads=4 --multi-dex --output C:\Project\ShopKirana\salespersonApp\Mp Salesperson 2\app\build\intermediates\transforms\dex\debug\folders\1000\2\android-query-full.0.26.8_b9fb3d68a3953fb4fe7bb5c068c2e636d357c891 C:\Project\ShopKirana\salespersonApp\Mp Salesperson 2\app\libs\android-query-full.0.26.8.jar
java_class_path (initial): C:\Users\User\AppData\Local\Android\Sdk\build-tools\25.0.0\lib\dx.jar
Launcher Type: SUN_STANDARD

Environment Variables:
JAVA_HOME=C:\Program Files\Java\jdk-9.0.4\bin
PATH=C:\Python37\Scripts\;C:\Python37\;C:\ProgramData\Oracle\Java\javapath;C:\Windows\system32;C:\Windows;C:\Windows\System32\Wbem;C:\Windows\System32\WindowsPowerShell\v1.0\;C:\Program Files\Microsoft SQL Server\120\Tools\Binn\;C:\Program Files\Microsoft SQL Server\Client SDK\ODBC\110\Tools\Binn\;C:\Program Files (x86)\Microsoft SQL Server\120\Tools\Binn\;C:\Program Files\Microsoft SQL Server\120\DTS\Binn\;C:\Program Files (x86)\Microsoft SQL Server\120\Tools\Binn\ManagementStudio\;C:\Program Files (x86)\Microsoft SQL Server\120\DTS\Binn\;C:\Program Files\Microsoft SQL Server\130\Tools\Binn\;C:\Program Files\TortoiseSVN\bin;C:\Program Files\dotnet\;C:\Program Files (x86)\VisualSVN\bin;C:\Program Files\Java\jdk-9.0.4\bin;C:\Users\User\AppData\Local\Android\Sdk;C:\Users\User\AppData\Local\Android\Sdk\tools;C:\Users\User\AppData\Local\Android\Sdk\platform-tools;C:\Users\User\AppData\Local\Programs\Git\bin;C:\Program Files\nodejs\;C:\Users\User\AppData\Local\Programs\Git\cmd;C:\Users\User\AppData\Local\Programs\Git\mingw64\bin;C:\Users\User\AppData\Local\Programs\Git\usr\bin;C:\Users\User\AppData\Roaming\npm;C:\Users\User\AppData\Local\Programs\Microsoft VS Code\bin
USERNAME=User
OS=Windows_NT
PROCESSOR_IDENTIFIER=Intel64 Family 6 Model 42 Stepping 7, GenuineIntel



---------------  S Y S T E M  ---------------

OS: Windows 8.1 , 64 bit Build 9600 (6.3.9600.17415)

CPU:total 4 (initial active 4) (4 cores per cpu, 1 threads per core) family 6 model 42 stepping 7, cmov, cx8, fxsr, mmx, sse, sse2, sse3, ssse3, sse4.1, sse4.2, popcnt, avx, aes, clmul, tsc, tscinvbit

Memory: 4k page, physical 8266800k(772448k free), swap 11412528k(11692k free)

vm_info: OpenJDK 64-Bit Server VM (25.152-b01) for windows-amd64 JRE (1.8.0_152-release-915-b01), built by "builder" with MS VC++ 10.0 (VS2010)

time: Tue Oct 30 16:26:07 2018
elapsed time: 3 seconds (0d 0h 0m 3s)

