#
# There is insufficient memory for the Java Runtime Environment to continue.
# Native memory allocation (malloc) failed to allocate 82624 bytes for Chunk::new
# Possible reasons:
#   The system is out of physical RAM or swap space
#   In 32 bit mode, the process size limit was hit
# Possible solutions:
#   Reduce memory load on the system
#   Increase physical memory or swap space
#   Check if swap backing store is full
#   Use 64 bit Java on a 64 bit OS
#   Decrease Java heap size (-Xmx/-Xms)
#   Decrease number of Java threads
#   Decrease Java thread stack sizes (-Xss)
#   Set larger code cache with -XX:ReservedCodeCacheSize=
# This output file may be truncated or incomplete.
#
#  Out of Memory Error (allocation.cpp:390), pid=8508, tid=0x0000000000001b6c
#
# JRE version: OpenJDK Runtime Environment (8.0_152-b01) (build 1.8.0_152-release-915-b01)
# Java VM: OpenJDK 64-Bit Server VM (25.152-b01 mixed mode windows-amd64 compressed oops)
# Failed to write core dump. Minidumps are not enabled by default on client versions of Windows
#

---------------  T H R E A D  ---------------

Current thread (0x000000001b81c000):  JavaThread "C2 CompilerThread0" daemon [_thread_in_native, id=7020, stack(0x000000001cfc0000,0x000000001d0c0000)]

Stack: [0x000000001cfc0000,0x000000001d0c0000]
[error occurred during error reporting (printing stack bounds), id 0xc0000005]

Native frames: (J=compiled Java code, j=interpreted, Vv=VM code, C=native code)


Current CompileTask:
C2:    926 1087       4       com.android.dx.dex.code.OutputFinisher::addConstants (93 bytes)


---------------  P R O C E S S  ---------------

Java Threads: ( => current thread )
  0x000000001d54e000 JavaThread "pool-1-thread-1" [_thread_in_Java, id=14924, stack(0x000000001d8c0000,0x000000001d9c0000)]
  0x000000001d2c5000 JavaThread "Service Thread" daemon [_thread_blocked, id=14228, stack(0x000000001d6c0000,0x000000001d7c0000)]
  0x000000001b87e000 JavaThread "C1 CompilerThread2" daemon [_thread_in_vm, id=8560, stack(0x000000001d1c0000,0x000000001d2c0000)]
  0x000000001b875800 JavaThread "C2 CompilerThread1" daemon [_thread_in_native, id=5132, stack(0x000000001d0c0000,0x000000001d1c0000)]
=>0x000000001b81c000 JavaThread "C2 CompilerThread0" daemon [_thread_in_native, id=7020, stack(0x000000001cfc0000,0x000000001d0c0000)]
  0x000000001b81a800 JavaThread "Attach Listener" daemon [_thread_blocked, id=6844, stack(0x000000001cec0000,0x000000001cfc0000)]
  0x000000001b819800 JavaThread "Signal Dispatcher" daemon [_thread_blocked, id=17152, stack(0x000000001cdc0000,0x000000001cec0000)]
  0x000000000214c800 JavaThread "Finalizer" daemon [_thread_blocked, id=11236, stack(0x000000001caa0000,0x000000001cba0000)]
  0x0000000002141800 JavaThread "Reference Handler" daemon [_thread_blocked, id=10256, stack(0x000000001c9a0000,0x000000001caa0000)]
  0x0000000001f4e000 JavaThread "main" [_thread_blocked, id=9404, stack(0x0000000001f50000,0x0000000002050000)]

Other Threads:
  0x000000001b7e5000 VMThread [stack: 0x000000001c8a0000,0x000000001c9a0000] [id=6404]
  0x000000001d2c6000 WatcherThread [stack: 0x000000001d7c0000,0x000000001d8c0000] [id=13336]

VM state:not at safepoint (normal execution)

VM Mutex/Monitor currently owned by a thread: None

Heap:
 PSYoungGen      total 38400K, used 24637K [0x000000076ab00000, 0x000000076d580000, 0x00000007c0000000)
  eden space 33280K, 74% used [0x000000076ab00000,0x000000076c30f648,0x000000076cb80000)
  from space 5120K, 0% used [0x000000076d080000,0x000000076d080000,0x000000076d580000)
  to   space 5120K, 0% used [0x000000076cb80000,0x000000076cb80000,0x000000076d080000)
 ParOldGen       total 87552K, used 0K [0x00000006c0000000, 0x00000006c5580000, 0x000000076ab00000)
  object space 87552K, 0% used [0x00000006c0000000,0x00000006c0000000,0x00000006c5580000)
 Metaspace       used 5915K, capacity 6960K, committed 7040K, reserved 1056768K
  class space    used 589K, capacity 616K, committed 640K, reserved 1048576K

Card table byte_map: [0x0000000011510000,0x0000000011d20000] byte_map_base: 0x000000000df10000

Marking Bits: (ParMarkBitMap*) 0x00000000510e3950
 Begin Bits: [0x0000000012680000, 0x0000000016680000)
 End Bits:   [0x0000000016680000, 0x000000001a680000)

Polling page: 0x0000000001d80000

CodeCache: size=245760Kb used=4505Kb max_used=4505Kb free=241254Kb
 bounds [0x0000000002150000, 0x00000000025c0000, 0x0000000011150000]
 total_blobs=1406 nmethods=1144 adapters=176
 compilation: enabled

Compilation events (10 events):
Event: 0.921 Thread 0x000000001b87e000 1137       3       com.android.dx.dex.file.CodeItem$1::getIndex (20 bytes)
Event: 0.921 Thread 0x000000001b87e000 nmethod 1137 0x00000000025af8d0 code [0x00000000025afa60, 0x00000000025afe98]
Event: 0.921 Thread 0x000000001b87e000 1138       3       com.android.dx.dex.file.DexFile::findItemOrNull (66 bytes)
Event: 0.921 Thread 0x000000001b87e000 nmethod 1138 0x00000000025b3bd0 code [0x00000000025b3da0, 0x00000000025b46b8]
Event: 0.921 Thread 0x000000001b87e000 1139       3       com.android.dx.dex.code.InsnFormat::unsignedFitsInNibble (14 bytes)
Event: 0.921 Thread 0x000000001b87e000 nmethod 1139 0x00000000025af550 code [0x00000000025af6a0, 0x00000000025af830]
Event: 0.923 Thread 0x000000001b87e000 1140       3       com.android.dx.dex.file.Section::throwIfNotPrepared (18 bytes)
Event: 0.923 Thread 0x000000001b87e000 nmethod 1140 0x00000000025b4850 code [0x00000000025b49c0, 0x00000000025b4c08]
Event: 0.923 Thread 0x000000001b875800 1141       4       java.util.Arrays::equals (78 bytes)
Event: 0.924 Thread 0x000000001b87e000 1142       3       com.android.dx.dex.code.StdCatchBuilder::handlersFor (216 bytes)

GC Heap History (0 events):
No events

Deoptimization events (10 events):
Event: 0.678 Thread 0x000000001d54e000 Uncommon trap: reason=unstable_if action=reinterpret pc=0x000000000245b248 method=com.android.dx.rop.code.LocalItem.hashCode()I @ 25
Event: 0.684 Thread 0x000000001d54e000 Uncommon trap: reason=unstable_if action=reinterpret pc=0x0000000002488450 method=com.android.dx.rop.code.LocalItem.hashCode()I @ 25
Event: 0.819 Thread 0x000000001d54e000 Uncommon trap: reason=unstable_if action=reinterpret pc=0x00000000024b4c78 method=com.android.dx.rop.code.LocalItem.hashCode()I @ 25
Event: 0.899 Thread 0x000000001d54e000 Uncommon trap: reason=unstable_if action=reinterpret pc=0x000000000259b4b4 method=java.util.HashMap.putVal(ILjava/lang/Object;Ljava/lang/Object;ZZ)Ljava/lang/Object; @ 94
Event: 0.903 Thread 0x000000001d54e000 Uncommon trap: reason=bimorphic action=maybe_recompile pc=0x00000000023697ec method=java.util.HashMap.getNode(ILjava/lang/Object;)Ljava/util/HashMap$Node; @ 126
Event: 0.903 Thread 0x000000001d54e000 Uncommon trap: reason=bimorphic action=maybe_recompile pc=0x00000000023697ec method=java.util.HashMap.getNode(ILjava/lang/Object;)Ljava/util/HashMap$Node; @ 126
Event: 0.912 Thread 0x000000001d54e000 Uncommon trap: reason=class_check action=maybe_recompile pc=0x00000000024b7e30 method=java.util.Arrays.equals([Ljava/lang/Object;[Ljava/lang/Object;)Z @ 62
Event: 0.912 Thread 0x000000001d54e000 Uncommon trap: reason=class_check action=maybe_recompile pc=0x00000000024b7e30 method=java.util.Arrays.equals([Ljava/lang/Object;[Ljava/lang/Object;)Z @ 62
Event: 0.912 Thread 0x000000001d54e000 Uncommon trap: reason=class_check action=maybe_recompile pc=0x00000000024b7e30 method=java.util.Arrays.equals([Ljava/lang/Object;[Ljava/lang/Object;)Z @ 62
Event: 0.912 Thread 0x000000001d54e000 Uncommon trap: reason=class_check action=maybe_recompile pc=0x00000000024b7e30 method=java.util.Arrays.equals([Ljava/lang/Object;[Ljava/lang/Object;)Z @ 62

Classes redefined (0 events):
No events

Internal exceptions (4 events):
Event: 0.036 Thread 0x0000000001f4e000 Exception <a 'java/lang/NoSuchMethodError': Method sun.misc.Unsafe.defineClass(Ljava/lang/String;[BII)Ljava/lang/Class; name or signature does not match> (0x000000076ab07ca8) thrown at [D:\src\AOSP-openjdk-cygwin\jdk8u\hotspot\src\share\vm\prims\jni.cpp, 
Event: 0.036 Thread 0x0000000001f4e000 Exception <a 'java/lang/NoSuchMethodError': Method sun.misc.Unsafe.prefetchRead(Ljava/lang/Object;J)V name or signature does not match> (0x000000076ab07f90) thrown at [D:\src\AOSP-openjdk-cygwin\jdk8u\hotspot\src\share\vm\prims\jni.cpp, line 4011]
Event: 0.608 Thread 0x000000001d553000 Implicit null exception at 0x0000000002405c9c to 0x0000000002407fa1
Event: 0.661 Thread 0x000000001d553800 Implicit null exception at 0x000000000244a6c9 to 0x000000000244cdbd

Events (10 events):
Event: 0.912 Thread 0x000000001d54e000 Uncommon trap: trap_request=0xffffffde fr.pc=0x00000000024b7e30
Event: 0.912 Thread 0x000000001d54e000 DEOPT PACKING pc=0x00000000024b7e30 sp=0x000000001d9beaf0
Event: 0.912 Thread 0x000000001d54e000 DEOPT UNPACKING pc=0x000000000219556a sp=0x000000001d9bea80 mode 2
Event: 0.912 Thread 0x000000001d54e000 Uncommon trap: trap_request=0xffffffde fr.pc=0x00000000024b7e30
Event: 0.912 Thread 0x000000001d54e000 DEOPT PACKING pc=0x00000000024b7e30 sp=0x000000001d9beaf0
Event: 0.912 Thread 0x000000001d54e000 DEOPT UNPACKING pc=0x000000000219556a sp=0x000000001d9bea80 mode 2
Event: 0.912 loading class com/android/dx/dex/code/CatchTable$Entry
Event: 0.912 loading class com/android/dx/dex/code/CatchTable$Entry done
Event: 0.912 loading class com/android/dx/util/ByteArrayAnnotatedOutput
Event: 0.912 loading class com/android/dx/util/ByteArrayAnnotatedOutput done


Dynamic libraries:
0x00007ff6dd2a0000 - 0x00007ff6dd2d1000 	C:\Program Files\Android\Android Studio\jre\bin\java.exe
0x00007ffba6a40000 - 0x00007ffba6bec000 	C:\Windows\SYSTEM32\ntdll.dll
0x00007ffba4300000 - 0x00007ffba443e000 	C:\Windows\system32\KERNEL32.DLL
0x00007ffba3cc0000 - 0x00007ffba3dd5000 	C:\Windows\system32\KERNELBASE.dll
0x00007ffba6450000 - 0x00007ffba64fa000 	C:\Windows\system32\ADVAPI32.dll
0x00007ffba40c0000 - 0x00007ffba4237000 	C:\Windows\system32\USER32.dll
0x00007ffba12f0000 - 0x00007ffba156b000 	C:\Windows\WinSxS\amd64_microsoft.windows.common-controls_6595b64144ccf1df_6.0.9600.17415_none_6240486fecbd8abb\COMCTL32.dll
0x00007ffba45a0000 - 0x00007ffba464a000 	C:\Windows\system32\msvcrt.dll
0x00007ffba5bb0000 - 0x00007ffba5c09000 	C:\Windows\SYSTEM32\sechost.dll
0x00007ffba66c0000 - 0x00007ffba6801000 	C:\Windows\system32\RPCRT4.dll
0x00007ffba5dd0000 - 0x00007ffba5f21000 	C:\Windows\system32\GDI32.dll
0x00007ffba5b70000 - 0x00007ffba5ba6000 	C:\Windows\system32\IMM32.DLL
0x00007ffba4440000 - 0x00007ffba4593000 	C:\Windows\system32\MSCTF.dll
0x0000000050840000 - 0x0000000050912000 	C:\Program Files\Android\Android Studio\jre\jre\bin\msvcr100.dll
0x0000000050920000 - 0x000000005115e000 	C:\Program Files\Android\Android Studio\jre\jre\bin\server\jvm.dll
0x00007ffb9d940000 - 0x00007ffb9d949000 	C:\Windows\SYSTEM32\WSOCK32.dll
0x00007ffb99590000 - 0x00007ffb995b2000 	C:\Windows\SYSTEM32\WINMM.dll
0x00007ffb9d120000 - 0x00007ffb9d12a000 	C:\Windows\SYSTEM32\VERSION.dll
0x00007ffba5c10000 - 0x00007ffba5c17000 	C:\Windows\system32\PSAPI.DLL
0x00007ffba6520000 - 0x00007ffba657a000 	C:\Windows\system32\WS2_32.dll
0x00007ffb993e0000 - 0x00007ffb9940a000 	C:\Windows\SYSTEM32\WINMMBASE.dll
0x00007ffba6810000 - 0x00007ffba6819000 	C:\Windows\system32\NSI.dll
0x00007ffba3de0000 - 0x00007ffba3e2f000 	C:\Windows\SYSTEM32\cfgmgr32.dll
0x00007ffba2980000 - 0x00007ffba29a8000 	C:\Windows\SYSTEM32\DEVOBJ.dll
0x00007ffb8b030000 - 0x00007ffb8b03f000 	C:\Program Files\Android\Android Studio\jre\jre\bin\verify.dll
0x00007ffb84510000 - 0x00007ffb84539000 	C:\Program Files\Android\Android Studio\jre\jre\bin\java.dll
0x00007ffb82230000 - 0x00007ffb82246000 	C:\Program Files\Android\Android Studio\jre\jre\bin\zip.dll
0x00007ffba4650000 - 0x00007ffba5b69000 	C:\Windows\system32\SHELL32.dll
0x00007ffba6820000 - 0x00007ffba6a31000 	C:\Windows\SYSTEM32\combase.dll
0x00007ffba4240000 - 0x00007ffba4294000 	C:\Windows\system32\SHLWAPI.dll
0x00007ffba1f40000 - 0x00007ffba1ff2000 	C:\Windows\SYSTEM32\SHCORE.dll
0x00007ffba3b90000 - 0x00007ffba3ba5000 	C:\Windows\SYSTEM32\profapi.dll

VM Arguments:
jvm_args: -Djava.awt.headless=true -Xmx4g -Dfile.encoding=windows-1252 -Duser.country=IN -Duser.language=en -Duser.variant 
java_command: com.android.dx.command.Main --dex --num-threads=4 --multi-dex --output C:\Project\ShopKirana\salespersonApp\Mp Salesperson 2\app\build\intermediates\transforms\dex\debug\folders\1000\8\disklrucache-2.0.1_6fe42ac15a682bedf1586c813b7bd0141767e2aa C:\Project\ShopKirana\salespersonApp\Mp Salesperson 2\AmitLibs\build\intermediates\bundles\default\libs\disklrucache-2.0.1.jar
java_class_path (initial): C:\Users\User\AppData\Local\Android\Sdk\build-tools\25.0.0\lib\dx.jar
Launcher Type: SUN_STANDARD

Environment Variables:
JAVA_HOME=C:\Program Files\Java\jdk-9.0.4\bin
PATH=C:\Python37\Scripts\;C:\Python37\;C:\ProgramData\Oracle\Java\javapath;C:\Windows\system32;C:\Windows;C:\Windows\System32\Wbem;C:\Windows\System32\WindowsPowerShell\v1.0\;C:\Program Files\Microsoft SQL Server\120\Tools\Binn\;C:\Program Files\Microsoft SQL Server\Client SDK\ODBC\110\Tools\Binn\;C:\Program Files (x86)\Microsoft SQL Server\120\Tools\Binn\;C:\Program Files\Microsoft SQL Server\120\DTS\Binn\;C:\Program Files (x86)\Microsoft SQL Server\120\Tools\Binn\ManagementStudio\;C:\Program Files (x86)\Microsoft SQL Server\120\DTS\Binn\;C:\Program Files\Microsoft SQL Server\130\Tools\Binn\;C:\Program Files\TortoiseSVN\bin;C:\Program Files\dotnet\;C:\Program Files (x86)\VisualSVN\bin;C:\Program Files\Java\jdk-9.0.4\bin;C:\Users\User\AppData\Local\Android\Sdk;C:\Users\User\AppData\Local\Android\Sdk\tools;C:\Users\User\AppData\Local\Android\Sdk\platform-tools;C:\Users\User\AppData\Local\Programs\Git\bin;C:\Program Files\nodejs\;C:\Users\User\AppData\Local\Programs\Git\cmd;C:\Users\User\AppData\Local\Programs\Git\mingw64\bin;C:\Users\User\AppData\Local\Programs\Git\usr\bin;C:\Users\User\AppData\Roaming\npm;C:\Users\User\AppData\Local\Programs\Microsoft VS Code\bin
USERNAME=User
OS=Windows_NT
PROCESSOR_IDENTIFIER=Intel64 Family 6 Model 42 Stepping 7, GenuineIntel



---------------  S Y S T E M  ---------------

OS: Windows 8.1 , 64 bit Build 9600 (6.3.9600.17415)

CPU:total 4 (initial active 4) (4 cores per cpu, 1 threads per core) family 6 model 42 stepping 7, cmov, cx8, fxsr, mmx, sse, sse2, sse3, ssse3, sse4.1, sse4.2, popcnt, avx, aes, clmul, tsc, tscinvbit

Memory: 4k page, physical 8266800k(1446252k free), swap 11412528k(5052k free)

vm_info: OpenJDK 64-Bit Server VM (25.152-b01) for windows-amd64 JRE (1.8.0_152-release-915-b01), built by "builder" with MS VC++ 10.0 (VS2010)

time: Tue Oct 30 16:28:17 2018
elapsed time: 0 seconds (0d 0h 0m 0s)

