#
# There is insufficient memory for the Java Runtime Environment to continue.
# Native memory allocation (malloc) failed to allocate 1414912 bytes for Chunk::new
# Possible reasons:
#   The system is out of physical RAM or swap space
#   In 32 bit mode, the process size limit was hit
# Possible solutions:
#   Reduce memory load on the system
#   Increase physical memory or swap space
#   Check if swap backing store is full
#   Use 64 bit Java on a 64 bit OS
#   Decrease Java heap size (-Xmx/-Xms)
#   Decrease number of Java threads
#   Decrease Java thread stack sizes (-Xss)
#   Set larger code cache with -XX:ReservedCodeCacheSize=
# This output file may be truncated or incomplete.
#
#  Out of Memory Error (allocation.cpp:390), pid=1576, tid=0x0000000000000ef8
#
# JRE version: OpenJDK Runtime Environment (8.0_152-b01) (build 1.8.0_152-release-915-b01)
# Java VM: OpenJDK 64-Bit Server VM (25.152-b01 mixed mode windows-amd64 compressed oops)
# Failed to write core dump. Minidumps are not enabled by default on client versions of Windows
#

---------------  T H R E A D  ---------------

Current thread (0x000000001bf95800):  JavaThread "C2 CompilerThread1" daemon [_thread_in_native, id=3832, stack(0x000000001d7b0000,0x000000001d8b0000)]

Stack: [0x000000001d7b0000,0x000000001d8b0000]
[error occurred during error reporting (printing stack bounds), id 0xc0000005]

Native frames: (J=compiled Java code, j=interpreted, Vv=VM code, C=native code)


Current CompileTask:
C2:   4145 1430   !   4       com.android.dx.cf.cst.ConstantPoolParser::parse0 (731 bytes)


---------------  P R O C E S S  ---------------

Java Threads: ( => current thread )
  0x000000001db24000 JavaThread "pool-2-thread-4" [_thread_blocked, id=16148, stack(0x000000001e3b0000,0x000000001e4b0000)]
  0x000000001db22000 JavaThread "pool-2-thread-3" [_thread_in_vm, id=11148, stack(0x000000001e2b0000,0x000000001e3b0000)]
  0x000000001db1d000 JavaThread "pool-2-thread-2" [_thread_blocked, id=6024, stack(0x000000001e1b0000,0x000000001e2b0000)]
  0x000000001db1a000 JavaThread "pool-3-thread-1" [_thread_blocked, id=14320, stack(0x000000001e0b0000,0x000000001e1b0000)]
  0x000000001db0f800 JavaThread "pool-2-thread-1" [_thread_in_Java, id=14628, stack(0x000000001dfb0000,0x000000001e0b0000)]
  0x000000001d8bd000 JavaThread "Service Thread" daemon [_thread_blocked, id=11224, stack(0x000000001ddb0000,0x000000001deb0000)]
  0x000000001bf9a800 JavaThread "C1 CompilerThread2" daemon [_thread_blocked, id=7604, stack(0x000000001dcb0000,0x000000001ddb0000)]
=>0x000000001bf95800 JavaThread "C2 CompilerThread1" daemon [_thread_in_native, id=3832, stack(0x000000001d7b0000,0x000000001d8b0000)]
  0x000000001bf3c000 JavaThread "C2 CompilerThread0" daemon [_thread_in_native, id=11228, stack(0x000000001d6b0000,0x000000001d7b0000)]
  0x000000001bf3a800 JavaThread "Attach Listener" daemon [_thread_blocked, id=12992, stack(0x000000001d5b0000,0x000000001d6b0000)]
  0x000000001bf39800 JavaThread "Signal Dispatcher" daemon [_thread_blocked, id=3036, stack(0x000000001d4b0000,0x000000001d5b0000)]
  0x000000000279c800 JavaThread "Finalizer" daemon [_thread_blocked, id=9760, stack(0x000000001d190000,0x000000001d290000)]
  0x0000000002791800 JavaThread "Reference Handler" daemon [_thread_blocked, id=4560, stack(0x000000001d090000,0x000000001d190000)]
  0x000000000286e000 JavaThread "main" [_thread_blocked, id=8948, stack(0x00000000024f0000,0x00000000025f0000)]

Other Threads:
  0x000000001bf05000 VMThread [stack: 0x000000001cf90000,0x000000001d090000] [id=11132]
  0x000000001d8c0000 WatcherThread [stack: 0x000000001deb0000,0x000000001dfb0000] [id=6124]

VM state:not at safepoint (normal execution)

VM Mutex/Monitor currently owned by a thread: None

Heap:
 PSYoungGen      total 38400K, used 29866K [0x000000076ab00000, 0x000000076d580000, 0x00000007c0000000)
  eden space 33280K, 74% used [0x000000076ab00000,0x000000076c330628,0x000000076cb80000)
  from space 5120K, 99% used [0x000000076cb80000,0x000000076d07a4a0,0x000000076d080000)
  to   space 5120K, 0% used [0x000000076d080000,0x000000076d080000,0x000000076d580000)
 ParOldGen       total 87552K, used 1291K [0x00000006c0000000, 0x00000006c5580000, 0x000000076ab00000)
  object space 87552K, 1% used [0x00000006c0000000,0x00000006c0142c20,0x00000006c5580000)
 Metaspace       used 6105K, capacity 7088K, committed 7296K, reserved 1056768K
  class space    used 574K, capacity 616K, committed 640K, reserved 1048576K

Card table byte_map: [0x0000000011c30000,0x0000000012440000] byte_map_base: 0x000000000e630000

Marking Bits: (ParMarkBitMap*) 0x00000000510e3950
 Begin Bits: [0x0000000012da0000, 0x0000000016da0000)
 End Bits:   [0x0000000016da0000, 0x000000001ada0000)

Polling page: 0x0000000000ef0000

CodeCache: size=245760Kb used=6670Kb max_used=6670Kb free=239089Kb
 bounds [0x0000000002870000, 0x0000000002f00000, 0x0000000011870000]
 total_blobs=1808 nmethods=1546 adapters=176
 compilation: enabled

Compilation events (10 events):
Event: 4.102 Thread 0x000000001bf9a800 1548       3       com.android.dx.ssa.back.FirstFitLocalCombiningAllocator::handlePhiInsns (36 bytes)
Event: 4.102 Thread 0x000000001bf9a800 nmethod 1548 0x0000000002ede650 code [0x0000000002ede800, 0x0000000002ededf8]
Event: 4.103 Thread 0x000000001bf9a800 1549       3       com.android.dx.command.dexer.Main::access$1800 (4 bytes)
Event: 4.103 Thread 0x000000001bf9a800 nmethod 1549 0x0000000002ef5a10 code [0x0000000002ef5b60, 0x0000000002ef5cb0]
Event: 4.103 Thread 0x000000001bf9a800 1550       3       com.android.dx.command.dexer.Main::access$2000 (4 bytes)
Event: 4.103 Thread 0x000000001bf9a800 nmethod 1550 0x0000000002ef5d10 code [0x0000000002ef5e60, 0x0000000002ef5fb0]
Event: 4.103 Thread 0x000000001bf9a800 1551       3       java.util.EnumSet::noneOf (63 bytes)
Event: 4.104 Thread 0x000000001bf9a800 nmethod 1551 0x0000000002ef6010 code [0x0000000002ef62a0, 0x0000000002ef7308]
Event: 4.104 Thread 0x000000001bf9a800 1552       3       com.android.dx.ssa.Optimizer::optimize (67 bytes)
Event: 4.105 Thread 0x000000001bf9a800 nmethod 1552 0x0000000002ef7b50 code [0x0000000002ef7d60, 0x0000000002ef8678]

GC Heap History (2 events):
Event: 2.980 GC heap before
{Heap before GC invocations=1 (full 0):
 PSYoungGen      total 38400K, used 33280K [0x000000076ab00000, 0x000000076d580000, 0x00000007c0000000)
  eden space 33280K, 100% used [0x000000076ab00000,0x000000076cb80000,0x000000076cb80000)
  from space 5120K, 0% used [0x000000076d080000,0x000000076d080000,0x000000076d580000)
  to   space 5120K, 0% used [0x000000076cb80000,0x000000076cb80000,0x000000076d080000)
 ParOldGen       total 87552K, used 0K [0x00000006c0000000, 0x00000006c5580000, 0x000000076ab00000)
  object space 87552K, 0% used [0x00000006c0000000,0x00000006c0000000,0x00000006c5580000)
 Metaspace       used 6003K, capacity 7024K, committed 7296K, reserved 1056768K
  class space    used 574K, capacity 616K, committed 640K, reserved 1048576K
Event: 3.410 GC heap after
Heap after GC invocations=1 (full 0):
 PSYoungGen      total 38400K, used 5097K [0x000000076ab00000, 0x000000076d580000, 0x00000007c0000000)
  eden space 33280K, 0% used [0x000000076ab00000,0x000000076ab00000,0x000000076cb80000)
  from space 5120K, 99% used [0x000000076cb80000,0x000000076d07a4a0,0x000000076d080000)
  to   space 5120K, 0% used [0x000000076d080000,0x000000076d080000,0x000000076d580000)
 ParOldGen       total 87552K, used 1291K [0x00000006c0000000, 0x00000006c5580000, 0x000000076ab00000)
  object space 87552K, 1% used [0x00000006c0000000,0x00000006c0142c20,0x00000006c5580000)
 Metaspace       used 6003K, capacity 7024K, committed 7296K, reserved 1056768K
  class space    used 574K, capacity 616K, committed 640K, reserved 1048576K
}

Deoptimization events (10 events):
Event: 2.134 Thread 0x000000001db22000 Uncommon trap: reason=class_check action=maybe_recompile pc=0x0000000002b0b330 method=com.android.dx.ssa.NormalSsaInsn.accept(Lcom/android/dx/ssa/SsaInsn$Visitor;)V @ 9
Event: 2.186 Thread 0x000000001db1d000 Uncommon trap: reason=class_check action=maybe_recompile pc=0x0000000002bc7b80 method=com.android.dx.ssa.NormalSsaInsn.accept(Lcom/android/dx/ssa/SsaInsn$Visitor;)V @ 9
Event: 2.595 Thread 0x000000001db0f800 Uncommon trap: reason=null_check action=make_not_entrant pc=0x0000000002cdbbe8 method=com.android.dx.ssa.SsaRenamer.getLocalForNewReg(I)Lcom/android/dx/rop/code/LocalItem; @ 19
Event: 2.930 Thread 0x000000001db22000 Uncommon trap: reason=null_check action=make_not_entrant pc=0x0000000002c9e604 method=com.android.dx.ssa.SsaRenamer.getLocalForNewReg(I)Lcom/android/dx/rop/code/LocalItem; @ 19
Event: 3.422 Thread 0x000000000286e000 Uncommon trap: reason=unstable_if action=reinterpret pc=0x0000000002db3fe8 method=com.android.dx.ssa.SsaRenamer$BlockRenamer.addMapping(ILcom/android/dx/rop/code/RegisterSpec;)V @ 120
Event: 3.430 Thread 0x000000000286e000 Uncommon trap: reason=unstable_if action=reinterpret pc=0x0000000002d266ac method=com.android.dx.ssa.SsaRenamer$BlockRenamer.addMapping(ILcom/android/dx/rop/code/RegisterSpec;)V @ 120
Event: 3.432 Thread 0x000000000286e000 Uncommon trap: reason=unstable_if action=reinterpret pc=0x0000000002de0320 method=com.android.dx.rop.code.LocalItem.compareHandlesNulls(Lcom/android/dx/rop/cst/CstString;Lcom/android/dx/rop/cst/CstString;)I @ 8
Event: 3.985 Thread 0x000000001db22000 Uncommon trap: reason=unstable_if action=reinterpret pc=0x0000000002bc5278 method=com.android.dx.rop.code.RegisterSpec.equals(ILcom/android/dx/rop/type/TypeBearer;Lcom/android/dx/rop/code/LocalItem;)Z @ 42
Event: 4.042 Thread 0x000000001db0f800 Uncommon trap: reason=unstable_if action=reinterpret pc=0x0000000002bc1e5c method=com.android.dx.rop.cst.Constant.compareTo(Lcom/android/dx/rop/cst/Constant;)I @ 12
Event: 4.066 Thread 0x000000001db0f800 Uncommon trap: reason=unstable_if action=reinterpret pc=0x0000000002e418d8 method=com.android.dx.ssa.MoveParamCombiner$1.visitNonMoveInsn(Lcom/android/dx/ssa/NormalSsaInsn;)V @ 27

Classes redefined (0 events):
No events

Internal exceptions (5 events):
Event: 0.272 Thread 0x000000000286e000 Exception <a 'java/lang/NoSuchMethodError': Method sun.misc.Unsafe.defineClass(Ljava/lang/String;[BII)Ljava/lang/Class; name or signature does not match> (0x000000076ab07ca8) thrown at [D:\src\AOSP-openjdk-cygwin\jdk8u\hotspot\src\share\vm\prims\jni.cpp, 
Event: 0.272 Thread 0x000000000286e000 Exception <a 'java/lang/NoSuchMethodError': Method sun.misc.Unsafe.prefetchRead(Ljava/lang/Object;J)V name or signature does not match> (0x000000076ab07f90) thrown at [D:\src\AOSP-openjdk-cygwin\jdk8u\hotspot\src\share\vm\prims\jni.cpp, line 4011]
Event: 2.595 Thread 0x000000001db0f800 Implicit null exception at 0x0000000002cda3eb to 0x0000000002cdbb9d
Event: 2.930 Thread 0x000000001db22000 Implicit null exception at 0x0000000002c9d0b0 to 0x0000000002c9e5d1
Event: 3.432 Thread 0x000000000286e000 Implicit null exception at 0x0000000002ddee00 to 0x0000000002de02ed

Events (10 events):
Event: 3.432 Thread 0x000000000286e000 DEOPT UNPACKING pc=0x00000000028b556a sp=0x00000000025ee0b8 mode 2
Event: 3.985 Thread 0x000000001db22000 Uncommon trap: trap_request=0xffffff65 fr.pc=0x0000000002bc5278
Event: 3.985 Thread 0x000000001db22000 DEOPT PACKING pc=0x0000000002bc5278 sp=0x000000001e3ae700
Event: 3.985 Thread 0x000000001db22000 DEOPT UNPACKING pc=0x00000000028b556a sp=0x000000001e3ae688 mode 2
Event: 4.042 Thread 0x000000001db0f800 Uncommon trap: trap_request=0xffffff65 fr.pc=0x0000000002bc1e5c
Event: 4.042 Thread 0x000000001db0f800 DEOPT PACKING pc=0x0000000002bc1e5c sp=0x000000001e0ae2b0
Event: 4.043 Thread 0x000000001db0f800 DEOPT UNPACKING pc=0x00000000028b556a sp=0x000000001e0ae250 mode 2
Event: 4.066 Thread 0x000000001db0f800 Uncommon trap: trap_request=0xffffff65 fr.pc=0x0000000002e418d8
Event: 4.066 Thread 0x000000001db0f800 DEOPT PACKING pc=0x0000000002e418d8 sp=0x000000001e0ae6f0
Event: 4.066 Thread 0x000000001db0f800 DEOPT UNPACKING pc=0x00000000028b556a sp=0x000000001e0ae648 mode 2


Dynamic libraries:
0x00007ff747100000 - 0x00007ff747131000 	C:\Program Files\Android\Android Studio\jre\bin\java.exe
0x00007ffba6a40000 - 0x00007ffba6bec000 	C:\Windows\SYSTEM32\ntdll.dll
0x00007ffba4300000 - 0x00007ffba443e000 	C:\Windows\system32\KERNEL32.DLL
0x00007ffba3cc0000 - 0x00007ffba3dd5000 	C:\Windows\system32\KERNELBASE.dll
0x00007ffba6450000 - 0x00007ffba64fa000 	C:\Windows\system32\ADVAPI32.dll
0x00007ffba40c0000 - 0x00007ffba4237000 	C:\Windows\system32\USER32.dll
0x00007ffba12f0000 - 0x00007ffba156b000 	C:\Windows\WinSxS\amd64_microsoft.windows.common-controls_6595b64144ccf1df_6.0.9600.17415_none_6240486fecbd8abb\COMCTL32.dll
0x00007ffba45a0000 - 0x00007ffba464a000 	C:\Windows\system32\msvcrt.dll
0x00007ffba5bb0000 - 0x00007ffba5c09000 	C:\Windows\SYSTEM32\sechost.dll
0x00007ffba66c0000 - 0x00007ffba6801000 	C:\Windows\system32\RPCRT4.dll
0x00007ffba5dd0000 - 0x00007ffba5f21000 	C:\Windows\system32\GDI32.dll
0x00007ffba5b70000 - 0x00007ffba5ba6000 	C:\Windows\system32\IMM32.DLL
0x00007ffba4440000 - 0x00007ffba4593000 	C:\Windows\system32\MSCTF.dll
0x0000000050840000 - 0x0000000050912000 	C:\Program Files\Android\Android Studio\jre\jre\bin\msvcr100.dll
0x0000000050920000 - 0x000000005115e000 	C:\Program Files\Android\Android Studio\jre\jre\bin\server\jvm.dll
0x00007ffb9fa70000 - 0x00007ffb9fa79000 	C:\Windows\SYSTEM32\WSOCK32.dll
0x00007ffb99590000 - 0x00007ffb995b2000 	C:\Windows\SYSTEM32\WINMM.dll
0x00007ffb9d120000 - 0x00007ffb9d12a000 	C:\Windows\SYSTEM32\VERSION.dll
0x00007ffba5c10000 - 0x00007ffba5c17000 	C:\Windows\system32\PSAPI.DLL
0x00007ffba6520000 - 0x00007ffba657a000 	C:\Windows\system32\WS2_32.dll
0x00007ffb993e0000 - 0x00007ffb9940a000 	C:\Windows\SYSTEM32\WINMMBASE.dll
0x00007ffba6810000 - 0x00007ffba6819000 	C:\Windows\system32\NSI.dll
0x00007ffba3de0000 - 0x00007ffba3e2f000 	C:\Windows\SYSTEM32\cfgmgr32.dll
0x00007ffba2980000 - 0x00007ffba29a8000 	C:\Windows\SYSTEM32\DEVOBJ.dll
0x00007ffb8a320000 - 0x00007ffb8a32f000 	C:\Program Files\Android\Android Studio\jre\jre\bin\verify.dll
0x00007ffb7f3c0000 - 0x00007ffb7f3e9000 	C:\Program Files\Android\Android Studio\jre\jre\bin\java.dll
0x00007ffb88ef0000 - 0x00007ffb88f06000 	C:\Program Files\Android\Android Studio\jre\jre\bin\zip.dll
0x00007ffba4650000 - 0x00007ffba5b69000 	C:\Windows\system32\SHELL32.dll
0x00007ffba6820000 - 0x00007ffba6a31000 	C:\Windows\SYSTEM32\combase.dll
0x00007ffba4240000 - 0x00007ffba4294000 	C:\Windows\system32\SHLWAPI.dll
0x00007ffba1f40000 - 0x00007ffba1ff2000 	C:\Windows\SYSTEM32\SHCORE.dll
0x00007ffba3b90000 - 0x00007ffba3ba5000 	C:\Windows\SYSTEM32\profapi.dll

VM Arguments:
jvm_args: -Djava.awt.headless=true -Xmx4g -Dfile.encoding=windows-1252 -Duser.country=IN -Duser.language=en -Duser.variant 
java_command: com.android.dx.command.Main --dex --num-threads=4 --multi-dex --output C:\Project\ShopKirana\salespersonApp\Mp Salesperson 2\app\build\intermediates\transforms\dex\debug\folders\1000\8\gson-2.2.4_f9d1beb144e184f5faecc571fc9a4e758761f5a5 C:\Project\ShopKirana\salespersonApp\Mp Salesperson 2\AmitLibs\build\intermediates\bundles\default\libs\gson-2.2.4.jar
java_class_path (initial): C:\Users\User\AppData\Local\Android\Sdk\build-tools\25.0.0\lib\dx.jar
Launcher Type: SUN_STANDARD

Environment Variables:
JAVA_HOME=C:\Program Files\Java\jdk-9.0.4\bin
PATH=C:\Python37\Scripts\;C:\Python37\;C:\ProgramData\Oracle\Java\javapath;C:\Windows\system32;C:\Windows;C:\Windows\System32\Wbem;C:\Windows\System32\WindowsPowerShell\v1.0\;C:\Program Files\Microsoft SQL Server\120\Tools\Binn\;C:\Program Files\Microsoft SQL Server\Client SDK\ODBC\110\Tools\Binn\;C:\Program Files (x86)\Microsoft SQL Server\120\Tools\Binn\;C:\Program Files\Microsoft SQL Server\120\DTS\Binn\;C:\Program Files (x86)\Microsoft SQL Server\120\Tools\Binn\ManagementStudio\;C:\Program Files (x86)\Microsoft SQL Server\120\DTS\Binn\;C:\Program Files\Microsoft SQL Server\130\Tools\Binn\;C:\Program Files\TortoiseSVN\bin;C:\Program Files\dotnet\;C:\Program Files (x86)\VisualSVN\bin;C:\Program Files\Java\jdk-9.0.4\bin;C:\Users\User\AppData\Local\Android\Sdk;C:\Users\User\AppData\Local\Android\Sdk\tools;C:\Users\User\AppData\Local\Android\Sdk\platform-tools;C:\Users\User\AppData\Local\Programs\Git\bin;C:\Program Files\nodejs\;C:\Users\User\AppData\Local\Programs\Git\cmd;C:\Users\User\AppData\Local\Programs\Git\mingw64\bin;C:\Users\User\AppData\Local\Programs\Git\usr\bin;C:\Users\User\AppData\Roaming\npm;C:\Users\User\AppData\Local\Programs\Microsoft VS Code\bin
USERNAME=User
OS=Windows_NT
PROCESSOR_IDENTIFIER=Intel64 Family 6 Model 42 Stepping 7, GenuineIntel



---------------  S Y S T E M  ---------------

OS: Windows 8.1 , 64 bit Build 9600 (6.3.9600.17415)

CPU:total 4 (initial active 4) (4 cores per cpu, 1 threads per core) family 6 model 42 stepping 7, cmov, cx8, fxsr, mmx, sse, sse2, sse3, ssse3, sse4.1, sse4.2, popcnt, avx, aes, clmul, tsc, tscinvbit

Memory: 4k page, physical 8266800k(1031476k free), swap 11412528k(5496k free)

vm_info: OpenJDK 64-Bit Server VM (25.152-b01) for windows-amd64 JRE (1.8.0_152-release-915-b01), built by "builder" with MS VC++ 10.0 (VS2010)

time: Thu Nov 01 16:09:11 2018
elapsed time: 4 seconds (0d 0h 0m 4s)

